{"total": {"lines":{"total":2414,"covered":1764,"skipped":0,"pct":73.07},"statements":{"total":2414,"covered":1764,"skipped":0,"pct":73.07},"functions":{"total":74,"covered":56,"skipped":0,"pct":75.67},"branches":{"total":1073,"covered":835,"skipped":0,"pct":77.81},"branchesTrue":{"total":0,"covered":0,"skipped":0,"pct":"Unknown"}}
,"C:\\Users\\Erdem Mert Yolcu\\Desktop\\bist-terminal-project\\src\\utils\\SMC_Logic_Engine.js": {"lines":{"total":246,"covered":134,"skipped":0,"pct":54.47},"functions":{"total":13,"covered":6,"skipped":0,"pct":46.15},"statements":{"total":246,"covered":134,"skipped":0,"pct":54.47},"branches":{"total":64,"covered":43,"skipped":0,"pct":67.18}}
,"C:\\Users\\Erdem Mert Yolcu\\Desktop\\bist-terminal-project\\src\\utils\\backtestEngine.js": {"lines":{"total":177,"covered":161,"skipped":0,"pct":90.96},"functions":{"total":2,"covered":2,"skipped":0,"pct":100},"statements":{"total":177,"covered":161,"skipped":0,"pct":90.96},"branches":{"total":98,"covered":84,"skipped":0,"pct":85.71}}
,"C:\\Users\\Erdem Mert Yolcu\\Desktop\\bist-terminal-project\\src\\utils\\errorLogger.js": {"lines":{"total":72,"covered":70,"skipped":0,"pct":97.22},"functions":{"total":5,"covered":5,"skipped":0,"pct":100},"statements":{"total":72,"covered":70,"skipped":0,"pct":97.22},"branches":{"total":36,"covered":30,"skipped":0,"pct":83.33}}
,"C:\\Users\\Erdem Mert Yolcu\\Desktop\\bist-terminal-project\\src\\utils\\fundamentalEngine.js": {"lines":{"total":173,"covered":147,"skipped":0,"pct":84.97},"functions":{"total":5,"covered":4,"skipped":0,"pct":80},"statements":{"total":173,"covered":147,"skipped":0,"pct":84.97},"branches":{"total":132,"covered":117,"skipped":0,"pct":88.63}}
,"C:\\Users\\Erdem Mert Yolcu\\Desktop\\bist-terminal-project\\src\\utils\\indicators.js": {"lines":{"total":585,"covered":554,"skipped":0,"pct":94.7},"functions":{"total":28,"covered":28,"skipped":0,"pct":100},"statements":{"total":585,"covered":554,"skipped":0,"pct":94.7},"branches":{"total":331,"covered":268,"skipped":0,"pct":80.96}}
,"C:\\Users\\Erdem Mert Yolcu\\Desktop\\bist-terminal-project\\src\\utils\\monteCarlo.js": {"lines":{"total":131,"covered":104,"skipped":0,"pct":79.38},"functions":{"total":7,"covered":4,"skipped":0,"pct":57.14},"statements":{"total":131,"covered":104,"skipped":0,"pct":79.38},"branches":{"total":25,"covered":21,"skipped":0,"pct":84}}
,"C:\\Users\\Erdem Mert Yolcu\\Desktop\\bist-terminal-project\\src\\utils\\sanitize.js": {"lines":{"total":64,"covered":60,"skipped":0,"pct":93.75},"functions":{"total":4,"covered":4,"skipped":0,"pct":100},"statements":{"total":64,"covered":60,"skipped":0,"pct":93.75},"branches":{"total":12,"covered":9,"skipped":0,"pct":75}}
,"C:\\Users\\Erdem Mert Yolcu\\Desktop\\bist-terminal-project\\src\\utils\\signals.js": {"lines":{"total":966,"covered":534,"skipped":0,"pct":55.27},"functions":{"total":10,"covered":3,"skipped":0,"pct":30},"statements":{"total":966,"covered":534,"skipped":0,"pct":55.27},"branches":{"total":375,"covered":263,"skipped":0,"pct":70.13}}
}
