{"total": {"lines":{"total":3437,"covered":2902,"skipped":0,"pct":84.43},"statements":{"total":3437,"covered":2902,"skipped":0,"pct":84.43},"functions":{"total":84,"covered":70,"skipped":0,"pct":83.33},"branches":{"total":1532,"covered":1298,"skipped":0,"pct":84.72},"branchesTrue":{"total":0,"covered":0,"skipped":0,"pct":"Unknown"}}
,"C:\\Users\\Erdem Mert Yolcu\\Desktop\\bist-terminal-project\\.claude\\worktrees\\happy-blackburn-b17321\\src\\utils\\SMC_Logic_Engine.js": {"lines":{"total":276,"covered":155,"skipped":0,"pct":56.15},"functions":{"total":13,"covered":6,"skipped":0,"pct":46.15},"statements":{"total":276,"covered":155,"skipped":0,"pct":56.15},"branches":{"total":64,"covered":43,"skipped":0,"pct":67.18}}
,"C:\\Users\\Erdem Mert Yolcu\\Desktop\\bist-terminal-project\\.claude\\worktrees\\happy-blackburn-b17321\\src\\utils\\backtestEngine.js": {"lines":{"total":191,"covered":191,"skipped":0,"pct":100},"functions":{"total":2,"covered":2,"skipped":0,"pct":100},"statements":{"total":191,"covered":191,"skipped":0,"pct":100},"branches":{"total":100,"covered":91,"skipped":0,"pct":91}}
,"C:\\Users\\Erdem Mert Yolcu\\Desktop\\bist-terminal-project\\.claude\\worktrees\\happy-blackburn-b17321\\src\\utils\\errorLogger.js": {"lines":{"total":81,"covered":79,"skipped":0,"pct":97.53},"functions":{"total":5,"covered":5,"skipped":0,"pct":100},"statements":{"total":81,"covered":79,"skipped":0,"pct":97.53},"branches":{"total":36,"covered":30,"skipped":0,"pct":83.33}}
,"C:\\Users\\Erdem Mert Yolcu\\Desktop\\bist-terminal-project\\.claude\\worktrees\\happy-blackburn-b17321\\src\\utils\\fundamentalEngine.js": {"lines":{"total":198,"covered":172,"skipped":0,"pct":86.86},"functions":{"total":5,"covered":4,"skipped":0,"pct":80},"statements":{"total":198,"covered":172,"skipped":0,"pct":86.86},"branches":{"total":135,"covered":120,"skipped":0,"pct":88.88}}
,"C:\\Users\\Erdem Mert Yolcu\\Desktop\\bist-terminal-project\\.claude\\worktrees\\happy-blackburn-b17321\\src\\utils\\indicators.js": {"lines":{"total":1028,"covered":1003,"skipped":0,"pct":97.56},"functions":{"total":35,"covered":35,"skipped":0,"pct":100},"statements":{"total":1028,"covered":1003,"skipped":0,"pct":97.56},"branches":{"total":550,"covered":491,"skipped":0,"pct":89.27}}
,"C:\\Users\\Erdem Mert Yolcu\\Desktop\\bist-terminal-project\\.claude\\worktrees\\happy-blackburn-b17321\\src\\utils\\monteCarlo.js": {"lines":{"total":145,"covered":118,"skipped":0,"pct":81.37},"functions":{"total":7,"covered":4,"skipped":0,"pct":57.14},"statements":{"total":145,"covered":118,"skipped":0,"pct":81.37},"branches":{"total":25,"covered":21,"skipped":0,"pct":84}}
,"C:\\Users\\Erdem Mert Yolcu\\Desktop\\bist-terminal-project\\.claude\\worktrees\\happy-blackburn-b17321\\src\\utils\\sanitize.js": {"lines":{"total":71,"covered":67,"skipped":0,"pct":94.36},"functions":{"total":4,"covered":4,"skipped":0,"pct":100},"statements":{"total":71,"covered":67,"skipped":0,"pct":94.36},"branches":{"total":12,"covered":9,"skipped":0,"pct":75}}
,"C:\\Users\\Erdem Mert Yolcu\\Desktop\\bist-terminal-project\\.claude\\worktrees\\happy-blackburn-b17321\\src\\utils\\signals.js": {"lines":{"total":1447,"covered":1117,"skipped":0,"pct":77.19},"functions":{"total":13,"covered":10,"skipped":0,"pct":76.92},"statements":{"total":1447,"covered":1117,"skipped":0,"pct":77.19},"branches":{"total":610,"covered":493,"skipped":0,"pct":80.81}}
}
