TN:
SF:src\utils\SMC_Logic_Engine.js
FN:12,_last
FN:14,_avg
FN:21,_pivots
FN:39,SMCEngine
FN:50,getState
FN:52,_fallback
FN:56,findBOS
FN:85,identifyOB
FN:119,checkLiquidity
FN:152,findFVG
FN:206,validateSignal
FN:231,analyze
FN:273,reset
FNF:13
FNH:6
FNDA:2,_last
FNDA:2,_avg
FNDA:2,_pivots
FNDA:5,SMCEngine
FNDA:0,getState
FNDA:0,_fallback
FNDA:5,findBOS
FNDA:0,identifyOB
FNDA:0,checkLiquidity
FNDA:2,findFVG
FNDA:0,validateSignal
FNDA:0,analyze
FNDA:0,reset
DA:1,1
DA:2,1
DA:4,1
DA:5,1
DA:6,1
DA:7,1
DA:8,1
DA:9,1
DA:10,1
DA:12,2
DA:14,2
DA:15,2
DA:16,2
DA:17,2
DA:18,2
DA:19,2
DA:21,2
DA:22,2
DA:23,2
DA:24,20
DA:25,20
DA:26,20
DA:27,91
DA:28,91
DA:29,91
DA:30,91
DA:31,91
DA:32,20
DA:33,20
DA:34,20
DA:35,2
DA:36,2
DA:38,1
DA:39,1
DA:40,5
DA:41,5
DA:42,5
DA:43,5
DA:44,5
DA:45,5
DA:46,5
DA:47,5
DA:49,1
DA:50,1
DA:52,1
DA:54,1
DA:55,1
DA:56,1
DA:57,5
DA:58,2
DA:59,5
DA:61,2
DA:62,2
DA:63,2
DA:64,5
DA:65,5
DA:66,5
DA:68,5
DA:69,5
DA:70,5
DA:71,5
DA:73,5
DA:74,1
DA:75,1
DA:76,5
DA:77,1
DA:78,1
DA:79,0
DA:80,5
DA:82,1
DA:83,1
DA:84,1
DA:85,1
DA:86,0
DA:87,0
DA:88,0
DA:89,0
DA:90,0
DA:91,0
DA:93,0
DA:94,0
DA:95,0
DA:96,0
DA:97,0
DA:98,0
DA:99,0
DA:100,0
DA:101,0
DA:102,0
DA:103,0
DA:104,0
DA:105,0
DA:106,0
DA:107,0
DA:108,0
DA:109,0
DA:110,0
DA:111,0
DA:112,0
DA:113,0
DA:114,0
DA:116,1
DA:117,1
DA:118,1
DA:119,1
DA:120,0
DA:121,0
DA:122,0
DA:124,0
DA:125,0
DA:126,0
DA:127,0
DA:128,0
DA:129,0
DA:130,0
DA:131,0
DA:132,0
DA:133,0
DA:134,0
DA:135,0
DA:137,0
DA:138,0
DA:139,0
DA:140,0
DA:141,0
DA:142,0
DA:143,0
DA:144,0
DA:145,0
DA:146,0
DA:148,1
DA:149,1
DA:150,1
DA:151,1
DA:152,1
DA:153,2
DA:154,2
DA:155,2
DA:157,2
DA:158,6
DA:159,6
DA:160,6
DA:162,6
DA:163,6
DA:164,2
DA:165,2
DA:166,2
DA:167,2
DA:168,4
DA:169,4
DA:170,1
DA:171,1
DA:172,1
DA:173,1
DA:174,6
DA:176,2
DA:177,2
DA:178,2
DA:179,3
DA:180,3
DA:181,3
DA:182,3
DA:183,3
DA:184,3
DA:185,3
DA:186,1
DA:187,1
DA:188,3
DA:189,3
DA:190,3
DA:191,3
DA:192,0
DA:193,3
DA:194,1
DA:195,1
DA:196,1
DA:197,1
DA:198,3
DA:199,3
DA:201,2
DA:202,2
DA:203,2
DA:205,1
DA:206,1
DA:207,0
DA:208,0
DA:209,0
DA:210,0
DA:211,0
DA:213,0
DA:214,0
DA:215,0
DA:216,0
DA:217,0
DA:218,0
DA:219,0
DA:221,0
DA:222,0
DA:223,0
DA:224,0
DA:225,0
DA:226,0
DA:227,0
DA:229,1
DA:230,1
DA:231,1
DA:232,0
DA:234,0
DA:235,0
DA:236,0
DA:237,0
DA:238,0
DA:239,0
DA:240,0
DA:241,0
DA:242,0
DA:244,0
DA:245,0
DA:246,0
DA:247,0
DA:248,0
DA:249,0
DA:250,0
DA:251,0
DA:252,0
DA:253,0
DA:255,0
DA:256,0
DA:257,0
DA:258,0
DA:260,0
DA:261,0
DA:262,0
DA:263,0
DA:264,0
DA:265,0
DA:266,0
DA:267,0
DA:268,0
DA:269,0
DA:270,0
DA:271,0
DA:273,1
DA:274,0
DA:275,0
DA:276,1
LF:246
LH:134
BRDA:12,0,0,2
BRDA:12,1,0,0
BRDA:14,2,0,2
BRDA:15,3,0,0
BRDA:17,4,0,32
BRDA:21,5,0,2
BRDA:23,6,0,20
BRDA:26,7,0,91
BRDA:27,8,0,15
BRDA:27,9,0,76
BRDA:28,10,0,41
BRDA:28,11,0,76
BRDA:29,12,0,39
BRDA:29,13,0,76
BRDA:30,14,0,48
BRDA:30,15,0,18
BRDA:32,16,0,1
BRDA:33,17,0,1
BRDA:39,18,0,5
BRDA:56,19,0,5
BRDA:57,20,0,4
BRDA:57,21,0,4
BRDA:57,22,0,3
BRDA:57,23,0,2
BRDA:59,24,0,1
BRDA:59,25,0,0
BRDA:59,26,0,2
BRDA:64,27,0,0
BRDA:65,28,0,0
BRDA:66,29,0,2
BRDA:73,30,0,1
BRDA:73,31,0,1
BRDA:76,32,0,1
BRDA:78,33,0,0
BRDA:62,34,0,32
BRDA:63,35,0,32
BRDA:63,36,0,0
BRDA:69,37,0,1
BRDA:70,38,0,1
BRDA:152,39,0,2
BRDA:153,40,0,0
BRDA:157,41,0,6
BRDA:159,42,0,0
BRDA:160,43,0,0
BRDA:163,44,0,2
BRDA:165,45,0,0
BRDA:166,46,0,0
BRDA:166,47,0,0
BRDA:167,48,0,4
BRDA:169,49,0,1
BRDA:171,50,0,0
BRDA:172,51,0,0
BRDA:172,52,0,0
BRDA:178,53,0,3
BRDA:181,54,0,0
BRDA:185,55,0,2
BRDA:185,56,0,1
BRDA:190,57,0,1
BRDA:190,58,0,0
BRDA:191,59,0,0
BRDA:193,60,0,1
BRDA:195,61,0,0
BRDA:195,62,0,0
BRDA:202,63,0,3
BRF:64
BRH:43
end_of_record
TN:
SF:src\utils\backtestEngine.js
FN:7,runBacktest
FN:96,calcBacktestStats
FNF:2
FNH:2
FNDA:6,runBacktest
FNDA:6,calcBacktestStats
DA:1,1
DA:4,1
DA:5,1
DA:7,1
DA:8,6
DA:9,6
DA:10,6
DA:11,6
DA:12,6
DA:14,6
DA:15,595
DA:16,595
DA:17,595
DA:18,595
DA:19,595
DA:20,595
DA:22,595
DA:23,228
DA:24,228
DA:25,228
DA:26,99
DA:27,99
DA:28,228
DA:29,228
DA:30,228
DA:31,228
DA:32,14
DA:33,14
DA:34,14
DA:35,14
DA:36,228
DA:37,34
DA:38,34
DA:39,34
DA:40,34
DA:41,214
DA:42,0
DA:43,0
DA:44,0
DA:45,0
DA:46,0
DA:47,595
DA:48,367
DA:49,367
DA:50,44
DA:51,367
DA:52,130
DA:53,130
DA:54,323
DA:55,100
DA:56,100
DA:57,100
DA:58,100
DA:59,100
DA:60,193
DA:61,93
DA:62,93
DA:63,93
DA:64,93
DA:65,93
DA:66,93
DA:67,367
DA:68,48
DA:69,48
DA:70,48
DA:71,48
DA:72,48
DA:73,48
DA:74,48
DA:75,48
DA:76,48
DA:77,367
DA:78,595
DA:80,6
DA:81,0
DA:82,0
DA:83,0
DA:84,0
DA:85,0
DA:86,0
DA:87,0
DA:88,0
DA:89,0
DA:90,0
DA:91,0
DA:93,6
DA:94,6
DA:96,1
DA:97,6
DA:98,6
DA:99,6
DA:100,6
DA:101,6
DA:102,6
DA:103,6
DA:104,6
DA:105,6
DA:107,6
DA:108,6
DA:109,6
DA:110,6
DA:111,6
DA:112,6
DA:114,6
DA:115,34
DA:116,34
DA:117,34
DA:118,17
DA:119,17
DA:120,10
DA:121,10
DA:122,10
DA:123,10
DA:124,17
DA:125,17
DA:126,15
DA:127,15
DA:128,15
DA:129,17
DA:130,17
DA:131,34
DA:132,34
DA:133,34
DA:134,6
DA:136,6
DA:137,6
DA:138,6
DA:139,6
DA:140,6
DA:141,6
DA:142,6
DA:143,6
DA:144,6
DA:145,6
DA:146,6
DA:147,6
DA:148,6
DA:149,6
DA:150,6
DA:151,6
DA:152,6
DA:153,6
DA:155,6
DA:156,6
DA:157,6
DA:158,6
DA:159,6
DA:160,34
DA:161,18
DA:162,18
DA:163,18
DA:164,34
DA:165,16
DA:166,16
DA:167,16
DA:168,16
DA:169,34
DA:170,6
DA:172,6
DA:173,6
DA:174,1
DA:175,1
DA:176,6
DA:177,3
DA:178,3
DA:179,5
DA:180,2
DA:181,2
DA:182,2
DA:184,6
DA:185,6
DA:186,6
DA:187,6
DA:188,6
DA:189,6
DA:190,6
DA:191,6
LF:177
LH:161
BRDA:7,0,0,6
BRDA:9,1,0,1
BRDA:9,2,0,5
BRDA:9,3,0,1
BRDA:9,4,0,4
BRDA:10,5,0,1
BRDA:10,6,0,5
BRDA:10,7,0,1
BRDA:10,8,0,4
BRDA:14,9,0,595
BRDA:16,10,0,0
BRDA:22,11,0,228
BRDA:25,12,0,224
BRDA:25,13,0,129
BRDA:25,14,0,99
BRDA:31,15,0,14
BRDA:36,16,0,214
BRDA:36,17,0,34
BRDA:41,18,0,180
BRDA:41,19,0,0
BRDA:47,20,0,367
BRDA:49,21,0,44
BRDA:51,22,0,323
BRDA:51,23,0,130
BRDA:53,24,0,0
BRDA:53,25,0,0
BRDA:53,26,0,0
BRDA:54,27,0,193
BRDA:54,28,0,100
BRDA:57,29,0,0
BRDA:58,30,0,0
BRDA:59,31,0,47
BRDA:60,32,0,93
BRDA:63,33,0,0
BRDA:64,34,0,0
BRDA:65,35,0,89
BRDA:67,36,0,48
BRDA:70,37,0,0
BRDA:71,38,0,0
BRDA:73,39,0,5
BRDA:80,40,0,0
BRDA:96,41,0,6
BRDA:100,42,0,5
BRDA:100,43,0,1
BRDA:102,44,0,5
BRDA:102,45,0,1
BRDA:103,46,0,5
BRDA:103,47,0,1
BRDA:104,48,0,5
BRDA:104,49,0,0
BRDA:104,50,0,1
BRDA:105,51,0,5
BRDA:105,52,0,1
BRDA:114,53,0,34
BRDA:117,54,0,17
BRDA:119,55,0,10
BRDA:125,56,0,15
BRDA:129,57,0,0
BRDA:132,58,0,7
BRDA:134,59,0,5
BRDA:138,60,0,5
BRDA:138,61,0,1
BRDA:140,62,0,5
BRDA:141,63,0,1
BRDA:142,64,0,5
BRDA:142,65,0,1
BRDA:147,66,0,5
BRDA:147,67,0,1
BRDA:150,68,0,5
BRDA:151,69,0,1
BRDA:152,70,0,5
BRDA:152,71,0,1
BRDA:153,72,0,5
BRDA:153,73,0,1
BRDA:159,74,0,34
BRDA:160,75,0,18
BRDA:164,76,0,16
BRDA:170,77,0,5
BRDA:170,78,0,1
BRDA:173,79,0,2
BRDA:173,80,0,1
BRDA:173,81,0,1
BRDA:176,82,0,5
BRDA:176,83,0,4
BRDA:176,84,0,3
BRDA:179,85,0,2
BRDA:97,86,0,34
BRDA:98,87,0,34
BRDA:99,88,0,34
BRDA:101,89,0,34
BRDA:102,90,0,18
BRDA:103,91,0,16
BRDA:137,92,0,34
BRDA:138,93,0,34
BRDA:140,94,0,34
BRDA:142,95,0,34
BRDA:148,96,0,34
BRDA:150,97,0,16
BRF:98
BRH:84
end_of_record
TN:
SF:src\utils\errorLogger.js
FN:20,_dedupeOK
FN:32,_surface
FN:54,logError
FN:72,safeAsync
FN:78,safeSync
FNF:5
FNH:5
FNDA:9,_dedupeOK
FNDA:6,_surface
FNDA:9,logError
FNDA:2,safeAsync
FNDA:1,safeSync
DA:1,1
DA:2,1
DA:3,1
DA:4,1
DA:5,1
DA:6,1
DA:7,1
DA:8,1
DA:9,1
DA:10,1
DA:11,1
DA:12,1
DA:13,1
DA:14,1
DA:15,1
DA:17,1
DA:18,1
DA:20,9
DA:21,9
DA:22,9
DA:23,9
DA:24,7
DA:25,7
DA:26,9
DA:27,0
DA:28,0
DA:29,7
DA:30,7
DA:32,6
DA:33,6
DA:34,3
DA:35,3
DA:36,3
DA:37,6
DA:38,6
DA:39,6
DA:40,6
DA:41,6
DA:42,6
DA:43,6
DA:44,6
DA:45,6
DA:47,1
DA:48,1
DA:49,1
DA:50,1
DA:51,1
DA:52,1
DA:53,1
DA:54,1
DA:55,9
DA:56,9
DA:57,9
DA:59,9
DA:60,9
DA:61,9
DA:63,9
DA:64,8
DA:65,5
DA:67,9
DA:68,9
DA:69,9
DA:71,1
DA:72,1
DA:73,2
DA:74,2
DA:75,2
DA:77,1
DA:78,1
DA:79,1
DA:80,1
DA:81,1
LF:72
LH:70
BRDA:20,0,0,9
BRDA:22,1,0,7
BRDA:23,2,0,2
BRDA:23,3,0,7
BRDA:26,4,0,0
BRDA:28,5,0,7
BRDA:32,6,0,6
BRDA:33,7,0,3
BRDA:37,8,0,1
BRDA:37,9,0,2
BRDA:40,10,0,3
BRDA:44,11,0,0
BRDA:54,12,0,9
BRDA:55,13,0,0
BRDA:56,14,0,4
BRDA:56,15,0,3
BRDA:56,16,0,6
BRDA:56,17,0,1
BRDA:56,18,0,5
BRDA:57,19,0,4
BRDA:57,20,0,5
BRDA:63,21,0,1
BRDA:63,22,0,0
BRDA:63,23,0,8
BRDA:64,24,0,5
BRDA:64,25,0,3
BRDA:64,26,0,5
BRDA:65,27,0,3
BRDA:67,28,0,1
BRDA:67,29,0,8
BRDA:68,30,0,6
BRDA:72,31,0,2
BRDA:74,32,0,1
BRDA:74,33,0,0
BRDA:78,34,0,1
BRDA:80,35,0,0
BRF:36
BRH:30
end_of_record
TN:
SF:src\utils\fundamentalEngine.js
FN:10,num
FN:21,analyzeDetailedFinancials
FN:124,getFundamentalGrade
FN:137,analyzeComprehensiveFinancials
FN:177,scoreQuickFromYahoo
FNF:5
FNH:4
FNDA:111,num
FNDA:10,analyzeDetailedFinancials
FNDA:12,getFundamentalGrade
FNDA:5,analyzeComprehensiveFinancials
FNDA:0,scoreQuickFromYahoo
DA:1,1
DA:2,1
DA:3,1
DA:4,1
DA:5,1
DA:6,1
DA:7,1
DA:8,1
DA:10,1
DA:11,111
DA:12,36
DA:13,111
DA:14,111
DA:16,1
DA:17,1
DA:18,1
DA:19,1
DA:20,1
DA:21,1
DA:22,10
DA:24,9
DA:25,10
DA:26,10
DA:27,10
DA:28,10
DA:29,10
DA:30,10
DA:31,10
DA:32,10
DA:33,10
DA:35,10
DA:36,10
DA:37,10
DA:38,10
DA:40,10
DA:41,10
DA:42,10
DA:44,10
DA:45,10
DA:46,10
DA:48,10
DA:49,10
DA:50,10
DA:51,10
DA:52,2
DA:53,2
DA:54,1
DA:55,0
DA:56,0
DA:57,2
DA:59,9
DA:60,9
DA:61,9
DA:63,10
DA:64,2
DA:65,1
DA:66,0
DA:67,0
DA:68,2
DA:70,10
DA:71,2
DA:72,1
DA:73,1
DA:74,2
DA:76,10
DA:77,5
DA:78,4
DA:79,5
DA:81,10
DA:82,5
DA:83,4
DA:84,1
DA:85,1
DA:86,5
DA:88,10
DA:89,1
DA:90,1
DA:91,1
DA:93,10
DA:94,2
DA:95,1
DA:96,1
DA:97,2
DA:99,10
DA:100,1
DA:101,1
DA:102,1
DA:104,10
DA:105,8
DA:106,7
DA:108,9
DA:110,9
DA:111,9
DA:112,9
DA:113,9
DA:114,9
DA:115,9
DA:116,9
DA:117,9
DA:118,9
DA:119,9
DA:121,1
DA:122,1
DA:123,1
DA:124,1
DA:125,12
DA:126,12
DA:127,12
DA:128,12
DA:129,12
DA:130,12
DA:131,1
DA:132,1
DA:134,1
DA:135,1
DA:136,1
DA:137,1
DA:138,5
DA:139,5
DA:140,5
DA:142,5
DA:144,5
DA:145,5
DA:146,5
DA:147,5
DA:148,5
DA:149,5
DA:150,5
DA:151,5
DA:152,5
DA:154,5
DA:155,5
DA:156,5
DA:158,5
DA:159,5
DA:160,5
DA:161,5
DA:162,5
DA:163,5
DA:164,5
DA:165,5
DA:166,5
DA:167,5
DA:168,5
DA:169,5
DA:170,5
DA:171,5
DA:172,5
DA:173,5
DA:174,5
DA:175,5
DA:177,0
DA:178,0
DA:179,0
DA:180,0
DA:181,0
DA:182,0
DA:183,0
DA:184,0
DA:185,0
DA:186,0
DA:187,0
DA:188,0
DA:189,0
DA:190,0
DA:191,0
DA:192,0
DA:193,0
DA:194,0
DA:195,0
DA:196,0
DA:197,0
DA:198,0
LF:173
LH:147
BRDA:10,0,0,111
BRDA:11,1,0,75
BRDA:11,2,0,36
BRDA:13,3,0,0
BRDA:21,4,0,10
BRDA:22,5,0,9
BRDA:22,6,0,1
BRDA:22,7,0,9
BRDA:25,8,0,5
BRDA:25,9,0,5
BRDA:26,10,0,8
BRDA:27,11,0,7
BRDA:27,12,0,7
BRDA:28,13,0,5
BRDA:29,14,0,5
BRDA:29,15,0,5
BRDA:30,16,0,8
BRDA:31,17,0,7
BRDA:32,18,0,8
BRDA:33,19,0,8
BRDA:36,20,0,5
BRDA:36,21,0,2
BRDA:36,22,0,7
BRDA:37,23,0,5
BRDA:37,24,0,2
BRDA:37,25,0,7
BRDA:38,26,0,5
BRDA:38,27,0,5
BRDA:38,28,0,4
BRDA:41,29,0,5
BRDA:41,30,0,5
BRDA:41,31,0,5
BRDA:41,32,0,4
BRDA:42,33,0,1
BRDA:42,34,0,1
BRDA:42,35,0,1
BRDA:42,36,0,8
BRDA:45,37,0,5
BRDA:45,38,0,2
BRDA:45,39,0,2
BRDA:45,40,0,7
BRDA:46,41,0,1
BRDA:46,42,0,1
BRDA:46,43,0,1
BRDA:46,44,0,8
BRDA:50,45,0,2
BRDA:50,46,0,7
BRDA:51,47,0,2
BRDA:51,48,0,2
BRDA:53,49,0,1
BRDA:53,50,0,1
BRDA:54,51,0,0
BRDA:57,52,0,9
BRDA:63,53,0,2
BRDA:64,54,0,1
BRDA:65,55,0,0
BRDA:68,56,0,9
BRDA:70,57,0,2
BRDA:71,58,0,1
BRDA:72,59,0,0
BRDA:74,60,0,9
BRDA:76,61,0,5
BRDA:77,62,0,1
BRDA:77,63,0,4
BRDA:78,64,0,1
BRDA:79,65,0,9
BRDA:81,66,0,5
BRDA:82,67,0,1
BRDA:82,68,0,4
BRDA:83,69,0,3
BRDA:83,70,0,1
BRDA:84,71,0,0
BRDA:86,72,0,9
BRDA:88,73,0,1
BRDA:89,74,0,0
BRDA:90,75,0,0
BRDA:91,76,0,9
BRDA:93,77,0,2
BRDA:94,78,0,1
BRDA:95,79,0,0
BRDA:96,80,0,0
BRDA:97,81,0,9
BRDA:99,82,0,1
BRDA:100,83,0,0
BRDA:101,84,0,0
BRDA:102,85,0,9
BRDA:104,86,0,1
BRDA:104,87,0,8
BRDA:105,88,0,1
BRDA:105,89,0,7
BRDA:106,90,0,0
BRDA:106,91,0,9
BRDA:50,92,0,6
BRDA:124,93,0,12
BRDA:125,94,0,11
BRDA:125,95,0,2
BRDA:125,96,0,10
BRDA:126,97,0,1
BRDA:126,98,0,9
BRDA:127,99,0,1
BRDA:127,100,0,8
BRDA:128,101,0,1
BRDA:128,102,0,7
BRDA:129,103,0,1
BRDA:129,104,0,6
BRDA:130,105,0,5
BRDA:130,106,0,1
BRDA:137,107,0,5
BRDA:140,108,0,2
BRDA:140,109,0,1
BRDA:140,110,0,4
BRDA:142,111,0,3
BRDA:142,112,0,1
BRDA:142,113,0,2
BRDA:142,114,0,1
BRDA:145,115,0,4
BRDA:146,116,0,4
BRDA:146,117,0,3
BRDA:147,118,0,4
BRDA:147,119,0,4
BRDA:148,120,0,4
BRDA:148,121,0,4
BRDA:149,122,0,4
BRDA:149,123,0,2
BRDA:149,124,0,1
BRDA:150,125,0,4
BRDA:151,126,0,2
BRDA:151,127,0,2
BRDA:154,128,0,0
BRDA:155,129,0,0
BRDA:164,130,0,4
BRDA:173,131,0,0
BRF:132
BRH:117
end_of_record
TN:
SF:src\utils\indicators.js
FN:2,calcMA
FN:13,calcEMA
FN:27,calcRSI
FN:47,calcStochRSI
FN:78,calcMACD
FN:94,calcBollinger
FN:109,calcSR
FN:131,calcMFI
FN:145,calcOBV
FN:155,calcOBVTrend
FN:168,calcADL
FN:179,calcVWAP
FN:190,calcATR
FN:210,calcFibonacci
FN:228,calcPivots
FN:236,calcCMF
FN:249,calcADX
FN:294,calcKeltner
FN:318,calcTTMSqueeze
FN:341,calcChandelierExit
FN:364,detectWyckoffPhase
FN:380,calcCandlestickPatterns
FN:423,detectOBVDivergence
FN:476,detectWyckoffSpring
FN:514,detectVolumeClimax
FN:551,detectRSIDivergence
FN:580,detectDIConvergence
FN:588,calcAll
FNF:28
FNH:28
FNDA:3598,calcMA
FNDA:2402,calcEMA
FNDA:1202,calcRSI
FNDA:600,calcStochRSI
FNDA:600,calcMACD
FNDA:1201,calcBollinger
FNDA:601,calcSR
FNDA:600,calcMFI
FNDA:1198,calcOBV
FNDA:1197,calcOBVTrend
FNDA:600,calcADL
FNDA:600,calcVWAP
FNDA:599,calcATR
FNDA:599,calcFibonacci
FNDA:598,calcPivots
FNDA:601,calcCMF
FNDA:600,calcADX
FNDA:601,calcKeltner
FNDA:600,calcTTMSqueeze
FNDA:828,calcChandelierExit
FNDA:600,detectWyckoffPhase
FNDA:600,calcCandlestickPatterns
FNDA:599,detectOBVDivergence
FNDA:599,detectWyckoffSpring
FNDA:599,detectVolumeClimax
FNDA:599,detectRSIDivergence
FNDA:599,detectDIConvergence
FNDA:599,calcAll
DA:1,1
DA:2,1
DA:3,3598
DA:4,3598
DA:5,158961
DA:6,158961
DA:7,158961
DA:8,158961
DA:9,3598
DA:10,3598
DA:12,1
DA:13,1
DA:14,2402
DA:15,2402
DA:16,2402
DA:17,2402
DA:18,2402
DA:19,2342
DA:20,2402
DA:21,2342
DA:22,2402
DA:23,2342
DA:24,2342
DA:26,1
DA:27,1
DA:28,1202
DA:29,1202
DA:30,1201
DA:31,1202
DA:32,16814
DA:33,16814
DA:34,16814
DA:35,1201
DA:36,1202
DA:37,1202
DA:38,89305
DA:39,89305
DA:40,89305
DA:41,89305
DA:42,89305
DA:43,1201
DA:44,1201
DA:46,1
DA:47,1
DA:48,600
DA:49,600
DA:50,600
DA:51,600
DA:52,600
DA:53,37544
DA:54,37544
DA:55,525616
DA:56,525616
DA:57,37544
DA:58,37544
DA:59,600
DA:60,600
DA:61,600
DA:62,53660
DA:63,37544
DA:64,53660
DA:65,53660
DA:66,53660
DA:67,600
DA:68,600
DA:69,53660
DA:70,36395
DA:71,53660
DA:72,53660
DA:73,53660
DA:74,600
DA:75,600
DA:77,1
DA:78,1
DA:79,600
DA:80,600
DA:81,600
DA:82,600
DA:83,600
DA:84,600
DA:85,600
DA:86,600
DA:87,53660
DA:88,53660
DA:89,600
DA:90,600
DA:91,600
DA:93,1
DA:94,1
DA:95,1201
DA:96,1201
DA:97,1201
DA:98,1201
DA:99,84481
DA:100,84481
DA:101,84481
DA:102,84481
DA:103,84481
DA:104,84481
DA:105,1201
DA:106,1201
DA:108,1
DA:109,1
DA:110,601
DA:111,601
DA:112,601
DA:113,601
DA:114,51240
DA:115,51240
DA:116,51240
DA:117,51240
DA:118,51240
DA:119,600
DA:120,600
DA:121,601
DA:122,2065
DA:123,2065
DA:124,2065
DA:125,2065
DA:126,600
DA:127,600
DA:128,600
DA:130,1
DA:131,1
DA:132,600
DA:133,600
DA:134,600
DA:135,8400
DA:136,8400
DA:137,8400
DA:138,8400
DA:139,8400
DA:140,600
DA:141,369
DA:142,369
DA:144,1
DA:145,1
DA:146,1198
DA:147,1198
DA:148,105942
DA:149,31889
DA:150,0
DA:151,105942
DA:152,1198
DA:153,1198
DA:155,1
DA:156,1197
DA:157,1197
DA:158,1197
DA:159,1197
DA:160,1197
DA:161,1197
DA:162,1197
DA:163,1197
DA:164,409
DA:165,409
DA:167,1
DA:168,1
DA:169,600
DA:170,600
DA:171,53630
DA:172,53630
DA:173,53630
DA:174,53630
DA:175,600
DA:176,600
DA:178,1
DA:179,1
DA:180,600
DA:181,600
DA:182,600
DA:183,12000
DA:184,12000
DA:185,12000
DA:186,600
DA:187,600
DA:189,1
DA:190,1
DA:191,599
DA:192,599
DA:193,52912
DA:194,52912
DA:195,52912
DA:196,52912
DA:197,599
DA:198,599
DA:199,599
DA:200,52912
DA:201,52912
DA:202,45138
DA:203,44540
DA:204,45138
DA:205,52912
DA:206,599
DA:207,599
DA:209,1
DA:210,1
DA:211,599
DA:212,599
DA:213,599
DA:214,599
DA:215,33225
DA:216,33225
DA:217,33225
DA:218,599
DA:219,599
DA:220,599
DA:221,599
DA:222,599
DA:223,1
DA:224,598
DA:225,598
DA:227,1
DA:228,1
DA:229,598
DA:230,598
DA:231,598
DA:232,598
DA:233,598
DA:235,1
DA:236,1
DA:237,601
DA:238,600
DA:239,601
DA:240,12000
DA:241,12000
DA:242,12000
DA:243,12000
DA:244,12000
DA:245,601
DA:246,601
DA:248,1
DA:249,1
DA:250,600
DA:251,600
DA:252,600
DA:253,600
DA:254,53050
DA:255,53050
DA:256,53050
DA:257,53050
DA:258,53050
DA:259,53050
DA:260,53050
DA:261,600
DA:262,600
DA:263,600
DA:264,600
DA:265,600
DA:266,44650
DA:267,44050
DA:268,44050
DA:269,44050
DA:270,44050
DA:271,44650
DA:272,44650
DA:273,44650
DA:274,44650
DA:275,44650
DA:276,44650
DA:277,600
DA:278,600
DA:279,600
DA:280,573
DA:281,573
DA:282,573
DA:283,573
DA:284,36385
DA:285,36385
DA:286,573
DA:287,600
DA:288,600
DA:289,600
DA:290,600
DA:291,600
DA:293,1
DA:294,1
DA:295,601
DA:296,601
DA:297,601
DA:298,601
DA:299,601
DA:300,601
DA:301,601
DA:302,601
DA:303,53099
DA:304,53099
DA:305,53099
DA:306,601
DA:307,53700
DA:308,42281
DA:309,53700
DA:310,42281
DA:311,42281
DA:312,42281
DA:313,42281
DA:314,601
DA:315,601
DA:317,1
DA:318,1
DA:319,600
DA:320,600
DA:321,600
DA:322,600
DA:323,600
DA:324,6000
DA:325,5865
DA:326,350
DA:327,350
DA:328,5865
DA:329,6000
DA:330,600
DA:331,600
DA:332,600
DA:333,600
DA:334,600
DA:335,600
DA:336,600
DA:337,600
DA:338,600
DA:340,1
DA:341,1
DA:342,828
DA:343,828
DA:344,815
DA:345,815
DA:346,828
DA:347,815
DA:348,815
DA:349,828
DA:350,815
DA:351,815
DA:352,828
DA:353,18740
DA:354,18740
DA:355,18740
DA:356,815
DA:357,815
DA:358,828
DA:359,828
DA:360,828
DA:361,828
DA:363,1
DA:364,1
DA:365,600
DA:366,570
DA:367,600
DA:368,600
DA:370,600
DA:371,600
DA:372,600
DA:373,600
DA:374,600
DA:375,600
DA:376,561
DA:377,561
DA:379,1
DA:380,1
DA:381,600
DA:382,600
DA:383,600
DA:384,600
DA:385,600
DA:386,600
DA:387,600
DA:388,600
DA:389,600
DA:390,600
DA:391,600
DA:392,600
DA:394,600
DA:395,600
DA:396,0
DA:397,0
DA:398,600
DA:399,600
DA:400,0
DA:401,0
DA:402,600
DA:403,600
DA:404,0
DA:405,0
DA:406,600
DA:407,600
DA:408,0
DA:409,0
DA:410,600
DA:411,600
DA:412,0
DA:413,0
DA:414,600
DA:415,600
DA:416,0
DA:417,0
DA:419,600
DA:420,600
DA:422,1
DA:423,1
DA:424,599
DA:425,599
DA:426,599
DA:427,599
DA:429,599
DA:430,599
DA:431,599
DA:432,599
DA:433,599
DA:435,599
DA:436,599
DA:437,599
DA:438,599
DA:440,599
DA:441,599
DA:442,599
DA:444,599
DA:445,599
DA:446,599
DA:447,4792
DA:448,4792
DA:449,4792
DA:450,599
DA:451,599
DA:452,4193
DA:453,4193
DA:454,4193
DA:456,599
DA:457,599
DA:459,599
DA:460,599
DA:462,599
DA:463,599
DA:465,599
DA:466,599
DA:468,599
DA:469,599
DA:470,599
DA:472,599
DA:473,599
DA:475,1
DA:476,1
DA:477,599
DA:478,599
DA:479,599
DA:480,599
DA:482,574
DA:483,574
DA:484,599
DA:486,599
DA:487,599
DA:488,599
DA:490,599
DA:491,599
DA:492,940
DA:493,940
DA:494,940
DA:495,0
DA:496,0
DA:497,940
DA:499,574
DA:500,595
DA:501,354
DA:502,354
DA:503,354
DA:504,354
DA:505,354
DA:506,0
DA:507,0
DA:508,354
DA:510,574
DA:511,574
DA:513,1
DA:514,1
DA:515,599
DA:516,599
DA:518,593
DA:519,593
DA:520,599
DA:521,593
DA:523,593
DA:524,593
DA:525,599
DA:527,599
DA:528,599
DA:529,0
DA:530,0
DA:531,0
DA:532,0
DA:533,0
DA:534,0
DA:535,0
DA:536,0
DA:537,0
DA:539,593
DA:540,599
DA:541,0
DA:542,0
DA:543,0
DA:544,0
DA:545,0
DA:547,593
DA:548,593
DA:550,1
DA:551,1
DA:552,599
DA:553,599
DA:555,584
DA:557,584
DA:558,584
DA:559,584
DA:561,599
DA:562,5840
DA:563,5840
DA:564,5840
DA:565,599
DA:566,5840
DA:567,5840
DA:568,5840
DA:570,584
DA:571,599
DA:573,584
DA:574,599
DA:576,569
DA:577,569
DA:579,1
DA:580,1
DA:581,599
DA:582,599
DA:583,599
DA:584,511
DA:585,511
DA:587,1
DA:588,1
DA:589,599
DA:590,599
DA:591,599
DA:592,599
DA:593,599
DA:594,599
DA:595,599
DA:596,599
DA:597,599
DA:598,599
DA:599,599
DA:600,599
DA:601,599
DA:602,599
DA:603,599
DA:604,599
DA:605,599
DA:606,599
DA:608,599
DA:609,599
DA:610,599
DA:611,599
DA:612,599
DA:613,599
DA:614,599
DA:615,599
DA:616,599
DA:617,599
DA:618,599
DA:619,599
DA:620,599
DA:621,599
DA:623,599
DA:624,599
DA:625,599
DA:626,599
DA:627,599
DA:628,599
DA:629,599
DA:630,599
DA:631,599
DA:632,599
DA:633,599
DA:634,599
DA:636,599
DA:638,599
DA:639,599
DA:640,599
DA:641,599
DA:642,599
DA:643,599
DA:645,599
DA:646,599
LF:585
LH:554
BRDA:2,0,0,3598
BRDA:4,1,0,158961
BRDA:6,2,0,4484059
BRDA:13,3,0,2402
BRDA:17,4,0,2384
BRDA:18,5,0,2384
BRDA:18,6,0,60
BRDA:18,7,0,2342
BRDA:20,8,0,39377
BRDA:20,9,0,2342
BRDA:22,10,0,159841
BRDA:22,11,0,2342
BRDA:27,12,0,1202
BRDA:29,13,0,1
BRDA:29,14,0,1201
BRDA:31,15,0,16814
BRDA:33,16,0,16786
BRDA:33,17,0,16735
BRDA:33,18,0,79
BRDA:34,19,0,1201
BRDA:36,20,0,1195
BRDA:36,21,0,6
BRDA:37,22,0,89305
BRDA:39,23,0,57379
BRDA:39,24,0,31926
BRDA:40,25,0,31926
BRDA:40,26,0,57379
BRDA:41,27,0,12325
BRDA:41,28,0,76980
BRDA:42,29,0,1201
BRDA:47,30,0,600
BRDA:52,31,0,37544
BRDA:54,32,0,525616
BRDA:57,33,0,37092
BRDA:57,34,0,452
BRDA:61,35,0,53660
BRDA:62,36,0,16116
BRDA:62,37,0,37544
BRDA:64,38,0,112632
BRDA:64,39,0,110907
BRDA:64,40,0,37544
BRDA:65,41,0,36395
BRDA:68,42,0,53660
BRDA:69,43,0,17265
BRDA:69,44,0,36395
BRDA:71,45,0,109185
BRDA:71,46,0,107478
BRDA:71,47,0,36395
BRDA:72,48,0,35258
BRDA:78,49,0,600
BRDA:86,50,0,53660
BRDA:87,51,0,38705
BRDA:87,52,0,34133
BRDA:87,53,0,4572
BRDA:81,54,0,53660
BRDA:81,55,0,47060
BRDA:81,56,0,38705
BRDA:81,57,0,14955
BRDA:82,58,0,53660
BRDA:89,59,0,53660
BRDA:89,60,0,38705
BRDA:89,61,0,34133
BRDA:89,62,0,19527
BRDA:94,63,0,1201
BRDA:98,64,0,84481
BRDA:100,65,0,1689620
BRDA:109,66,0,601
BRDA:112,67,0,1
BRDA:112,68,0,600
BRDA:113,69,0,51240
BRDA:114,70,0,35638
BRDA:114,71,0,35537
BRDA:114,72,0,1125
BRDA:115,73,0,1125
BRDA:116,74,0,15601
BRDA:116,75,0,15601
BRDA:116,76,0,940
BRDA:117,77,0,940
BRDA:118,78,0,600
BRDA:121,79,0,2065
BRDA:123,80,0,0
BRDA:125,81,0,600
BRDA:119,82,0,2570
BRDA:122,83,0,3460
BRDA:126,84,0,1490
BRDA:131,85,0,600
BRDA:132,86,0,0
BRDA:134,87,0,8400
BRDA:138,88,0,8386
BRDA:138,89,0,5716
BRDA:138,90,0,2684
BRDA:140,91,0,599
BRDA:140,92,0,231
BRDA:140,93,0,369
BRDA:145,94,0,1198
BRDA:147,95,0,105942
BRDA:148,96,0,105504
BRDA:148,97,0,74053
BRDA:148,98,0,31889
BRDA:149,99,0,0
BRDA:155,100,0,1197
BRDA:156,101,0,0
BRDA:159,102,0,6
BRDA:160,103,0,0
BRDA:161,104,0,770
BRDA:161,105,0,0
BRDA:162,106,0,267
BRDA:162,107,0,18
BRDA:162,108,0,1179
BRDA:163,109,0,770
BRDA:163,110,0,1195
BRDA:163,111,0,770
BRDA:163,112,0,409
BRDA:168,113,0,600
BRDA:170,114,0,53630
BRDA:172,115,0,0
BRDA:173,116,0,32637
BRDA:179,117,0,600
BRDA:182,118,0,12000
BRDA:186,119,0,0
BRDA:190,120,0,599
BRDA:192,121,0,52912
BRDA:199,122,0,52912
BRDA:201,123,0,45138
BRDA:202,124,0,598
BRDA:202,125,0,44540
BRDA:206,126,0,598
BRDA:206,127,0,1
BRDA:210,128,0,599
BRDA:214,129,0,33225
BRDA:215,130,0,18577
BRDA:216,131,0,2653
BRDA:220,132,0,598
BRDA:220,133,0,1
BRDA:221,134,0,597
BRDA:221,135,0,1
BRDA:222,136,0,598
BRDA:222,137,0,597
BRDA:222,138,0,1
BRDA:228,139,0,598
BRDA:236,140,0,601
BRDA:237,141,0,1
BRDA:237,142,0,600
BRDA:239,143,0,12000
BRDA:241,144,0,0
BRDA:244,145,0,600
BRDA:245,146,0,0
BRDA:249,147,0,600
BRDA:251,148,0,0
BRDA:253,149,0,53050
BRDA:258,150,0,37076
BRDA:258,151,0,37076
BRDA:258,152,0,15974
BRDA:259,153,0,15974
BRDA:259,154,0,15974
BRDA:259,155,0,37076
BRDA:263,156,0,8400
BRDA:265,157,0,44650
BRDA:266,158,0,44050
BRDA:271,159,0,0
BRDA:272,160,0,0
BRDA:275,161,0,0
BRDA:279,162,0,573
BRDA:281,163,0,8022
BRDA:283,164,0,36385
BRDA:287,165,0,573
BRDA:287,166,0,27
BRDA:288,167,0,0
BRDA:289,168,0,0
BRDA:294,169,0,601
BRDA:302,170,0,53099
BRDA:306,171,0,53700
BRDA:307,172,0,42281
BRDA:307,173,0,11419
BRDA:307,174,0,42281
BRDA:309,175,0,591934
BRDA:309,176,0,42281
BRDA:295,177,0,53700
BRDA:318,178,0,600
BRDA:323,179,0,6000
BRDA:324,180,0,5865
BRDA:324,181,0,5865
BRDA:325,182,0,350
BRDA:325,183,0,350
BRDA:333,184,0,0
BRDA:334,185,0,3
BRDA:319,186,0,53650
BRDA:341,187,0,828
BRDA:343,188,0,13
BRDA:343,189,0,815
BRDA:346,190,0,17930
BRDA:346,191,0,10449
BRDA:346,192,0,815
BRDA:349,193,0,17930
BRDA:349,194,0,4483
BRDA:349,195,0,815
BRDA:352,196,0,18740
BRDA:355,197,0,815
BRDA:358,198,0,17930
BRDA:358,199,0,815
BRDA:359,200,0,0
BRDA:364,201,0,600
BRDA:365,202,0,30
BRDA:365,203,0,570
BRDA:367,204,0,0
BRDA:370,205,0,1
BRDA:370,206,0,0
BRDA:370,207,0,0
BRDA:370,208,0,570
BRDA:371,209,0,1
BRDA:371,210,0,1
BRDA:371,211,0,0
BRDA:371,212,0,570
BRDA:372,213,0,9
BRDA:372,214,0,9
BRDA:372,215,0,9
BRDA:372,216,0,561
BRDA:373,217,0,0
BRDA:373,218,0,0
BRDA:373,219,0,0
BRDA:373,220,0,561
BRDA:374,221,0,284
BRDA:374,222,0,0
BRDA:374,223,0,561
BRDA:375,224,0,34
BRDA:375,225,0,0
BRDA:375,226,0,561
BRDA:380,227,0,600
BRDA:382,228,0,0
BRDA:395,229,0,3
BRDA:395,230,0,0
BRDA:399,231,0,599
BRDA:399,232,0,0
BRDA:403,233,0,598
BRDA:403,234,0,0
BRDA:403,235,0,0
BRDA:403,236,0,0
BRDA:407,237,0,2
BRDA:407,238,0,0
BRDA:407,239,0,0
BRDA:407,240,0,0
BRDA:411,241,0,0
BRDA:411,242,0,0
BRDA:415,243,0,0
BRDA:423,244,0,599
BRDA:427,245,0,0
BRDA:438,246,0,0
BRDA:446,247,0,4792
BRDA:447,248,0,1840
BRDA:448,249,0,3282
BRDA:451,250,0,4193
BRDA:452,251,0,1636
BRDA:453,252,0,2969
BRDA:457,253,0,82
BRDA:457,254,0,0
BRDA:460,255,0,327
BRDA:460,256,0,0
BRDA:463,257,0,342
BRDA:463,258,0,0
BRDA:466,259,0,85
BRDA:466,260,0,0
BRDA:469,261,0,82
BRDA:469,262,0,0
BRDA:470,263,0,357
BRDA:470,264,0,0
BRDA:476,265,0,599
BRDA:480,266,0,25
BRDA:480,267,0,574
BRDA:484,268,0,0
BRDA:491,269,0,595
BRDA:491,270,0,940
BRDA:494,271,0,0
BRDA:494,272,0,0
BRDA:497,273,0,574
BRDA:500,274,0,354
BRDA:502,275,0,0
BRDA:503,276,0,314
BRDA:505,277,0,40
BRDA:505,278,0,0
BRDA:508,279,0,574
BRDA:487,280,0,2064
BRDA:487,281,0,940
BRDA:488,282,0,2064
BRDA:488,283,0,1124
BRDA:514,284,0,599
BRDA:516,285,0,6
BRDA:516,286,0,593
BRDA:520,287,0,11860
BRDA:520,288,0,593
BRDA:525,289,0,0
BRDA:528,290,0,0
BRDA:528,291,0,0
BRDA:537,292,0,593
BRDA:540,293,0,0
BRDA:540,294,0,0
BRDA:545,295,0,593
BRDA:551,296,0,599
BRDA:553,297,0,584
BRDA:553,298,0,15
BRDA:553,299,0,584
BRDA:561,300,0,5840
BRDA:562,301,0,2159
BRDA:562,302,0,47
BRDA:563,303,0,3782
BRDA:563,304,0,137
BRDA:564,305,0,584
BRDA:565,306,0,5840
BRDA:566,307,0,2057
BRDA:566,308,0,20
BRDA:567,309,0,3905
BRDA:567,310,0,2
BRDA:568,311,0,584
BRDA:571,312,0,85
BRDA:571,313,0,0
BRDA:571,314,0,584
BRDA:574,315,0,333
BRDA:574,316,0,15
BRDA:574,317,0,569
BRDA:580,318,0,599
BRDA:581,319,0,0
BRDA:583,320,0,88
BRDA:583,321,0,511
BRDA:588,322,0,599
BRDA:610,323,0,232
BRDA:611,324,0,0
BRDA:611,325,0,0
BRDA:617,326,0,11980
BRDA:619,327,0,0
BRDA:620,328,0,0
BRDA:589,329,0,53600
BRDA:613,330,0,53600
BRF:331
BRH:268
end_of_record
TN:
SF:src\utils\monteCarlo.js
FN:21,runMonteCarlo
FN:65,percentile
FN:106,_ensureWorker
FN:111,_worker.onmessage
FN:119,_worker.onerror
FN:133,runMonteCarloAsync
FN:143,terminateMonteCarloWorker
FNF:7
FNH:4
FNDA:6,runMonteCarlo
FNDA:257,percentile
FNDA:1,_ensureWorker
FNDA:0,_worker.onmessage
FNDA:0,_worker.onerror
FNDA:1,runMonteCarloAsync
FNDA:0,terminateMonteCarloWorker
DA:1,1
DA:2,1
DA:3,1
DA:4,1
DA:5,1
DA:6,1
DA:7,1
DA:8,1
DA:9,1
DA:10,1
DA:11,1
DA:12,1
DA:13,1
DA:14,1
DA:15,1
DA:16,1
DA:17,1
DA:18,1
DA:19,1
DA:20,1
DA:21,1
DA:22,6
DA:23,2
DA:24,2
DA:26,4
DA:27,4
DA:28,4
DA:29,4
DA:30,6
DA:31,356
DA:32,356
DA:33,356
DA:34,6
DA:36,4
DA:37,4
DA:38,4
DA:40,4
DA:41,4
DA:42,4
DA:44,4
DA:45,4
DA:46,4
DA:48,6
DA:50,6
DA:51,450
DA:52,450
DA:53,450
DA:54,6250
DA:55,6250
DA:56,6250
DA:57,6250
DA:58,6250
DA:59,6250
DA:60,6250
DA:61,450
DA:62,450
DA:64,4
DA:65,4
DA:66,257
DA:67,257
DA:68,257
DA:69,4
DA:71,4
DA:72,6
DA:73,49
DA:74,49
DA:75,49
DA:76,49
DA:77,49
DA:78,49
DA:80,4
DA:81,4
DA:82,4
DA:83,4
DA:84,4
DA:85,4
DA:87,4
DA:88,4
DA:89,4
DA:90,4
DA:91,4
DA:92,4
DA:93,4
DA:94,4
DA:95,4
DA:96,4
DA:97,4
DA:98,4
DA:99,4
DA:101,1
DA:102,1
DA:103,1
DA:104,1
DA:106,1
DA:107,1
DA:108,1
DA:109,0
DA:110,0
DA:111,0
DA:112,0
DA:113,0
DA:114,0
DA:115,0
DA:116,0
DA:117,0
DA:118,0
DA:119,0
DA:120,0
DA:121,0
DA:122,0
DA:123,0
DA:124,0
DA:125,0
DA:126,0
DA:127,0
DA:129,1
DA:130,1
DA:131,1
DA:132,1
DA:133,1
DA:134,1
DA:135,1
DA:136,0
DA:137,0
DA:138,0
DA:139,0
DA:140,0
DA:141,0
DA:143,1
DA:144,0
DA:145,0
LF:131
LH:104
BRDA:21,0,0,6
BRDA:22,1,0,5
BRDA:22,2,0,2
BRDA:24,3,0,4
BRDA:30,4,0,356
BRDA:33,5,0,4
BRDA:34,6,0,0
BRDA:34,7,0,4
BRDA:48,8,0,49
BRDA:48,9,0,4
BRDA:50,10,0,450
BRDA:53,11,0,6250
BRDA:62,12,0,4
BRDA:72,13,0,49
BRDA:78,14,0,4
BRDA:36,15,0,356
BRDA:37,16,0,356
BRDA:65,17,0,257
BRDA:66,18,0,195245
BRDA:81,19,0,450
BRDA:106,20,0,1
BRDA:107,21,0,0
BRDA:108,22,0,0
BRDA:133,23,0,1
BRDA:135,24,0,0
BRF:25
BRH:21
end_of_record
TN:
SF:src\utils\sanitize.js
FN:19,escapeEntities
FN:32,sanitizeHTML
FN:53,renderSafeMarkdown
FN:63,sanitizeText
FNF:4
FNH:4
FNDA:3,escapeEntities
FNDA:8,sanitizeHTML
FNDA:3,renderSafeMarkdown
FNDA:2,sanitizeText
DA:1,1
DA:2,1
DA:3,1
DA:4,1
DA:5,1
DA:6,1
DA:7,1
DA:8,1
DA:9,1
DA:10,1
DA:11,1
DA:12,1
DA:16,1
DA:17,1
DA:19,3
DA:20,3
DA:21,3
DA:22,3
DA:23,3
DA:24,3
DA:25,3
DA:26,3
DA:28,1
DA:29,1
DA:30,1
DA:31,1
DA:32,1
DA:33,8
DA:34,6
DA:35,6
DA:36,8
DA:37,6
DA:38,6
DA:39,6
DA:40,6
DA:41,6
DA:42,6
DA:43,6
DA:44,8
DA:45,0
DA:46,0
DA:48,1
DA:49,1
DA:50,1
DA:51,1
DA:52,1
DA:53,1
DA:54,3
DA:55,3
DA:56,3
DA:57,3
DA:58,3
DA:59,3
DA:60,3
DA:62,1
DA:63,1
DA:64,2
DA:65,1
DA:66,2
DA:67,1
DA:68,1
DA:69,2
DA:70,0
DA:71,0
LF:64
LH:60
BRDA:19,0,0,3
BRDA:20,1,0,0
BRDA:32,2,0,8
BRDA:33,3,0,2
BRDA:33,4,0,6
BRDA:36,5,0,6
BRDA:44,6,0,0
BRDA:53,7,0,3
BRDA:63,8,0,2
BRDA:64,9,0,1
BRDA:66,10,0,1
BRDA:69,11,0,0
BRF:12
BRH:9
end_of_record
TN:
SF:src\utils\signals.js
FN:9,detectBreakout
FN:47,detectChartPattern
FN:93,detectMomentumShift
FN:121,detectSmartMoney
FN:152,getUnifiedAnalysis
FN:205,detectHolyGrail
FN:220,getEliteConfluence
FN:292,detectSetups
FN:344,genSignal
FN:1060,calcPosition
FNF:10
FNH:3
FNDA:0,detectBreakout
FNDA:0,detectChartPattern
FNDA:0,detectMomentumShift
FNDA:0,detectSmartMoney
FNDA:0,getUnifiedAnalysis
FNDA:0,detectHolyGrail
FNDA:0,getEliteConfluence
FNDA:597,detectSetups
FNDA:597,genSignal
FNDA:3,calcPosition
DA:1,1
DA:5,1
DA:6,1
DA:7,1
DA:9,1
DA:10,0
DA:11,0
DA:12,0
DA:14,0
DA:15,0
DA:16,0
DA:17,0
DA:18,0
DA:19,0
DA:20,0
DA:21,0
DA:23,0
DA:24,0
DA:25,0
DA:26,0
DA:27,0
DA:28,0
DA:29,0
DA:30,0
DA:32,0
DA:33,0
DA:34,0
DA:35,0
DA:36,0
DA:37,0
DA:38,0
DA:39,0
DA:40,0
DA:41,0
DA:42,0
DA:44,0
DA:45,0
DA:47,1
DA:48,0
DA:49,0
DA:50,0
DA:52,0
DA:53,0
DA:54,0
DA:55,0
DA:56,0
DA:57,0
DA:58,0
DA:59,0
DA:60,0
DA:61,0
DA:62,0
DA:63,0
DA:64,0
DA:66,0
DA:67,0
DA:68,0
DA:69,0
DA:70,0
DA:71,0
DA:72,0
DA:73,0
DA:74,0
DA:75,0
DA:76,0
DA:77,0
DA:78,0
DA:80,0
DA:81,0
DA:82,0
DA:83,0
DA:84,0
DA:85,0
DA:86,0
DA:87,0
DA:88,0
DA:90,0
DA:91,0
DA:93,1
DA:94,0
DA:95,0
DA:97,0
DA:98,0
DA:99,0
DA:100,0
DA:101,0
DA:102,0
DA:103,0
DA:104,0
DA:105,0
DA:106,0
DA:107,0
DA:108,0
DA:109,0
DA:110,0
DA:112,0
DA:113,0
DA:114,0
DA:115,0
DA:116,0
DA:118,0
DA:119,0
DA:121,1
DA:122,0
DA:123,0
DA:124,0
DA:125,0
DA:126,0
DA:128,0
DA:129,0
DA:131,0
DA:132,0
DA:133,0
DA:135,0
DA:136,0
DA:137,0
DA:138,0
DA:140,0
DA:141,0
DA:143,0
DA:144,0
DA:145,0
DA:147,0
DA:148,0
DA:150,1
DA:151,1
DA:152,1
DA:153,0
DA:154,0
DA:155,0
DA:156,0
DA:158,0
DA:159,0
DA:160,0
DA:161,0
DA:163,0
DA:164,0
DA:166,0
DA:167,0
DA:169,0
DA:170,0
DA:172,0
DA:173,0
DA:175,0
DA:177,0
DA:178,0
DA:180,0
DA:181,0
DA:182,0
DA:183,0
DA:184,0
DA:185,0
DA:186,0
DA:187,0
DA:188,0
DA:189,0
DA:190,0
DA:192,0
DA:193,0
DA:194,0
DA:195,0
DA:196,0
DA:197,0
DA:198,0
DA:199,0
DA:200,0
DA:202,0
DA:203,0
DA:205,1
DA:206,0
DA:207,0
DA:208,0
DA:209,0
DA:210,0
DA:211,0
DA:212,0
DA:213,0
DA:214,0
DA:216,1
DA:217,1
DA:218,1
DA:219,1
DA:220,1
DA:221,0
DA:222,0
DA:223,0
DA:225,0
DA:226,0
DA:227,0
DA:228,0
DA:229,0
DA:230,0
DA:231,0
DA:233,0
DA:234,0
DA:235,0
DA:236,0
DA:237,0
DA:238,0
DA:239,0
DA:240,0
DA:241,0
DA:242,0
DA:243,0
DA:244,0
DA:245,0
DA:247,0
DA:248,0
DA:249,0
DA:250,0
DA:251,0
DA:252,0
DA:253,0
DA:254,0
DA:255,0
DA:256,0
DA:257,0
DA:259,0
DA:260,0
DA:261,0
DA:262,0
DA:263,0
DA:264,0
DA:265,0
DA:266,0
DA:267,0
DA:268,0
DA:269,0
DA:270,0
DA:271,0
DA:272,0
DA:273,0
DA:274,0
DA:275,0
DA:276,0
DA:277,0
DA:278,0
DA:279,0
DA:280,0
DA:281,0
DA:282,0
DA:283,0
DA:284,0
DA:285,0
DA:286,0
DA:287,0
DA:289,0
DA:290,0
DA:292,1
DA:293,597
DA:294,597
DA:296,597
DA:297,597
DA:298,597
DA:299,597
DA:300,597
DA:301,597
DA:302,597
DA:303,0
DA:304,0
DA:305,0
DA:306,597
DA:307,597
DA:308,597
DA:309,597
DA:310,597
DA:311,597
DA:312,597
DA:313,597
DA:314,597
DA:315,597
DA:316,597
DA:317,597
DA:318,597
DA:319,597
DA:320,597
DA:321,1
DA:322,1
DA:323,1
DA:324,597
DA:325,597
DA:326,597
DA:327,597
DA:328,597
DA:329,597
DA:330,597
DA:331,597
DA:332,597
DA:333,597
DA:334,597
DA:335,597
DA:336,597
DA:337,597
DA:338,597
DA:339,597
DA:341,1
DA:342,1
DA:343,1
DA:344,1
DA:345,597
DA:346,597
DA:347,597
DA:348,597
DA:349,597
DA:350,597
DA:352,597
DA:353,597
DA:354,597
DA:355,597
DA:356,597
DA:358,597
DA:359,597
DA:360,597
DA:361,596
DA:362,596
DA:363,572
DA:364,440
DA:365,440
DA:366,440
DA:367,440
DA:368,132
DA:369,34
DA:370,34
DA:371,34
DA:372,34
DA:373,98
DA:374,597
DA:376,597
DA:377,597
DA:378,561
DA:379,561
DA:380,561
DA:381,561
DA:382,561
DA:383,561
DA:384,379
DA:385,561
DA:386,561
DA:387,547
DA:388,547
DA:389,561
DA:391,597
DA:392,597
DA:393,555
DA:394,272
DA:395,555
DA:396,555
DA:397,555
DA:398,555
DA:399,555
DA:400,555
DA:401,555
DA:402,555
DA:403,555
DA:404,551
DA:405,555
DA:406,555
DA:407,555
DA:409,597
DA:410,597
DA:411,597
DA:412,597
DA:413,597
DA:414,500
DA:415,217
DA:416,217
DA:417,217
DA:418,217
DA:419,597
DA:421,597
DA:422,597
DA:423,597
DA:424,597
DA:425,538
DA:427,597
DA:428,597
DA:429,0
DA:430,0
DA:431,0
DA:433,597
DA:434,597
DA:435,597
DA:436,530
DA:437,294
DA:438,294
DA:439,294
DA:440,294
DA:441,236
DA:442,172
DA:443,597
DA:444,597
DA:445,597
DA:446,588
DA:447,597
DA:448,161
DA:450,597
DA:451,597
DA:452,597
DA:453,597
DA:454,597
DA:455,597
DA:456,597
DA:458,597
DA:459,597
DA:460,597
DA:461,597
DA:462,0
DA:463,0
DA:464,597
DA:465,597
DA:466,0
DA:467,0
DA:468,597
DA:470,597
DA:471,597
DA:472,597
DA:473,0
DA:474,0
DA:475,0
DA:476,0
DA:477,0
DA:479,597
DA:480,597
DA:481,15
DA:482,15
DA:483,15
DA:485,597
DA:486,597
DA:487,0
DA:488,0
DA:489,0
DA:491,597
DA:492,597
DA:493,0
DA:494,0
DA:495,0
DA:496,0
DA:498,597
DA:499,597
DA:500,88
DA:501,0
DA:502,0
DA:503,0
DA:504,0
DA:505,88
DA:507,597
DA:508,597
DA:509,597
DA:510,597
DA:511,597
DA:512,588
DA:513,597
DA:515,597
DA:516,597
DA:517,597
DA:518,597
DA:519,570
DA:520,65
DA:521,0
DA:522,0
DA:523,570
DA:525,597
DA:526,597
DA:527,597
DA:528,60
DA:529,0
DA:530,597
DA:531,20
DA:532,20
DA:533,597
DA:535,597
DA:536,597
DA:537,597
DA:538,597
DA:539,597
DA:540,6270
DA:541,6270
DA:542,6270
DA:543,6270
DA:544,4677
DA:545,3563
DA:546,2681
DA:547,2681
DA:548,2177
DA:549,1734
DA:550,630
DA:551,60
DA:552,0
DA:553,0
DA:554,0
DA:555,0
DA:556,0
DA:557,0
DA:558,6270
DA:559,6270
DA:560,2370
DA:561,6270
DA:562,6270
DA:563,597
DA:564,597
DA:565,592
DA:566,463
DA:567,463
DA:569,597
DA:570,597
DA:571,597
DA:573,597
DA:574,597
DA:575,597
DA:576,579
DA:577,597
DA:579,597
DA:580,597
DA:581,597
DA:582,597
DA:583,0
DA:584,0
DA:585,0
DA:586,597
DA:587,570
DA:588,67
DA:589,67
DA:590,570
DA:592,597
DA:593,597
DA:594,597
DA:595,597
DA:596,597
DA:597,597
DA:598,597
DA:599,368
DA:600,368
DA:601,597
DA:602,597
DA:603,1
DA:604,1
DA:605,597
DA:607,597
DA:608,597
DA:609,597
DA:610,597
DA:611,597
DA:612,597
DA:613,597
DA:614,0
DA:615,0
DA:616,597
DA:617,0
DA:618,0
DA:619,597
DA:621,597
DA:622,597
DA:623,597
DA:624,597
DA:625,597
DA:626,597
DA:627,0
DA:628,0
DA:629,597
DA:630,0
DA:631,0
DA:632,597
DA:633,0
DA:634,0
DA:635,597
DA:636,597
DA:637,42
DA:638,42
DA:639,597
DA:641,597
DA:642,597
DA:643,597
DA:644,597
DA:645,597
DA:646,597
DA:647,597
DA:648,597
DA:649,574
DA:650,574
DA:651,0
DA:652,0
DA:653,574
DA:654,597
DA:655,597
DA:656,597
DA:657,515
DA:658,515
DA:659,0
DA:660,0
DA:661,515
DA:662,597
DA:664,597
DA:665,597
DA:666,597
DA:667,597
DA:668,597
DA:669,0
DA:670,0
DA:671,0
DA:672,0
DA:673,0
DA:675,0
DA:676,0
DA:677,0
DA:678,0
DA:679,0
DA:680,0
DA:681,0
DA:682,0
DA:683,0
DA:684,0
DA:685,0
DA:686,0
DA:687,0
DA:688,0
DA:689,0
DA:690,0
DA:691,0
DA:692,0
DA:693,0
DA:694,0
DA:695,0
DA:696,0
DA:697,0
DA:698,0
DA:699,0
DA:700,0
DA:701,0
DA:702,0
DA:703,0
DA:704,0
DA:705,0
DA:706,0
DA:707,0
DA:708,0
DA:709,0
DA:710,0
DA:711,0
DA:712,0
DA:713,0
DA:714,0
DA:715,0
DA:716,0
DA:717,0
DA:718,0
DA:719,0
DA:720,0
DA:721,0
DA:722,0
DA:723,0
DA:725,0
DA:726,0
DA:727,0
DA:728,0
DA:729,0
DA:730,0
DA:731,0
DA:732,0
DA:733,0
DA:734,0
DA:735,0
DA:737,0
DA:738,0
DA:739,0
DA:740,0
DA:741,0
DA:742,0
DA:743,0
DA:744,0
DA:745,0
DA:747,0
DA:748,0
DA:749,0
DA:750,0
DA:751,0
DA:752,0
DA:753,0
DA:754,0
DA:755,0
DA:756,0
DA:757,0
DA:758,0
DA:759,0
DA:760,0
DA:762,597
DA:763,597
DA:764,597
DA:765,0
DA:766,0
DA:767,0
DA:768,0
DA:769,0
DA:770,0
DA:771,0
DA:772,0
DA:773,0
DA:774,0
DA:776,597
DA:777,597
DA:778,0
DA:779,0
DA:780,0
DA:781,0
DA:782,0
DA:783,0
DA:785,597
DA:786,597
DA:787,597
DA:788,597
DA:789,597
DA:790,597
DA:792,597
DA:793,597
DA:794,597
DA:795,597
DA:796,597
DA:797,597
DA:798,597
DA:800,597
DA:801,597
DA:802,0
DA:803,0
DA:804,0
DA:805,0
DA:806,0
DA:807,0
DA:808,0
DA:809,0
DA:810,0
DA:811,0
DA:812,0
DA:813,0
DA:814,0
DA:815,597
DA:816,597
DA:817,597
DA:819,597
DA:820,597
DA:821,597
DA:823,597
DA:824,597
DA:825,597
DA:826,597
DA:827,588
DA:828,588
DA:829,588
DA:830,588
DA:831,588
DA:833,597
DA:834,597
DA:835,597
DA:836,597
DA:837,597
DA:838,597
DA:839,597
DA:840,597
DA:841,597
DA:842,597
DA:844,597
DA:845,597
DA:846,597
DA:847,597
DA:848,597
DA:849,597
DA:850,597
DA:851,597
DA:852,597
DA:853,597
DA:854,597
DA:855,597
DA:856,597
DA:857,570
DA:858,597
DA:859,27
DA:860,27
DA:861,27
DA:862,597
DA:863,0
DA:864,0
DA:865,0
DA:866,0
DA:867,597
DA:868,597
DA:870,597
DA:871,597
DA:872,597
DA:873,170
DA:875,597
DA:876,597
DA:877,597
DA:878,597
DA:879,597
DA:880,597
DA:881,597
DA:882,597
DA:883,597
DA:884,597
DA:885,597
DA:886,597
DA:887,596
DA:888,596
DA:889,596
DA:890,597
DA:891,597
DA:893,597
DA:894,597
DA:895,597
DA:896,597
DA:897,597
DA:898,597
DA:899,0
DA:900,0
DA:901,597
DA:903,597
DA:904,597
DA:905,597
DA:906,597
DA:907,1
DA:908,1
DA:909,0
DA:911,597
DA:912,1
DA:913,1
DA:914,0
DA:916,597
DA:917,597
DA:919,597
DA:920,597
DA:921,597
DA:922,597
DA:923,597
DA:925,597
DA:926,597
DA:927,597
DA:928,597
DA:929,0
DA:930,0
DA:931,0
DA:932,0
DA:933,0
DA:934,0
DA:935,0
DA:937,597
DA:938,597
DA:939,0
DA:940,0
DA:941,0
DA:943,597
DA:944,597
DA:945,0
DA:946,0
DA:947,0
DA:948,597
DA:949,0
DA:950,0
DA:951,0
DA:953,597
DA:954,597
DA:955,597
DA:956,597
DA:957,597
DA:958,557
DA:959,59
DA:960,0
DA:961,0
DA:962,597
DA:964,597
DA:965,597
DA:966,597
DA:967,597
DA:968,597
DA:969,597
DA:970,597
DA:971,497
DA:972,497
DA:973,497
DA:974,497
DA:975,497
DA:976,497
DA:977,497
DA:978,497
DA:979,497
DA:980,497
DA:981,497
DA:982,497
DA:983,497
DA:984,497
DA:985,497
DA:986,497
DA:988,497
DA:989,0
DA:990,0
DA:991,497
DA:992,45
DA:993,45
DA:994,497
DA:995,264
DA:996,264
DA:997,451
DA:998,1
DA:999,1
DA:1000,188
DA:1001,187
DA:1002,187
DA:1003,187
DA:1004,497
DA:1006,597
DA:1007,597
DA:1008,597
DA:1009,597
DA:1010,597
DA:1011,597
DA:1012,597
DA:1013,597
DA:1014,597
DA:1015,597
DA:1016,597
DA:1018,597
DA:1019,597
DA:1020,597
DA:1021,597
DA:1022,597
DA:1023,597
DA:1024,597
DA:1025,597
DA:1026,597
DA:1028,597
DA:1029,597
DA:1030,597
DA:1031,597
DA:1032,597
DA:1033,597
DA:1034,597
DA:1035,597
DA:1036,597
DA:1037,597
DA:1039,597
DA:1040,597
DA:1041,592
DA:1042,592
DA:1043,592
DA:1044,592
DA:1045,592
DA:1047,597
DA:1048,597
DA:1049,1394
DA:1050,1394
DA:1051,597
DA:1052,0
DA:1053,0
DA:1054,0
DA:1055,0
DA:1057,597
DA:1058,597
DA:1060,1
DA:1061,3
DA:1062,3
DA:1063,2
DA:1064,2
DA:1065,2
DA:1066,2
DA:1067,3
DA:1068,2
DA:1069,2
DA:1070,2
DA:1071,2
LF:966
LH:534
BRDA:292,0,0,597
BRDA:299,1,0,125
BRDA:302,2,0,596
BRDA:302,3,0,0
BRDA:302,4,0,0
BRDA:302,5,0,0
BRDA:311,6,0,579
BRDA:311,7,0,564
BRDA:311,8,0,189
BRDA:312,9,0,0
BRDA:315,10,0,25
BRDA:315,11,0,0
BRDA:317,12,0,497
BRDA:317,13,0,468
BRDA:317,14,0,468
BRDA:317,15,0,456
BRDA:318,16,0,15
BRDA:320,17,0,2
BRDA:320,18,0,1
BRDA:322,19,0,0
BRDA:327,20,0,11940
BRDA:330,21,0,11940
BRDA:330,22,0,3699
BRDA:331,23,0,536
BRDA:331,24,0,451
BRDA:336,25,0,9
BRDA:337,26,0,0
BRDA:344,27,0,597
BRDA:348,28,0,0
BRDA:349,29,0,0
BRDA:350,30,0,0
BRDA:353,31,0,596
BRDA:353,32,0,436
BRDA:353,33,0,161
BRDA:354,34,0,497
BRDA:354,35,0,496
BRDA:354,36,0,1
BRDA:355,37,0,497
BRDA:355,38,0,496
BRDA:355,39,0,468
BRDA:355,40,0,29
BRDA:356,41,0,2
BRDA:356,42,0,1
BRDA:360,43,0,596
BRDA:360,44,0,1
BRDA:361,45,0,0
BRDA:362,46,0,24
BRDA:362,47,0,572
BRDA:363,48,0,440
BRDA:364,49,0,0
BRDA:367,50,0,132
BRDA:368,51,0,34
BRDA:369,52,0,0
BRDA:372,53,0,98
BRDA:377,54,0,567
BRDA:377,55,0,561
BRDA:380,56,0,0
BRDA:381,57,0,0
BRDA:383,58,0,192
BRDA:383,59,0,182
BRDA:383,60,0,379
BRDA:384,61,0,310
BRDA:384,62,0,296
BRDA:386,63,0,558
BRDA:386,64,0,417
BRDA:386,65,0,14
BRDA:386,66,0,14
BRDA:386,67,0,547
BRDA:388,68,0,544
BRDA:388,69,0,489
BRDA:388,70,0,10
BRDA:388,71,0,10
BRDA:392,72,0,579
BRDA:392,73,0,555
BRDA:393,74,0,283
BRDA:393,75,0,272
BRDA:396,76,0,283
BRDA:396,77,0,283
BRDA:396,78,0,166
BRDA:397,79,0,272
BRDA:397,80,0,269
BRDA:397,81,0,153
BRDA:403,82,0,17
BRDA:403,83,0,4
BRDA:403,84,0,551
BRDA:404,85,0,538
BRDA:404,86,0,4
BRDA:412,87,0,170
BRDA:413,88,0,596
BRDA:413,89,0,97
BRDA:413,90,0,500
BRDA:414,91,0,217
BRDA:415,92,0,0
BRDA:422,93,0,0
BRDA:423,94,0,0
BRDA:424,95,0,59
BRDA:424,96,0,538
BRDA:425,97,0,0
BRDA:428,98,0,0
BRDA:428,99,0,0
BRDA:435,100,0,596
BRDA:435,101,0,67
BRDA:435,102,0,530
BRDA:436,103,0,294
BRDA:437,104,0,0
BRDA:440,105,0,236
BRDA:441,106,0,64
BRDA:441,107,0,172
BRDA:442,108,0,64
BRDA:444,109,0,0
BRDA:445,110,0,9
BRDA:445,111,0,588
BRDA:446,112,0,384
BRDA:447,113,0,596
BRDA:447,114,0,436
BRDA:447,115,0,161
BRDA:452,116,0,0
BRDA:453,117,0,0
BRDA:454,118,0,0
BRDA:455,119,0,0
BRDA:461,120,0,25
BRDA:461,121,0,0
BRDA:461,122,0,0
BRDA:465,123,0,0
BRDA:465,124,0,0
BRDA:465,125,0,0
BRDA:472,126,0,0
BRDA:480,127,0,15
BRDA:481,128,0,0
BRDA:486,129,0,0
BRDA:492,130,0,0
BRDA:499,131,0,88
BRDA:500,132,0,0
BRDA:509,133,0,0
BRDA:510,134,0,0
BRDA:511,135,0,9
BRDA:511,136,0,588
BRDA:512,137,0,0
BRDA:516,138,0,570
BRDA:517,139,0,570
BRDA:518,140,0,570
BRDA:519,141,0,569
BRDA:519,142,0,505
BRDA:519,143,0,65
BRDA:520,144,0,0
BRDA:527,145,0,60
BRDA:528,146,0,0
BRDA:530,147,0,537
BRDA:530,148,0,20
BRDA:539,149,0,6270
BRDA:543,150,0,1593
BRDA:543,151,0,4677
BRDA:544,152,0,1114
BRDA:544,153,0,3563
BRDA:545,154,0,882
BRDA:545,155,0,2681
BRDA:546,156,0,0
BRDA:547,157,0,504
BRDA:547,158,0,2177
BRDA:548,159,0,443
BRDA:548,160,0,1734
BRDA:549,161,0,1104
BRDA:549,162,0,630
BRDA:550,163,0,570
BRDA:550,164,0,60
BRDA:551,165,0,0
BRDA:559,166,0,3900
BRDA:559,167,0,2370
BRDA:560,168,0,2048
BRDA:564,169,0,60
BRDA:564,170,0,5
BRDA:564,171,0,592
BRDA:565,172,0,406
BRDA:565,173,0,129
BRDA:565,174,0,463
BRDA:566,175,0,0
BRDA:566,176,0,0
BRDA:567,177,0,0
BRDA:567,178,0,0
BRDA:570,179,0,0
BRDA:571,180,0,600
BRDA:571,181,0,591
BRDA:571,182,0,9
BRDA:571,183,0,0
BRDA:575,184,0,18
BRDA:575,185,0,18
BRDA:575,186,0,579
BRDA:576,187,0,20
BRDA:576,188,0,20
BRDA:580,189,0,570
BRDA:581,190,0,0
BRDA:582,191,0,0
BRDA:586,192,0,570
BRDA:587,193,0,506
BRDA:587,194,0,76
BRDA:587,195,0,67
BRDA:598,196,0,596
BRDA:598,197,0,457
BRDA:598,198,0,368
BRDA:602,199,0,1
BRDA:602,200,0,1
BRDA:613,201,0,0
BRDA:613,202,0,0
BRDA:616,203,0,0
BRDA:616,204,0,0
BRDA:626,205,0,399
BRDA:626,206,0,0
BRDA:629,207,0,399
BRDA:629,208,0,0
BRDA:632,209,0,171
BRDA:632,210,0,0
BRDA:636,211,0,399
BRDA:636,212,0,42
BRDA:648,213,0,574
BRDA:650,214,0,470
BRDA:650,215,0,0
BRDA:650,216,0,0
BRDA:656,217,0,515
BRDA:658,218,0,0
BRDA:658,219,0,0
BRDA:658,220,0,0
BRDA:668,221,0,0
BRDA:764,222,0,0
BRDA:764,223,0,0
BRDA:777,224,0,0
BRDA:798,225,0,404
BRDA:798,226,0,193
BRDA:801,227,0,0
BRDA:817,228,0,588
BRDA:817,229,0,588
BRDA:824,230,0,0
BRDA:824,231,0,0
BRDA:824,232,0,0
BRDA:824,233,0,0
BRDA:826,234,0,29
BRDA:826,235,0,9
BRDA:826,236,0,9
BRDA:826,237,0,588
BRDA:828,238,0,0
BRDA:828,239,0,0
BRDA:828,240,0,0
BRDA:828,241,0,0
BRDA:830,242,0,0
BRDA:830,243,0,0
BRDA:836,244,0,0
BRDA:839,245,0,515
BRDA:840,246,0,320
BRDA:841,247,0,299
BRDA:842,248,0,0
BRDA:845,249,0,570
BRDA:845,250,0,27
BRDA:846,251,0,0
BRDA:847,252,0,515
BRDA:847,253,0,82
BRDA:848,254,0,0
BRDA:850,255,0,570
BRDA:850,256,0,27
BRDA:850,257,0,0
BRDA:856,258,0,570
BRDA:858,259,0,27
BRDA:860,260,0,0
BRDA:860,261,0,0
BRDA:862,262,0,0
BRDA:868,263,0,0
BRDA:872,264,0,588
BRDA:872,265,0,588
BRDA:872,266,0,596
BRDA:872,267,0,427
BRDA:872,268,0,170
BRDA:873,269,0,161
BRDA:873,270,0,116
BRDA:879,271,0,299
BRDA:879,272,0,284
BRDA:882,273,0,570
BRDA:882,274,0,27
BRDA:886,275,0,596
BRDA:887,276,0,60
BRDA:888,277,0,0
BRDA:891,278,0,496
BRDA:898,279,0,0
BRDA:901,280,0,0
BRDA:905,281,0,0
BRDA:905,282,0,0
BRDA:906,283,0,596
BRDA:906,284,0,1
BRDA:907,285,0,0
BRDA:908,286,0,0
BRDA:911,287,0,596
BRDA:911,288,0,1
BRDA:912,289,0,0
BRDA:913,290,0,0
BRDA:916,291,0,0
BRDA:917,292,0,0
BRDA:921,293,0,191
BRDA:921,294,0,406
BRDA:922,295,0,191
BRDA:922,296,0,406
BRDA:923,297,0,95
BRDA:923,298,0,502
BRDA:923,299,0,59
BRDA:923,300,0,443
BRDA:923,301,0,32
BRDA:923,302,0,411
BRDA:927,303,0,0
BRDA:927,304,0,0
BRDA:928,305,0,417
BRDA:928,306,0,0
BRDA:938,307,0,9
BRDA:938,308,0,0
BRDA:938,309,0,0
BRDA:944,310,0,9
BRDA:944,311,0,0
BRDA:948,312,0,0
BRDA:948,313,0,0
BRDA:957,314,0,40
BRDA:957,315,0,557
BRDA:958,316,0,498
BRDA:958,317,0,59
BRDA:959,318,0,0
BRDA:968,319,0,595
BRDA:968,320,0,345
BRDA:969,321,0,2
BRDA:969,322,0,595
BRDA:969,323,0,250
BRDA:969,324,0,345
BRDA:970,325,0,497
BRDA:970,326,0,497
BRDA:974,327,0,302
BRDA:975,328,0,195
BRDA:976,329,0,496
BRDA:984,330,0,496
BRDA:988,331,0,0
BRDA:991,332,0,45
BRDA:991,333,0,45
BRDA:994,334,0,452
BRDA:994,335,0,451
BRDA:994,336,0,264
BRDA:997,337,0,188
BRDA:997,338,0,1
BRDA:1000,339,0,187
BRDA:1010,340,0,5970
BRDA:1022,341,0,0
BRDA:1023,342,0,497
BRDA:1023,343,0,100
BRDA:1024,344,0,0
BRDA:1040,345,0,592
BRDA:1040,346,0,592
BRDA:1048,347,0,1394
BRDA:1051,348,0,0
BRDA:595,349,0,2985
BRDA:596,350,0,2985
BRDA:624,351,0,1606
BRDA:624,352,0,1009
BRDA:625,353,0,1379
BRDA:625,354,0,782
BRDA:647,355,0,2064
BRDA:647,356,0,550
BRDA:655,357,0,2064
BRDA:655,358,0,425
BRDA:837,359,0,2064
BRDA:837,360,0,940
BRDA:837,361,0,425
BRDA:838,362,0,2064
BRDA:838,363,0,1124
BRDA:852,364,0,1791
BRDA:852,365,0,1700
BRDA:852,366,0,1621
BRDA:896,367,0,1437
BRDA:897,368,0,1437
BRDA:1011,369,0,5970
BRDA:1060,370,0,3
BRDA:1062,371,0,1
BRDA:1062,372,0,2
BRDA:1067,373,0,1
BRDA:1067,374,0,2
BRF:375
BRH:263
end_of_record
