TN:
SF:src\utils\SMC_Logic_Engine.js
FN:12,_last
FN:14,_avg
FN:21,_pivots
FN:39,SMCEngine
FN:50,getState
FN:52,_fallback
FN:56,findBOS
FN:85,identifyOB
FN:119,checkLiquidity
FN:152,findFVG
FN:206,validateSignal
FN:231,analyze
FN:273,reset
FNF:13
FNH:6
FNDA:2,_last
FNDA:2,_avg
FNDA:2,_pivots
FNDA:5,SMCEngine
FNDA:0,getState
FNDA:0,_fallback
FNDA:5,findBOS
FNDA:0,identifyOB
FNDA:0,checkLiquidity
FNDA:2,findFVG
FNDA:0,validateSignal
FNDA:0,analyze
FNDA:0,reset
DA:1,1
DA:2,1
DA:3,1
DA:4,1
DA:5,1
DA:6,1
DA:7,1
DA:8,1
DA:9,1
DA:10,1
DA:11,1
DA:12,2
DA:13,1
DA:14,2
DA:15,2
DA:16,2
DA:17,2
DA:18,2
DA:19,2
DA:20,1
DA:21,2
DA:22,2
DA:23,2
DA:24,20
DA:25,20
DA:26,20
DA:27,91
DA:28,91
DA:29,91
DA:30,91
DA:31,91
DA:32,20
DA:33,20
DA:34,20
DA:35,2
DA:36,2
DA:37,1
DA:38,1
DA:39,1
DA:40,5
DA:41,5
DA:42,5
DA:43,5
DA:44,5
DA:45,5
DA:46,5
DA:47,5
DA:48,1
DA:49,1
DA:50,1
DA:51,1
DA:52,1
DA:53,1
DA:54,1
DA:55,1
DA:56,1
DA:57,5
DA:58,2
DA:59,5
DA:60,2
DA:61,2
DA:62,2
DA:63,2
DA:64,5
DA:65,5
DA:66,5
DA:67,5
DA:68,5
DA:69,5
DA:70,5
DA:71,5
DA:72,5
DA:73,5
DA:74,1
DA:75,1
DA:76,5
DA:77,1
DA:78,1
DA:79,0
DA:80,5
DA:81,1
DA:82,1
DA:83,1
DA:84,1
DA:85,1
DA:86,0
DA:87,0
DA:88,0
DA:89,0
DA:90,0
DA:91,0
DA:92,0
DA:93,0
DA:94,0
DA:95,0
DA:96,0
DA:97,0
DA:98,0
DA:99,0
DA:100,0
DA:101,0
DA:102,0
DA:103,0
DA:104,0
DA:105,0
DA:106,0
DA:107,0
DA:108,0
DA:109,0
DA:110,0
DA:111,0
DA:112,0
DA:113,0
DA:114,0
DA:115,1
DA:116,1
DA:117,1
DA:118,1
DA:119,1
DA:120,0
DA:121,0
DA:122,0
DA:123,0
DA:124,0
DA:125,0
DA:126,0
DA:127,0
DA:128,0
DA:129,0
DA:130,0
DA:131,0
DA:132,0
DA:133,0
DA:134,0
DA:135,0
DA:136,0
DA:137,0
DA:138,0
DA:139,0
DA:140,0
DA:141,0
DA:142,0
DA:143,0
DA:144,0
DA:145,0
DA:146,0
DA:147,1
DA:148,1
DA:149,1
DA:150,1
DA:151,1
DA:152,1
DA:153,2
DA:154,2
DA:155,2
DA:156,2
DA:157,2
DA:158,6
DA:159,6
DA:160,6
DA:161,6
DA:162,6
DA:163,6
DA:164,2
DA:165,2
DA:166,2
DA:167,2
DA:168,4
DA:169,4
DA:170,1
DA:171,1
DA:172,1
DA:173,1
DA:174,6
DA:175,2
DA:176,2
DA:177,2
DA:178,2
DA:179,3
DA:180,3
DA:181,3
DA:182,3
DA:183,3
DA:184,3
DA:185,3
DA:186,1
DA:187,1
DA:188,3
DA:189,3
DA:190,3
DA:191,3
DA:192,0
DA:193,3
DA:194,1
DA:195,1
DA:196,1
DA:197,1
DA:198,3
DA:199,3
DA:200,2
DA:201,2
DA:202,2
DA:203,2
DA:204,1
DA:205,1
DA:206,1
DA:207,0
DA:208,0
DA:209,0
DA:210,0
DA:211,0
DA:212,0
DA:213,0
DA:214,0
DA:215,0
DA:216,0
DA:217,0
DA:218,0
DA:219,0
DA:220,0
DA:221,0
DA:222,0
DA:223,0
DA:224,0
DA:225,0
DA:226,0
DA:227,0
DA:228,1
DA:229,1
DA:230,1
DA:231,1
DA:232,0
DA:233,0
DA:234,0
DA:235,0
DA:236,0
DA:237,0
DA:238,0
DA:239,0
DA:240,0
DA:241,0
DA:242,0
DA:243,0
DA:244,0
DA:245,0
DA:246,0
DA:247,0
DA:248,0
DA:249,0
DA:250,0
DA:251,0
DA:252,0
DA:253,0
DA:254,0
DA:255,0
DA:256,0
DA:257,0
DA:258,0
DA:259,0
DA:260,0
DA:261,0
DA:262,0
DA:263,0
DA:264,0
DA:265,0
DA:266,0
DA:267,0
DA:268,0
DA:269,0
DA:270,0
DA:271,0
DA:272,1
DA:273,1
DA:274,0
DA:275,0
DA:276,1
LF:276
LH:155
BRDA:12,0,0,2
BRDA:12,1,0,0
BRDA:14,2,0,2
BRDA:15,3,0,0
BRDA:17,4,0,32
BRDA:21,5,0,2
BRDA:23,6,0,20
BRDA:26,7,0,91
BRDA:27,8,0,15
BRDA:28,9,0,76
BRDA:28,10,0,41
BRDA:29,11,0,76
BRDA:29,12,0,39
BRDA:30,13,0,76
BRDA:30,14,0,48
BRDA:30,15,0,18
BRDA:32,16,0,1
BRDA:33,17,0,1
BRDA:39,18,0,5
BRDA:56,19,0,5
BRDA:57,20,0,4
BRDA:57,21,0,4
BRDA:57,22,0,3
BRDA:58,23,0,2
BRDA:59,24,0,1
BRDA:59,25,0,0
BRDA:60,26,0,2
BRDA:64,27,0,0
BRDA:65,28,0,0
BRDA:66,29,0,2
BRDA:73,30,0,1
BRDA:73,31,0,1
BRDA:76,32,0,1
BRDA:79,33,0,0
BRDA:62,34,0,32
BRDA:63,35,0,32
BRDA:63,36,0,0
BRDA:69,37,0,1
BRDA:70,38,0,1
BRDA:152,39,0,2
BRDA:153,40,0,0
BRDA:157,41,0,6
BRDA:159,42,0,0
BRDA:160,43,0,0
BRDA:163,44,0,2
BRDA:165,45,0,0
BRDA:166,46,0,0
BRDA:166,47,0,0
BRDA:168,48,0,4
BRDA:169,49,0,1
BRDA:171,50,0,0
BRDA:172,51,0,0
BRDA:172,52,0,0
BRDA:178,53,0,3
BRDA:181,54,0,0
BRDA:185,55,0,2
BRDA:186,56,0,1
BRDA:190,57,0,1
BRDA:190,58,0,0
BRDA:191,59,0,0
BRDA:193,60,0,1
BRDA:195,61,0,0
BRDA:195,62,0,0
BRDA:202,63,0,3
BRF:64
BRH:43
end_of_record
TN:
SF:src\utils\backtestEngine.js
FN:7,runBacktest
FN:96,calcBacktestStats
FNF:2
FNH:2
FNDA:70,runBacktest
FNDA:70,calcBacktestStats
DA:1,1
DA:2,1
DA:3,1
DA:4,1
DA:5,1
DA:6,1
DA:7,1
DA:8,70
DA:9,70
DA:10,70
DA:11,70
DA:12,70
DA:13,70
DA:14,70
DA:15,2515
DA:16,2515
DA:17,2515
DA:18,2515
DA:19,2515
DA:20,2515
DA:21,2515
DA:22,2515
DA:23,1680
DA:24,1680
DA:25,1680
DA:26,799
DA:27,799
DA:28,1680
DA:29,1680
DA:30,1680
DA:31,1680
DA:32,172
DA:33,172
DA:34,172
DA:35,172
DA:36,1680
DA:37,60
DA:38,60
DA:39,60
DA:40,60
DA:41,1508
DA:42,8
DA:43,8
DA:44,8
DA:45,8
DA:46,8
DA:47,2515
DA:48,835
DA:49,835
DA:50,282
DA:51,835
DA:52,370
DA:53,370
DA:54,553
DA:55,94
DA:56,94
DA:57,94
DA:58,94
DA:59,94
DA:60,183
DA:61,89
DA:62,89
DA:63,89
DA:64,89
DA:65,89
DA:66,89
DA:67,835
DA:68,286
DA:69,286
DA:70,286
DA:71,286
DA:72,286
DA:73,286
DA:74,286
DA:75,286
DA:76,286
DA:77,835
DA:78,2515
DA:79,70
DA:80,70
DA:81,46
DA:82,46
DA:83,46
DA:84,46
DA:85,46
DA:86,46
DA:87,46
DA:88,46
DA:89,46
DA:90,46
DA:91,46
DA:92,70
DA:93,70
DA:94,70
DA:95,1
DA:96,1
DA:97,70
DA:98,70
DA:99,70
DA:100,70
DA:101,70
DA:102,70
DA:103,70
DA:104,70
DA:105,70
DA:106,70
DA:107,70
DA:108,70
DA:109,70
DA:110,70
DA:111,70
DA:112,70
DA:113,70
DA:114,70
DA:115,238
DA:116,238
DA:117,238
DA:118,53
DA:119,53
DA:120,16
DA:121,16
DA:122,16
DA:123,16
DA:124,221
DA:125,185
DA:126,63
DA:127,63
DA:128,63
DA:129,185
DA:130,185
DA:131,238
DA:132,238
DA:133,238
DA:134,70
DA:135,70
DA:136,70
DA:137,70
DA:138,70
DA:139,70
DA:140,70
DA:141,70
DA:142,70
DA:143,70
DA:144,70
DA:145,70
DA:146,70
DA:147,70
DA:148,70
DA:149,70
DA:150,70
DA:151,70
DA:152,70
DA:153,70
DA:154,70
DA:155,70
DA:156,70
DA:157,70
DA:158,70
DA:159,70
DA:160,238
DA:161,85
DA:162,85
DA:163,85
DA:164,238
DA:165,153
DA:166,153
DA:167,153
DA:168,153
DA:169,238
DA:170,70
DA:171,70
DA:172,70
DA:173,70
DA:174,2
DA:175,2
DA:176,70
DA:177,19
DA:178,19
DA:179,68
DA:180,49
DA:181,49
DA:182,49
DA:183,70
DA:184,70
DA:185,70
DA:186,70
DA:187,70
DA:188,70
DA:189,70
DA:190,70
DA:191,70
LF:191
LH:191
BRDA:7,0,0,70
BRDA:9,1,0,1
BRDA:9,2,0,69
BRDA:9,3,0,1
BRDA:9,4,0,68
BRDA:10,5,0,1
BRDA:10,6,0,69
BRDA:10,7,0,1
BRDA:10,8,0,68
BRDA:14,9,0,2515
BRDA:16,10,0,0
BRDA:22,11,0,1680
BRDA:25,12,0,1568
BRDA:25,13,0,1033
BRDA:25,14,0,799
BRDA:31,15,0,172
BRDA:36,16,0,1508
BRDA:36,17,0,60
BRDA:41,18,0,1448
BRDA:41,19,0,8
BRDA:47,20,0,835
BRDA:49,21,0,282
BRDA:51,22,0,553
BRDA:51,23,0,370
BRDA:53,24,0,3
BRDA:53,25,0,3
BRDA:53,26,0,3
BRDA:54,27,0,183
BRDA:54,28,0,94
BRDA:57,29,0,0
BRDA:58,30,0,0
BRDA:59,31,0,41
BRDA:60,32,0,89
BRDA:63,33,0,0
BRDA:64,34,0,0
BRDA:65,35,0,85
BRDA:67,36,0,286
BRDA:70,37,0,0
BRDA:71,38,0,0
BRDA:73,39,0,120
BRDA:80,40,0,46
BRDA:96,41,0,70
BRDA:100,42,0,59
BRDA:100,43,0,11
BRDA:102,44,0,46
BRDA:102,45,0,24
BRDA:103,46,0,49
BRDA:103,47,0,21
BRDA:104,48,0,49
BRDA:104,49,0,0
BRDA:104,50,0,21
BRDA:105,51,0,59
BRDA:105,52,0,11
BRDA:114,53,0,238
BRDA:117,54,0,221
BRDA:117,55,0,53
BRDA:119,56,0,16
BRDA:124,57,0,185
BRDA:125,58,0,63
BRDA:129,59,0,0
BRDA:132,60,0,137
BRDA:134,61,0,47
BRDA:138,62,0,59
BRDA:138,63,0,11
BRDA:140,64,0,50
BRDA:141,65,0,20
BRDA:142,66,0,59
BRDA:142,67,0,11
BRDA:147,68,0,50
BRDA:147,69,0,20
BRDA:150,70,0,49
BRDA:151,71,0,21
BRDA:152,72,0,49
BRDA:152,73,0,21
BRDA:153,74,0,49
BRDA:153,75,0,21
BRDA:159,76,0,238
BRDA:160,77,0,85
BRDA:164,78,0,153
BRDA:170,79,0,49
BRDA:170,80,0,21
BRDA:173,81,0,14
BRDA:173,82,0,2
BRDA:173,83,0,2
BRDA:176,84,0,68
BRDA:176,85,0,24
BRDA:176,86,0,19
BRDA:179,87,0,49
BRDA:97,88,0,282
BRDA:98,89,0,238
BRDA:99,90,0,238
BRDA:101,91,0,238
BRDA:102,92,0,85
BRDA:103,93,0,153
BRDA:137,94,0,238
BRDA:138,95,0,238
BRDA:140,96,0,229
BRDA:142,97,0,238
BRDA:148,98,0,238
BRDA:150,99,0,153
BRF:100
BRH:91
end_of_record
TN:
SF:src\utils\errorLogger.js
FN:20,_dedupeOK
FN:32,_surface
FN:54,logError
FN:72,safeAsync
FN:78,safeSync
FNF:5
FNH:5
FNDA:9,_dedupeOK
FNDA:6,_surface
FNDA:9,logError
FNDA:2,safeAsync
FNDA:1,safeSync
DA:1,1
DA:2,1
DA:3,1
DA:4,1
DA:5,1
DA:6,1
DA:7,1
DA:8,1
DA:9,1
DA:10,1
DA:11,1
DA:12,1
DA:13,1
DA:14,1
DA:15,1
DA:16,1
DA:17,1
DA:18,1
DA:19,1
DA:20,9
DA:21,9
DA:22,9
DA:23,9
DA:24,7
DA:25,7
DA:26,9
DA:27,0
DA:28,0
DA:29,7
DA:30,7
DA:31,1
DA:32,6
DA:33,6
DA:34,3
DA:35,3
DA:36,3
DA:37,6
DA:38,6
DA:39,6
DA:40,6
DA:41,6
DA:42,6
DA:43,6
DA:44,6
DA:45,6
DA:46,1
DA:47,1
DA:48,1
DA:49,1
DA:50,1
DA:51,1
DA:52,1
DA:53,1
DA:54,1
DA:55,9
DA:56,9
DA:57,9
DA:58,9
DA:59,9
DA:60,9
DA:61,9
DA:62,9
DA:63,9
DA:64,8
DA:65,5
DA:66,9
DA:67,9
DA:68,9
DA:69,9
DA:70,1
DA:71,1
DA:72,1
DA:73,2
DA:74,2
DA:75,2
DA:76,1
DA:77,1
DA:78,1
DA:79,1
DA:80,1
DA:81,1
LF:81
LH:79
BRDA:20,0,0,9
BRDA:22,1,0,7
BRDA:23,2,0,2
BRDA:24,3,0,7
BRDA:26,4,0,0
BRDA:29,5,0,7
BRDA:32,6,0,6
BRDA:33,7,0,3
BRDA:37,8,0,1
BRDA:37,9,0,2
BRDA:40,10,0,3
BRDA:44,11,0,0
BRDA:54,12,0,9
BRDA:55,13,0,0
BRDA:56,14,0,4
BRDA:56,15,0,3
BRDA:56,16,0,6
BRDA:56,17,0,1
BRDA:56,18,0,5
BRDA:57,19,0,4
BRDA:57,20,0,5
BRDA:63,21,0,1
BRDA:63,22,0,0
BRDA:64,23,0,8
BRDA:64,24,0,5
BRDA:64,25,0,3
BRDA:65,26,0,5
BRDA:65,27,0,3
BRDA:67,28,0,1
BRDA:68,29,0,8
BRDA:68,30,0,6
BRDA:72,31,0,2
BRDA:74,32,0,1
BRDA:74,33,0,0
BRDA:78,34,0,1
BRDA:80,35,0,0
BRF:36
BRH:30
end_of_record
TN:
SF:src\utils\fundamentalEngine.js
FN:10,num
FN:21,analyzeDetailedFinancials
FN:124,getFundamentalGrade
FN:137,analyzeComprehensiveFinancials
FN:177,scoreQuickFromYahoo
FNF:5
FNH:4
FNDA:111,num
FNDA:10,analyzeDetailedFinancials
FNDA:12,getFundamentalGrade
FNDA:5,analyzeComprehensiveFinancials
FNDA:0,scoreQuickFromYahoo
DA:1,1
DA:2,1
DA:3,1
DA:4,1
DA:5,1
DA:6,1
DA:7,1
DA:8,1
DA:9,1
DA:10,1
DA:11,111
DA:12,36
DA:13,111
DA:14,111
DA:15,1
DA:16,1
DA:17,1
DA:18,1
DA:19,1
DA:20,1
DA:21,1
DA:22,10
DA:23,9
DA:24,9
DA:25,10
DA:26,10
DA:27,10
DA:28,10
DA:29,10
DA:30,10
DA:31,10
DA:32,10
DA:33,10
DA:34,10
DA:35,10
DA:36,10
DA:37,10
DA:38,10
DA:39,10
DA:40,10
DA:41,10
DA:42,10
DA:43,10
DA:44,10
DA:45,10
DA:46,10
DA:47,10
DA:48,10
DA:49,10
DA:50,10
DA:51,10
DA:52,2
DA:53,2
DA:54,1
DA:55,0
DA:56,0
DA:57,2
DA:58,9
DA:59,9
DA:60,9
DA:61,9
DA:62,9
DA:63,10
DA:64,2
DA:65,1
DA:66,0
DA:67,0
DA:68,2
DA:69,9
DA:70,10
DA:71,2
DA:72,1
DA:73,1
DA:74,2
DA:75,9
DA:76,10
DA:77,5
DA:78,4
DA:79,5
DA:80,9
DA:81,10
DA:82,5
DA:83,4
DA:84,1
DA:85,1
DA:86,5
DA:87,9
DA:88,10
DA:89,1
DA:90,1
DA:91,1
DA:92,9
DA:93,10
DA:94,2
DA:95,1
DA:96,1
DA:97,2
DA:98,9
DA:99,10
DA:100,1
DA:101,1
DA:102,1
DA:103,9
DA:104,10
DA:105,8
DA:106,7
DA:107,9
DA:108,9
DA:109,9
DA:110,9
DA:111,9
DA:112,9
DA:113,9
DA:114,9
DA:115,9
DA:116,9
DA:117,9
DA:118,9
DA:119,9
DA:120,1
DA:121,1
DA:122,1
DA:123,1
DA:124,1
DA:125,12
DA:126,12
DA:127,12
DA:128,12
DA:129,12
DA:130,12
DA:131,1
DA:132,1
DA:133,1
DA:134,1
DA:135,1
DA:136,1
DA:137,1
DA:138,5
DA:139,5
DA:140,5
DA:141,4
DA:142,5
DA:143,5
DA:144,5
DA:145,5
DA:146,5
DA:147,5
DA:148,5
DA:149,5
DA:150,5
DA:151,5
DA:152,5
DA:153,5
DA:154,5
DA:155,5
DA:156,5
DA:157,5
DA:158,5
DA:159,5
DA:160,5
DA:161,5
DA:162,5
DA:163,5
DA:164,5
DA:165,5
DA:166,5
DA:167,5
DA:168,5
DA:169,5
DA:170,5
DA:171,5
DA:172,5
DA:173,5
DA:174,5
DA:175,5
DA:176,1
DA:177,0
DA:178,0
DA:179,0
DA:180,0
DA:181,0
DA:182,0
DA:183,0
DA:184,0
DA:185,0
DA:186,0
DA:187,0
DA:188,0
DA:189,0
DA:190,0
DA:191,0
DA:192,0
DA:193,0
DA:194,0
DA:195,0
DA:196,0
DA:197,0
DA:198,0
LF:198
LH:172
BRDA:10,0,0,111
BRDA:11,1,0,75
BRDA:12,2,0,36
BRDA:13,3,0,0
BRDA:21,4,0,10
BRDA:22,5,0,9
BRDA:22,6,0,1
BRDA:23,7,0,9
BRDA:25,8,0,5
BRDA:25,9,0,5
BRDA:26,10,0,8
BRDA:27,11,0,7
BRDA:27,12,0,7
BRDA:28,13,0,5
BRDA:29,14,0,5
BRDA:29,15,0,5
BRDA:30,16,0,8
BRDA:31,17,0,7
BRDA:32,18,0,8
BRDA:33,19,0,8
BRDA:36,20,0,5
BRDA:36,21,0,5
BRDA:36,22,0,2
BRDA:36,23,0,7
BRDA:37,24,0,5
BRDA:37,25,0,5
BRDA:37,26,0,2
BRDA:37,27,0,7
BRDA:38,28,0,5
BRDA:38,29,0,5
BRDA:38,30,0,5
BRDA:38,31,0,4
BRDA:41,32,0,5
BRDA:41,33,0,5
BRDA:41,34,0,5
BRDA:41,35,0,4
BRDA:42,36,0,1
BRDA:42,37,0,1
BRDA:42,38,0,1
BRDA:42,39,0,8
BRDA:45,40,0,5
BRDA:45,41,0,2
BRDA:45,42,0,2
BRDA:45,43,0,7
BRDA:46,44,0,1
BRDA:46,45,0,1
BRDA:46,46,0,1
BRDA:46,47,0,8
BRDA:50,48,0,2
BRDA:50,49,0,7
BRDA:51,50,0,2
BRDA:51,51,0,2
BRDA:53,52,0,1
BRDA:53,53,0,1
BRDA:55,54,0,0
BRDA:58,55,0,9
BRDA:63,56,0,2
BRDA:64,57,0,1
BRDA:66,58,0,0
BRDA:69,59,0,9
BRDA:70,60,0,2
BRDA:71,61,0,1
BRDA:72,62,0,0
BRDA:75,63,0,9
BRDA:76,64,0,5
BRDA:77,65,0,1
BRDA:78,66,0,4
BRDA:78,67,0,1
BRDA:80,68,0,9
BRDA:81,69,0,5
BRDA:82,70,0,1
BRDA:83,71,0,4
BRDA:83,72,0,3
BRDA:84,73,0,1
BRDA:84,74,0,0
BRDA:87,75,0,9
BRDA:88,76,0,1
BRDA:89,77,0,0
BRDA:90,78,0,0
BRDA:92,79,0,9
BRDA:93,80,0,2
BRDA:94,81,0,1
BRDA:95,82,0,0
BRDA:96,83,0,0
BRDA:98,84,0,9
BRDA:99,85,0,1
BRDA:100,86,0,0
BRDA:101,87,0,0
BRDA:103,88,0,9
BRDA:104,89,0,1
BRDA:105,90,0,8
BRDA:105,91,0,1
BRDA:106,92,0,7
BRDA:106,93,0,0
BRDA:107,94,0,9
BRDA:50,95,0,6
BRDA:124,96,0,12
BRDA:125,97,0,11
BRDA:125,98,0,2
BRDA:126,99,0,10
BRDA:126,100,0,1
BRDA:127,101,0,9
BRDA:127,102,0,1
BRDA:128,103,0,8
BRDA:128,104,0,1
BRDA:129,105,0,7
BRDA:129,106,0,1
BRDA:130,107,0,6
BRDA:130,108,0,5
BRDA:131,109,0,1
BRDA:137,110,0,5
BRDA:140,111,0,2
BRDA:140,112,0,1
BRDA:141,113,0,4
BRDA:142,114,0,3
BRDA:142,115,0,1
BRDA:142,116,0,2
BRDA:142,117,0,1
BRDA:145,118,0,4
BRDA:146,119,0,4
BRDA:146,120,0,3
BRDA:147,121,0,4
BRDA:147,122,0,4
BRDA:148,123,0,4
BRDA:148,124,0,4
BRDA:149,125,0,4
BRDA:149,126,0,2
BRDA:149,127,0,1
BRDA:150,128,0,4
BRDA:151,129,0,2
BRDA:151,130,0,2
BRDA:154,131,0,0
BRDA:155,132,0,0
BRDA:164,133,0,4
BRDA:173,134,0,0
BRF:135
BRH:120
end_of_record
TN:
SF:src\utils\indicators.js
FN:2,calcMA
FN:13,calcEMA
FN:27,calcRSI
FN:47,calcStochRSI
FN:78,calcMACD
FN:94,calcBollinger
FN:109,calcSR
FN:131,calcMFI
FN:145,calcOBV
FN:155,calcOBVTrend
FN:168,calcADL
FN:179,calcVWAP
FN:190,calcATR
FN:210,calcFibonacci
FN:228,calcPivots
FN:236,calcCMF
FN:249,calcADX
FN:294,calcKeltner
FN:318,calcTTMSqueeze
FN:341,calcChandelierExit
FN:364,detectWyckoffPhase
FN:380,calcCandlestickPatterns
FN:423,detectOBVDivergence
FN:476,detectWyckoffSpring
FN:514,detectVolumeClimax
FN:551,detectRSIDivergence
FN:580,detectDIConvergence
FN:592,calcIchimoku
FN:600,periodHL
FN:674,calcWilliamsR
FN:689,calcTRIX
FN:721,calcSupertrend
FN:767,calcVolumeProfile
FN:812,calcROC
FN:823,calcAll
FNF:35
FNH:35
FNDA:15274,calcMA
FNDA:17821,calcEMA
FNDA:5094,calcRSI
FNDA:2546,calcStochRSI
FNDA:2546,calcMACD
FNDA:5093,calcBollinger
FNDA:2547,calcSR
FNDA:2546,calcMFI
FNDA:5083,calcOBV
FNDA:5082,calcOBVTrend
FNDA:2546,calcADL
FNDA:2546,calcVWAP
FNDA:2534,calcATR
FNDA:2534,calcFibonacci
FNDA:2533,calcPivots
FNDA:2547,calcCMF
FNDA:2546,calcADX
FNDA:2547,calcKeltner
FNDA:2546,calcTTMSqueeze
FNDA:4226,calcChandelierExit
FNDA:2546,detectWyckoffPhase
FNDA:2546,calcCandlestickPatterns
FNDA:2545,detectOBVDivergence
FNDA:2545,detectWyckoffSpring
FNDA:2545,detectVolumeClimax
FNDA:2545,detectRSIDivergence
FNDA:2545,detectDIConvergence
FNDA:2545,calcIchimoku
FNDA:218628,periodHL
FNDA:2545,calcWilliamsR
FNDA:2545,calcTRIX
FNDA:2545,calcSupertrend
FNDA:2545,calcVolumeProfile
FNDA:5090,calcROC
FNDA:2545,calcAll
DA:1,1
DA:2,1
DA:3,15274
DA:4,15274
DA:5,302312
DA:6,302312
DA:7,302312
DA:8,302312
DA:9,15274
DA:10,15274
DA:11,1
DA:12,1
DA:13,1
DA:14,17821
DA:15,17821
DA:16,17821
DA:17,17821
DA:18,17821
DA:19,14792
DA:20,17821
DA:21,14792
DA:22,17821
DA:23,14792
DA:24,14792
DA:25,1
DA:26,1
DA:27,1
DA:28,5094
DA:29,5094
DA:30,5091
DA:31,5094
DA:32,71274
DA:33,71274
DA:34,71274
DA:35,5091
DA:36,5094
DA:37,5094
DA:38,193343
DA:39,193343
DA:40,193343
DA:41,193343
DA:42,193343
DA:43,5091
DA:44,5091
DA:45,1
DA:46,1
DA:47,1
DA:48,2546
DA:49,2546
DA:50,2546
DA:51,2546
DA:52,2546
DA:53,68022
DA:54,68022
DA:55,952308
DA:56,952308
DA:57,68022
DA:58,68022
DA:59,2546
DA:60,2546
DA:61,2546
DA:62,134864
DA:63,68022
DA:64,134864
DA:65,134864
DA:66,134864
DA:67,2546
DA:68,2546
DA:69,134864
DA:70,64073
DA:71,134864
DA:72,134864
DA:73,134864
DA:74,2546
DA:75,2546
DA:76,1
DA:77,1
DA:78,1
DA:79,2546
DA:80,2546
DA:81,2546
DA:82,2546
DA:83,2546
DA:84,2546
DA:85,2546
DA:86,2546
DA:87,134864
DA:88,134864
DA:89,2546
DA:90,2546
DA:91,2546
DA:92,1
DA:93,1
DA:94,1
DA:95,5093
DA:96,5093
DA:97,5093
DA:98,5093
DA:99,172959
DA:100,172959
DA:101,172959
DA:102,172959
DA:103,172959
DA:104,172959
DA:105,5093
DA:106,5093
DA:107,1
DA:108,1
DA:109,1
DA:110,2547
DA:111,2547
DA:112,2547
DA:113,2547
DA:114,124660
DA:115,124660
DA:116,124660
DA:117,124660
DA:118,124660
DA:119,2546
DA:120,2546
DA:121,2547
DA:122,21350
DA:123,21350
DA:124,5863
DA:125,21350
DA:126,2546
DA:127,2546
DA:128,2546
DA:129,1
DA:130,1
DA:131,1
DA:132,2546
DA:133,2545
DA:134,2546
DA:135,35630
DA:136,35630
DA:137,35630
DA:138,35630
DA:139,35630
DA:140,2546
DA:141,2293
DA:142,2293
DA:143,1
DA:144,1
DA:145,1
DA:146,5083
DA:147,5083
DA:148,264541
DA:149,102967
DA:150,576
DA:151,264541
DA:152,5083
DA:153,5083
DA:154,1
DA:155,1
DA:156,5082
DA:157,5081
DA:158,5081
DA:159,5082
DA:160,5082
DA:161,5082
DA:162,5082
DA:163,5082
DA:164,1300
DA:165,1300
DA:166,1
DA:167,1
DA:168,1
DA:169,2546
DA:170,2546
DA:171,134834
DA:172,134834
DA:173,134834
DA:174,134834
DA:175,2546
DA:176,2546
DA:177,1
DA:178,1
DA:179,1
DA:180,2546
DA:181,2546
DA:182,2546
DA:183,50910
DA:184,50910
DA:185,50910
DA:186,2546
DA:187,2546
DA:188,1
DA:189,1
DA:190,1
DA:191,2534
DA:192,2534
DA:193,131717
DA:194,131717
DA:195,131717
DA:196,131717
DA:197,2534
DA:198,2534
DA:199,2534
DA:200,131717
DA:201,131717
DA:202,98788
DA:203,96255
DA:204,98788
DA:205,131717
DA:206,2534
DA:207,2534
DA:208,1
DA:209,1
DA:210,1
DA:211,2534
DA:212,2534
DA:213,2534
DA:214,2534
DA:215,110305
DA:216,110305
DA:217,110305
DA:218,2534
DA:219,2534
DA:220,2534
DA:221,2534
DA:222,2534
DA:223,334
DA:224,2533
DA:225,2533
DA:226,1
DA:227,1
DA:228,1
DA:229,2533
DA:230,2533
DA:231,2533
DA:232,2533
DA:233,2533
DA:234,1
DA:235,1
DA:236,1
DA:237,2547
DA:238,2545
DA:239,2547
DA:240,50900
DA:241,50900
DA:242,50900
DA:243,50900
DA:244,50900
DA:245,2547
DA:246,2547
DA:247,1
DA:248,1
DA:249,1
DA:250,2546
DA:251,2546
DA:252,2545
DA:253,2546
DA:254,132299
DA:255,132299
DA:256,132299
DA:257,132299
DA:258,132299
DA:259,132299
DA:260,132299
DA:261,2545
DA:262,2545
DA:263,2546
DA:264,2545
DA:265,2546
DA:266,96669
DA:267,94124
DA:268,94124
DA:269,94124
DA:270,94124
DA:271,96669
DA:272,96669
DA:273,96669
DA:274,96669
DA:275,96669
DA:276,96669
DA:277,2545
DA:278,2545
DA:279,2546
DA:280,1941
DA:281,1941
DA:282,1941
DA:283,1941
DA:284,64063
DA:285,64063
DA:286,1941
DA:287,2546
DA:288,2546
DA:289,2546
DA:290,2546
DA:291,2546
DA:292,1
DA:293,1
DA:294,1
DA:295,2547
DA:296,2547
DA:297,2547
DA:298,2547
DA:299,2547
DA:300,2547
DA:301,2547
DA:302,2547
DA:303,132357
DA:304,132357
DA:305,132357
DA:306,2547
DA:307,134904
DA:308,86520
DA:309,134904
DA:310,86520
DA:311,86520
DA:312,86520
DA:313,86520
DA:314,2547
DA:315,2547
DA:316,1
DA:317,1
DA:318,1
DA:319,2546
DA:320,2546
DA:321,2546
DA:322,2546
DA:323,2546
DA:324,25460
DA:325,22426
DA:326,893
DA:327,893
DA:328,22426
DA:329,25460
DA:330,2546
DA:331,2546
DA:332,2546
DA:333,2546
DA:334,2546
DA:335,2546
DA:336,2546
DA:337,2546
DA:338,2546
DA:339,1
DA:340,1
DA:341,1
DA:342,4226
DA:343,4226
DA:344,3911
DA:345,3911
DA:346,4226
DA:347,3911
DA:348,3911
DA:349,4226
DA:350,3911
DA:351,3911
DA:352,4226
DA:353,89833
DA:354,89833
DA:355,89833
DA:356,3911
DA:357,3911
DA:358,4226
DA:359,4226
DA:360,4226
DA:361,4226
DA:362,1
DA:363,1
DA:364,1
DA:365,2546
DA:366,1874
DA:367,2546
DA:368,2546
DA:369,2546
DA:370,2546
DA:371,2546
DA:372,2546
DA:373,2546
DA:374,2546
DA:375,2546
DA:376,1545
DA:377,1545
DA:378,1
DA:379,1
DA:380,1
DA:381,2546
DA:382,2546
DA:383,2546
DA:384,2546
DA:385,2546
DA:386,2546
DA:387,2546
DA:388,2546
DA:389,2546
DA:390,2546
DA:391,2546
DA:392,2546
DA:393,2546
DA:394,2546
DA:395,2546
DA:396,0
DA:397,0
DA:398,2546
DA:399,2546
DA:400,0
DA:401,0
DA:402,2546
DA:403,2546
DA:404,1
DA:405,1
DA:406,2546
DA:407,2546
DA:408,0
DA:409,0
DA:410,2546
DA:411,2546
DA:412,0
DA:413,0
DA:414,2546
DA:415,2546
DA:416,8
DA:417,8
DA:418,2546
DA:419,2546
DA:420,2546
DA:421,1
DA:422,1
DA:423,1
DA:424,2545
DA:425,2545
DA:426,2545
DA:427,2545
DA:428,2544
DA:429,2544
DA:430,2544
DA:431,2544
DA:432,2544
DA:433,2544
DA:434,2544
DA:435,2544
DA:436,2544
DA:437,2544
DA:438,2545
DA:439,2545
DA:440,2545
DA:441,2545
DA:442,2545
DA:443,2545
DA:444,2545
DA:445,2545
DA:446,2545
DA:447,20352
DA:448,20352
DA:449,20352
DA:450,2544
DA:451,2545
DA:452,17808
DA:453,17808
DA:454,17808
DA:455,2544
DA:456,2544
DA:457,2545
DA:458,2539
DA:459,2539
DA:460,2545
DA:461,2508
DA:462,2508
DA:463,2545
DA:464,2465
DA:465,2465
DA:466,2545
DA:467,2461
DA:468,2461
DA:469,2545
DA:470,2545
DA:471,2446
DA:472,2446
DA:473,2446
DA:474,1
DA:475,1
DA:476,1
DA:477,2545
DA:478,2545
DA:479,2545
DA:480,2545
DA:481,2494
DA:482,2494
DA:483,2494
DA:484,2545
DA:485,2545
DA:486,2545
DA:487,2545
DA:488,2545
DA:489,2545
DA:490,2545
DA:491,2545
DA:492,3655
DA:493,3655
DA:494,3655
DA:495,54
DA:496,54
DA:497,3655
DA:498,2440
DA:499,2440
DA:500,2515
DA:501,1113
DA:502,1113
DA:503,1113
DA:504,1113
DA:505,1113
DA:506,26
DA:507,26
DA:508,1113
DA:509,2414
DA:510,2414
DA:511,2414
DA:512,1
DA:513,1
DA:514,1
DA:515,2545
DA:516,2545
DA:517,2409
DA:518,2409
DA:519,2409
DA:520,2545
DA:521,2409
DA:522,2409
DA:523,2409
DA:524,2409
DA:525,2545
DA:526,2545
DA:527,2545
DA:528,2545
DA:529,0
DA:530,0
DA:531,0
DA:532,0
DA:533,0
DA:534,0
DA:535,0
DA:536,0
DA:537,0
DA:538,2409
DA:539,2409
DA:540,2545
DA:541,0
DA:542,0
DA:543,0
DA:544,0
DA:545,0
DA:546,2409
DA:547,2409
DA:548,2409
DA:549,1
DA:550,1
DA:551,1
DA:552,2545
DA:553,2545
DA:554,2208
DA:555,2208
DA:556,2208
DA:557,2208
DA:558,2208
DA:559,2208
DA:560,2208
DA:561,2545
DA:562,22080
DA:563,22080
DA:564,22080
DA:565,2545
DA:566,22080
DA:567,22080
DA:568,22080
DA:569,2208
DA:570,2208
DA:571,2545
DA:572,2205
DA:573,2205
DA:574,2545
DA:575,2188
DA:576,2188
DA:577,2188
DA:578,1
DA:579,1
DA:580,1
DA:581,2545
DA:582,2544
DA:583,2545
DA:584,2074
DA:585,2074
DA:586,1
DA:587,1
DA:588,1
DA:589,1
DA:590,1
DA:591,1
DA:592,1
DA:593,2545
DA:594,2545
DA:595,2545
DA:596,2545
DA:597,2545
DA:598,2545
DA:599,2545
DA:600,2545
DA:601,218628
DA:602,218628
DA:603,4570260
DA:604,4570260
DA:605,4570260
DA:606,218628
DA:607,2545
DA:608,2545
DA:609,2545
DA:610,134804
DA:611,134804
DA:612,134804
DA:613,72204
DA:614,72204
DA:615,72204
DA:616,134804
DA:617,31980
DA:618,31980
DA:619,134804
DA:620,134804
DA:621,134804
DA:622,2545
DA:623,2545
DA:624,2545
DA:625,2545
DA:626,2545
DA:627,2545
DA:628,2545
DA:629,2545
DA:630,2545
DA:631,2545
DA:632,2545
DA:633,2545
DA:634,2545
DA:635,2074
DA:636,2042
DA:637,2074
DA:638,2545
DA:639,2545
DA:640,2545
DA:641,2545
DA:642,2545
DA:643,2545
DA:644,1012
DA:645,1012
DA:646,969
DA:647,1012
DA:648,2545
DA:649,2545
DA:650,2545
DA:651,2545
DA:652,980
DA:653,980
DA:654,980
DA:655,978
DA:656,980
DA:657,2545
DA:658,2545
DA:659,2545
DA:660,2545
DA:661,1012
DA:662,182
DA:663,1012
DA:664,2545
DA:665,2545
DA:666,2545
DA:667,2545
DA:668,2545
DA:669,2545
DA:670,2545
DA:671,2545
DA:672,1
DA:673,1
DA:674,1
DA:675,2545
DA:676,2545
DA:677,2545
DA:678,101722
DA:679,101722
DA:680,1424108
DA:681,1424108
DA:682,1424108
DA:683,101722
DA:684,101722
DA:685,2545
DA:686,2545
DA:687,1
DA:688,1
DA:689,1
DA:690,2545
DA:691,2545
DA:692,2545
DA:693,2545
DA:694,2545
DA:695,1873
DA:696,2545
DA:697,64042
DA:698,64042
DA:699,1873
DA:700,1873
DA:701,1873
DA:702,2545
DA:703,64042
DA:704,50171
DA:705,64042
DA:706,50171
DA:707,50171
DA:708,2545
DA:709,2545
DA:710,2545
DA:711,2545
DA:712,2545
DA:713,2545
DA:714,1519
DA:715,1470
DA:716,1519
DA:717,1873
DA:718,1873
DA:719,1
DA:720,1
DA:721,1
DA:722,2545
DA:723,2545
DA:724,2544
DA:725,2544
DA:726,2544
DA:727,2544
DA:728,2545
DA:729,132250
DA:730,132250
DA:731,2544
DA:732,2545
DA:733,109354
DA:734,109354
DA:735,109354
DA:736,109354
DA:737,109354
DA:738,109354
DA:739,109354
DA:740,109354
DA:741,109354
DA:742,109354
DA:743,109354
DA:744,46409
DA:745,109354
DA:746,62945
DA:747,62945
DA:748,109354
DA:749,109354
DA:750,109354
DA:751,109354
DA:752,109354
DA:753,109354
DA:754,109354
DA:755,2544
DA:756,2544
DA:757,2544
DA:758,2544
DA:759,2545
DA:760,2544
DA:761,2496
DA:762,2544
DA:763,2545
DA:764,2545
DA:765,1
DA:766,1
DA:767,1
DA:768,2545
DA:769,2545
DA:770,2545
DA:771,2545
DA:772,2545
DA:773,2545
DA:774,101780
DA:775,101780
DA:776,101780
DA:777,2545
DA:778,2545
DA:779,2545
DA:780,2545
DA:781,2545
DA:782,2545
DA:783,101780
DA:784,101780
DA:785,101780
DA:786,2545
DA:787,2545
DA:788,2545
DA:789,61080
DA:790,61080
DA:791,2545
DA:792,2545
DA:793,2545
DA:794,2545
DA:795,2545
DA:796,2545
DA:797,31140
DA:798,31140
DA:799,31140
DA:800,13235
DA:801,0
DA:802,31140
DA:803,2545
DA:804,2545
DA:805,2545
DA:806,2545
DA:807,2545
DA:808,2545
DA:809,2545
DA:810,1
DA:811,1
DA:812,1
DA:813,5090
DA:814,5090
DA:815,193268
DA:816,193268
DA:817,193268
DA:818,193268
DA:819,5090
DA:820,5090
DA:821,1
DA:822,1
DA:823,1
DA:824,2545
DA:825,2545
DA:826,2545
DA:827,2545
DA:828,2545
DA:829,2545
DA:830,2545
DA:831,2545
DA:832,2545
DA:833,2545
DA:834,2545
DA:835,2545
DA:836,2545
DA:837,2545
DA:838,2545
DA:839,2545
DA:840,2545
DA:841,2545
DA:842,2545
DA:843,2545
DA:844,2545
DA:845,2544
DA:846,2544
DA:847,2544
DA:848,2545
DA:849,2545
DA:850,2545
DA:851,2545
DA:852,2545
DA:853,2545
DA:854,2545
DA:855,2545
DA:856,2545
DA:857,2545
DA:858,2545
DA:859,2545
DA:860,2545
DA:861,2545
DA:862,2545
DA:863,2545
DA:864,2545
DA:865,2545
DA:866,2545
DA:867,2545
DA:868,2545
DA:869,2545
DA:870,2545
DA:871,2545
DA:872,2545
DA:873,2545
DA:874,2545
DA:875,2545
DA:876,2545
DA:877,2545
DA:878,2545
DA:879,2545
DA:880,2545
DA:881,2545
DA:882,2545
DA:883,2545
DA:884,2545
DA:885,2545
DA:886,2545
DA:887,2545
DA:888,2545
DA:889,2545
DA:890,2545
DA:891,2545
DA:892,2545
DA:893,2545
DA:894,2545
DA:895,2545
DA:896,2545
DA:897,2545
DA:898,2545
DA:899,2545
DA:900,2545
DA:901,2545
DA:902,2545
DA:903,2545
DA:904,2545
DA:905,2545
DA:906,2545
DA:907,2545
DA:908,2545
DA:909,2545
DA:910,2545
DA:911,2545
DA:912,2545
DA:913,2545
DA:914,2545
DA:915,2545
DA:916,2545
DA:917,2545
DA:918,2545
DA:919,2545
DA:920,2545
DA:921,2545
DA:922,2545
DA:923,2545
DA:924,2545
DA:925,2545
DA:926,2545
DA:927,2545
DA:928,2545
DA:929,2545
DA:930,2545
DA:931,2545
DA:932,2545
DA:933,2545
DA:934,2545
DA:935,2545
DA:936,2545
DA:937,2545
DA:938,2545
DA:939,2545
DA:940,2545
DA:941,2545
DA:942,2545
DA:943,2545
DA:944,2545
DA:945,2545
DA:946,2545
DA:947,12725
DA:948,12725
DA:949,12725
DA:950,2545
DA:951,2545
DA:952,2545
DA:953,2545
DA:954,2545
DA:955,2545
DA:956,2545
DA:957,2545
DA:958,2545
DA:959,2545
DA:960,2545
DA:961,2545
DA:962,2545
DA:963,2545
DA:964,2545
DA:965,2545
DA:966,2545
DA:967,2545
DA:968,2545
DA:969,2545
DA:970,2545
DA:971,2545
DA:972,2545
DA:973,2486
DA:974,2545
DA:975,2545
DA:976,2545
DA:977,2545
DA:978,2545
DA:979,2545
DA:980,1530
DA:981,2545
DA:982,1015
DA:983,1015
DA:984,2545
DA:985,2545
DA:986,2545
DA:987,2545
DA:988,2545
DA:989,2545
DA:990,2545
DA:991,2545
DA:992,2545
DA:993,345
DA:994,345
DA:995,2545
DA:996,2
DA:997,2
DA:998,2200
DA:999,0
DA:1000,0
DA:1001,2198
DA:1002,2198
DA:1003,2198
DA:1004,2198
DA:1005,2545
DA:1006,2545
DA:1007,2545
DA:1008,2545
DA:1009,2545
DA:1010,2545
DA:1011,2545
DA:1012,2545
DA:1013,2545
DA:1014,2545
DA:1015,2545
DA:1016,2545
DA:1017,2545
DA:1018,2545
DA:1019,2545
DA:1020,2545
DA:1021,2545
DA:1022,2545
DA:1023,2545
DA:1024,2545
DA:1025,2545
DA:1026,2545
DA:1027,2545
DA:1028,2545
LF:1028
LH:1003
BRDA:2,0,0,15274
BRDA:4,1,0,302312
BRDA:6,2,0,7808099
BRDA:13,3,0,17821
BRDA:17,4,0,16811
BRDA:18,5,0,16811
BRDA:18,6,0,3029
BRDA:19,7,0,14792
BRDA:20,8,0,240235
BRDA:21,9,0,14792
BRDA:22,10,0,515586
BRDA:23,11,0,14792
BRDA:27,12,0,5094
BRDA:29,13,0,3
BRDA:30,14,0,5091
BRDA:31,15,0,71274
BRDA:33,16,0,48711
BRDA:33,17,0,22563
BRDA:35,18,0,5091
BRDA:36,19,0,1241
BRDA:36,20,0,3850
BRDA:37,21,0,193343
BRDA:39,22,0,112727
BRDA:39,23,0,80616
BRDA:40,24,0,80120
BRDA:40,25,0,113223
BRDA:41,26,0,18495
BRDA:41,27,0,174848
BRDA:43,28,0,5091
BRDA:47,29,0,2546
BRDA:52,30,0,68022
BRDA:54,31,0,952308
BRDA:57,32,0,64538
BRDA:57,33,0,3484
BRDA:61,34,0,134864
BRDA:62,35,0,66842
BRDA:63,36,0,68022
BRDA:64,37,0,204066
BRDA:64,38,0,198109
BRDA:65,39,0,68022
BRDA:65,40,0,64073
BRDA:68,41,0,134864
BRDA:69,42,0,70791
BRDA:70,43,0,64073
BRDA:71,44,0,192219
BRDA:71,45,0,186639
BRDA:72,46,0,64073
BRDA:72,47,0,60367
BRDA:78,48,0,2546
BRDA:86,49,0,134864
BRDA:87,50,0,72239
BRDA:87,51,0,56820
BRDA:87,52,0,15419
BRDA:81,53,0,134864
BRDA:81,54,0,106859
BRDA:81,55,0,72239
BRDA:81,56,0,62625
BRDA:82,57,0,134864
BRDA:89,58,0,134864
BRDA:89,59,0,72239
BRDA:89,60,0,56820
BRDA:89,61,0,78044
BRDA:94,62,0,5093
BRDA:98,63,0,172959
BRDA:100,64,0,3459180
BRDA:109,65,0,2547
BRDA:112,66,0,1
BRDA:113,67,0,2546
BRDA:113,68,0,124660
BRDA:114,69,0,71577
BRDA:114,70,0,65599
BRDA:114,71,0,15870
BRDA:115,72,0,11422
BRDA:116,73,0,40788
BRDA:116,74,0,33813
BRDA:116,75,0,12209
BRDA:117,76,0,9928
BRDA:119,77,0,2546
BRDA:121,78,0,21350
BRDA:123,79,0,15487
BRDA:124,80,0,5863
BRDA:126,81,0,2546
BRDA:119,82,0,49335
BRDA:122,83,0,30461
BRDA:126,84,0,4130
BRDA:131,85,0,2546
BRDA:132,86,0,1
BRDA:133,87,0,2545
BRDA:134,88,0,35630
BRDA:138,89,0,20258
BRDA:138,90,0,15372
BRDA:140,91,0,2545
BRDA:140,92,0,252
BRDA:141,93,0,2293
BRDA:145,94,0,5083
BRDA:147,95,0,264541
BRDA:148,96,0,161574
BRDA:149,97,0,102967
BRDA:149,98,0,102391
BRDA:150,99,0,576
BRDA:155,100,0,5082
BRDA:156,101,0,1
BRDA:157,102,0,5081
BRDA:159,103,0,136
BRDA:160,104,0,5081
BRDA:160,105,0,0
BRDA:161,106,0,3089
BRDA:161,107,0,130
BRDA:162,108,0,4951
BRDA:162,109,0,1807
BRDA:162,110,0,692
BRDA:163,111,0,4259
BRDA:163,112,0,2959
BRDA:163,113,0,2959
BRDA:164,114,0,1300
BRDA:168,115,0,2546
BRDA:170,116,0,134834
BRDA:172,117,0,0
BRDA:173,118,0,37872
BRDA:179,119,0,2546
BRDA:182,120,0,50910
BRDA:186,121,0,0
BRDA:190,122,0,2534
BRDA:192,123,0,131717
BRDA:199,124,0,131717
BRDA:201,125,0,98788
BRDA:202,126,0,2533
BRDA:203,127,0,96255
BRDA:206,128,0,2533
BRDA:206,129,0,1
BRDA:210,130,0,2534
BRDA:214,131,0,110305
BRDA:215,132,0,37969
BRDA:216,133,0,9189
BRDA:220,134,0,2533
BRDA:220,135,0,1
BRDA:221,136,0,2199
BRDA:221,137,0,334
BRDA:222,138,0,2199
BRDA:223,139,0,334
BRDA:224,140,0,2533
BRDA:228,141,0,2533
BRDA:236,142,0,2547
BRDA:237,143,0,2
BRDA:238,144,0,2545
BRDA:239,145,0,50900
BRDA:241,146,0,0
BRDA:245,147,0,2545
BRDA:245,148,0,0
BRDA:249,149,0,2546
BRDA:251,150,0,1
BRDA:252,151,0,2545
BRDA:253,152,0,132299
BRDA:258,153,0,81610
BRDA:258,154,0,74747
BRDA:258,155,0,57552
BRDA:259,156,0,50317
BRDA:259,157,0,43435
BRDA:259,158,0,88864
BRDA:261,159,0,2545
BRDA:263,160,0,35630
BRDA:264,161,0,2545
BRDA:265,162,0,96669
BRDA:266,163,0,94124
BRDA:271,164,0,0
BRDA:272,165,0,0
BRDA:275,166,0,96655
BRDA:275,167,0,14
BRDA:277,168,0,2545
BRDA:279,169,0,1941
BRDA:281,170,0,27174
BRDA:283,171,0,64063
BRDA:287,172,0,2545
BRDA:287,173,0,1941
BRDA:287,174,0,604
BRDA:288,175,0,2545
BRDA:288,176,0,0
BRDA:289,177,0,2545
BRDA:289,178,0,0
BRDA:294,179,0,2547
BRDA:302,180,0,132357
BRDA:306,181,0,134904
BRDA:307,182,0,86520
BRDA:307,183,0,48384
BRDA:308,184,0,86520
BRDA:309,185,0,1211280
BRDA:310,186,0,86520
BRDA:295,187,0,134904
BRDA:318,188,0,2546
BRDA:323,189,0,25460
BRDA:324,190,0,22426
BRDA:324,191,0,22426
BRDA:325,192,0,1484
BRDA:325,193,0,893
BRDA:333,194,0,1
BRDA:334,195,0,69
BRDA:319,196,0,134854
BRDA:341,197,0,4226
BRDA:343,198,0,315
BRDA:344,199,0,3911
BRDA:346,200,0,86042
BRDA:346,201,0,29359
BRDA:347,202,0,3911
BRDA:349,203,0,86042
BRDA:349,204,0,14366
BRDA:350,205,0,3911
BRDA:352,206,0,89833
BRDA:356,207,0,3911
BRDA:358,208,0,86042
BRDA:359,209,0,3911
BRDA:359,210,0,0
BRDA:364,211,0,2546
BRDA:365,212,0,672
BRDA:366,213,0,1874
BRDA:367,214,0,0
BRDA:370,215,0,19
BRDA:370,216,0,18
BRDA:370,217,0,18
BRDA:371,218,0,1856
BRDA:371,219,0,1
BRDA:371,220,0,1
BRDA:371,221,0,0
BRDA:372,222,0,1856
BRDA:372,223,0,315
BRDA:372,224,0,315
BRDA:372,225,0,309
BRDA:373,226,0,1547
BRDA:373,227,0,6
BRDA:373,228,0,0
BRDA:373,229,0,0
BRDA:374,230,0,1547
BRDA:374,231,0,340
BRDA:374,232,0,1
BRDA:375,233,0,1546
BRDA:375,234,0,57
BRDA:375,235,0,1
BRDA:376,236,0,1545
BRDA:380,237,0,2546
BRDA:382,238,0,0
BRDA:395,239,0,38
BRDA:395,240,0,0
BRDA:399,241,0,628
BRDA:399,242,0,0
BRDA:403,243,0,1531
BRDA:403,244,0,486
BRDA:403,245,0,464
BRDA:403,246,0,1
BRDA:407,247,0,1007
BRDA:407,248,0,499
BRDA:407,249,0,408
BRDA:407,250,0,0
BRDA:411,251,0,0
BRDA:411,252,0,0
BRDA:415,253,0,8
BRDA:423,254,0,2545
BRDA:427,255,0,2544
BRDA:427,256,0,1
BRDA:428,257,0,2544
BRDA:438,258,0,2543
BRDA:438,259,0,1
BRDA:446,260,0,20352
BRDA:447,261,0,6404
BRDA:448,262,0,9821
BRDA:450,263,0,2544
BRDA:451,264,0,17808
BRDA:452,265,0,6138
BRDA:453,266,0,8626
BRDA:455,267,0,2544
BRDA:457,268,0,231
BRDA:457,269,0,5
BRDA:458,270,0,2539
BRDA:460,271,0,972
BRDA:460,272,0,31
BRDA:461,273,0,2508
BRDA:463,274,0,1065
BRDA:463,275,0,43
BRDA:464,276,0,2465
BRDA:466,277,0,260
BRDA:466,278,0,4
BRDA:467,279,0,2461
BRDA:469,280,0,180
BRDA:469,281,0,2
BRDA:470,282,0,2459
BRDA:470,283,0,884
BRDA:470,284,0,13
BRDA:471,285,0,2446
BRDA:476,286,0,2545
BRDA:480,287,0,51
BRDA:481,288,0,2494
BRDA:484,289,0,0
BRDA:491,290,0,2515
BRDA:491,291,0,3655
BRDA:492,292,0,2919
BRDA:494,293,0,885
BRDA:494,294,0,54
BRDA:498,295,0,2440
BRDA:500,296,0,1113
BRDA:502,297,0,0
BRDA:503,298,0,986
BRDA:505,299,0,145
BRDA:505,300,0,26
BRDA:509,301,0,2414
BRDA:487,302,0,5862
BRDA:487,303,0,3788
BRDA:488,304,0,5862
BRDA:488,305,0,2074
BRDA:514,306,0,2545
BRDA:516,307,0,136
BRDA:517,308,0,2409
BRDA:520,309,0,48180
BRDA:521,310,0,2409
BRDA:525,311,0,0
BRDA:528,312,0,0
BRDA:528,313,0,0
BRDA:538,314,0,2409
BRDA:540,315,0,0
BRDA:540,316,0,0
BRDA:546,317,0,2409
BRDA:551,318,0,2545
BRDA:553,319,0,2208
BRDA:553,320,0,337
BRDA:554,321,0,2208
BRDA:561,322,0,22080
BRDA:562,323,0,6280
BRDA:562,324,0,759
BRDA:563,325,0,9830
BRDA:563,326,0,1592
BRDA:565,327,0,2208
BRDA:565,328,0,22080
BRDA:566,329,0,6182
BRDA:566,330,0,30
BRDA:567,331,0,9705
BRDA:567,332,0,3
BRDA:569,333,0,2208
BRDA:571,334,0,216
BRDA:571,335,0,3
BRDA:572,336,0,2205
BRDA:574,337,0,1045
BRDA:574,338,0,17
BRDA:575,339,0,2188
BRDA:580,340,0,2545
BRDA:581,341,0,2544
BRDA:581,342,0,1
BRDA:582,343,0,2544
BRDA:583,344,0,470
BRDA:584,345,0,2074
BRDA:592,346,0,2545
BRDA:609,347,0,134804
BRDA:610,348,0,114444
BRDA:611,349,0,72204
BRDA:612,350,0,114444
BRDA:612,351,0,72204
BRDA:616,352,0,31980
BRDA:620,353,0,70063
BRDA:629,354,0,0
BRDA:630,355,0,0
BRDA:634,356,0,2141
BRDA:634,357,0,2141
BRDA:634,358,0,2074
BRDA:635,359,0,501
BRDA:635,360,0,32
BRDA:636,361,0,2042
BRDA:636,362,0,1597
BRDA:636,363,0,24
BRDA:641,364,0,2141
BRDA:641,365,0,1012
BRDA:641,366,0,1533
BRDA:642,367,0,2141
BRDA:642,368,0,1012
BRDA:642,369,0,1533
BRDA:643,370,0,1012
BRDA:644,371,0,0
BRDA:645,372,0,830
BRDA:645,373,0,43
BRDA:646,374,0,969
BRDA:646,375,0,57
BRDA:646,376,0,13
BRDA:651,377,0,2074
BRDA:651,378,0,980
BRDA:654,379,0,57
BRDA:654,380,0,2
BRDA:655,381,0,978
BRDA:655,382,0,923
BRDA:655,383,0,3
BRDA:660,384,0,1012
BRDA:661,385,0,1011
BRDA:661,386,0,830
BRDA:662,387,0,182
BRDA:662,388,0,57
BRDA:600,389,0,218628
BRDA:602,390,0,4570260
BRDA:603,391,0,2254587
BRDA:604,392,0,829356
BRDA:674,393,0,2545
BRDA:677,394,0,101722
BRDA:679,395,0,1424108
BRDA:680,396,0,710722
BRDA:681,397,0,348164
BRDA:683,398,0,0
BRDA:689,399,0,2545
BRDA:694,400,0,672
BRDA:695,401,0,1873
BRDA:696,402,0,64042
BRDA:697,403,0,0
BRDA:699,404,0,1873
BRDA:702,405,0,64042
BRDA:703,406,0,13871
BRDA:704,407,0,50171
BRDA:705,408,0,451539
BRDA:706,409,0,50171
BRDA:708,410,0,1873
BRDA:708,411,0,0
BRDA:709,412,0,1873
BRDA:709,413,0,0
BRDA:710,414,0,1831
BRDA:710,415,0,42
BRDA:711,416,0,1831
BRDA:711,417,0,42
BRDA:713,418,0,1873
BRDA:713,419,0,1558
BRDA:713,420,0,1558
BRDA:713,421,0,1519
BRDA:714,422,0,494
BRDA:714,423,0,49
BRDA:715,424,0,1470
BRDA:715,425,0,518
BRDA:715,426,0,24
BRDA:717,427,0,1873
BRDA:691,428,0,134804
BRDA:692,429,0,99178
BRDA:721,430,0,2545
BRDA:723,431,0,1
BRDA:724,432,0,2544
BRDA:728,433,0,132250
BRDA:731,434,0,2544
BRDA:732,435,0,109354
BRDA:734,436,0,1093540
BRDA:734,437,0,0
BRDA:740,438,0,106810
BRDA:740,439,0,100995
BRDA:741,440,0,106810
BRDA:741,441,0,104614
BRDA:743,442,0,46409
BRDA:744,443,0,2566
BRDA:744,444,0,43843
BRDA:745,445,0,62945
BRDA:746,446,0,691
BRDA:746,447,0,62254
BRDA:748,448,0,64820
BRDA:748,449,0,44534
BRDA:755,450,0,2544
BRDA:759,451,0,2544
BRDA:759,452,0,2544
BRDA:760,453,0,696
BRDA:760,454,0,48
BRDA:761,455,0,2496
BRDA:761,456,0,1848
BRDA:761,457,0,21
BRDA:763,458,0,1875
BRDA:763,459,0,669
BRDA:767,460,0,2545
BRDA:771,461,0,0
BRDA:773,462,0,101780
BRDA:774,463,0,34443
BRDA:775,464,0,9587
BRDA:778,465,0,0
BRDA:782,466,0,101780
BRDA:788,467,0,61080
BRDA:789,468,0,12223
BRDA:796,469,0,31140
BRDA:796,470,0,5202
BRDA:796,471,0,31140
BRDA:797,472,0,25938
BRDA:797,473,0,5202
BRDA:798,474,0,27346
BRDA:798,475,0,3794
BRDA:799,476,0,19499
BRDA:799,477,0,17905
BRDA:800,478,0,13235
BRDA:801,479,0,0
BRDA:793,480,0,61080
BRDA:807,481,0,61080
BRDA:812,482,0,5090
BRDA:814,483,0,193268
BRDA:823,484,0,2545
BRDA:844,485,0,2544
BRDA:845,486,0,239
BRDA:846,487,0,906
BRDA:846,488,0,1638
BRDA:846,489,0,990
BRDA:852,490,0,50890
BRDA:854,491,0,0
BRDA:855,492,0,0
BRDA:906,493,0,0
BRDA:907,494,0,0
BRDA:908,495,0,0
BRDA:913,496,0,0
BRDA:914,497,0,0
BRDA:915,498,0,0
BRDA:916,499,0,0
BRDA:919,500,0,0
BRDA:921,501,0,0
BRDA:927,502,0,0
BRDA:927,503,0,3
BRDA:927,504,0,2542
BRDA:927,505,0,59
BRDA:927,506,0,2483
BRDA:934,507,0,0
BRDA:935,508,0,0
BRDA:965,509,0,0
BRDA:966,510,0,0
BRDA:967,511,0,0
BRDA:972,512,0,59
BRDA:972,513,0,59
BRDA:973,514,0,2486
BRDA:973,515,0,51
BRDA:976,516,0,3
BRDA:976,517,0,2542
BRDA:976,518,0,0
BRDA:979,519,0,1530
BRDA:981,520,0,1015
BRDA:986,521,0,11
BRDA:986,522,0,2534
BRDA:987,523,0,11
BRDA:992,524,0,1550
BRDA:992,525,0,345
BRDA:995,526,0,2200
BRDA:995,527,0,3
BRDA:995,528,0,2
BRDA:998,529,0,2198
BRDA:998,530,0,0
BRDA:1003,531,0,1079
BRDA:1003,532,0,1119
BRDA:1025,533,0,681
BRDA:824,534,0,134804
BRDA:848,535,0,134804
BRDA:940,536,0,2545
BRDA:941,537,0,0
BRDA:946,538,0,12725
BRDA:950,539,0,0
BRDA:956,540,0,3
BRDA:956,541,0,2542
BRDA:956,542,0,345
BRDA:956,543,0,2197
BRDA:956,544,0,2118
BRDA:956,545,0,79
BRDA:956,546,0,78
BRDA:956,547,0,1
BRDA:958,548,0,1553
BRDA:944,549,0,12725
BRF:550
BRH:491
end_of_record
TN:
SF:src\utils\monteCarlo.js
FN:21,runMonteCarlo
FN:65,percentile
FN:106,_ensureWorker
FN:111,_worker.onmessage
FN:119,_worker.onerror
FN:133,runMonteCarloAsync
FN:143,terminateMonteCarloWorker
FNF:7
FNH:4
FNDA:6,runMonteCarlo
FNDA:257,percentile
FNDA:1,_ensureWorker
FNDA:0,_worker.onmessage
FNDA:0,_worker.onerror
FNDA:1,runMonteCarloAsync
FNDA:0,terminateMonteCarloWorker
DA:1,1
DA:2,1
DA:3,1
DA:4,1
DA:5,1
DA:6,1
DA:7,1
DA:8,1
DA:9,1
DA:10,1
DA:11,1
DA:12,1
DA:13,1
DA:14,1
DA:15,1
DA:16,1
DA:17,1
DA:18,1
DA:19,1
DA:20,1
DA:21,1
DA:22,6
DA:23,2
DA:24,2
DA:25,4
DA:26,4
DA:27,4
DA:28,4
DA:29,4
DA:30,6
DA:31,356
DA:32,356
DA:33,356
DA:34,6
DA:35,4
DA:36,4
DA:37,4
DA:38,4
DA:39,4
DA:40,4
DA:41,4
DA:42,4
DA:43,4
DA:44,4
DA:45,4
DA:46,4
DA:47,4
DA:48,6
DA:49,4
DA:50,6
DA:51,450
DA:52,450
DA:53,450
DA:54,6250
DA:55,6250
DA:56,6250
DA:57,6250
DA:58,6250
DA:59,6250
DA:60,6250
DA:61,450
DA:62,450
DA:63,4
DA:64,4
DA:65,4
DA:66,257
DA:67,257
DA:68,257
DA:69,4
DA:70,4
DA:71,4
DA:72,6
DA:73,49
DA:74,49
DA:75,49
DA:76,49
DA:77,49
DA:78,49
DA:79,4
DA:80,4
DA:81,4
DA:82,4
DA:83,4
DA:84,4
DA:85,4
DA:86,4
DA:87,4
DA:88,4
DA:89,4
DA:90,4
DA:91,4
DA:92,4
DA:93,4
DA:94,4
DA:95,4
DA:96,4
DA:97,4
DA:98,4
DA:99,4
DA:100,1
DA:101,1
DA:102,1
DA:103,1
DA:104,1
DA:105,1
DA:106,1
DA:107,1
DA:108,1
DA:109,0
DA:110,0
DA:111,0
DA:112,0
DA:113,0
DA:114,0
DA:115,0
DA:116,0
DA:117,0
DA:118,0
DA:119,0
DA:120,0
DA:121,0
DA:122,0
DA:123,0
DA:124,0
DA:125,0
DA:126,0
DA:127,0
DA:128,1
DA:129,1
DA:130,1
DA:131,1
DA:132,1
DA:133,1
DA:134,1
DA:135,1
DA:136,0
DA:137,0
DA:138,0
DA:139,0
DA:140,0
DA:141,0
DA:142,1
DA:143,1
DA:144,0
DA:145,0
LF:145
LH:118
BRDA:21,0,0,6
BRDA:22,1,0,5
BRDA:22,2,0,2
BRDA:25,3,0,4
BRDA:30,4,0,356
BRDA:34,5,0,4
BRDA:34,6,0,0
BRDA:35,7,0,4
BRDA:48,8,0,49
BRDA:49,9,0,4
BRDA:50,10,0,450
BRDA:53,11,0,6250
BRDA:63,12,0,4
BRDA:72,13,0,49
BRDA:79,14,0,4
BRDA:36,15,0,356
BRDA:37,16,0,356
BRDA:65,17,0,257
BRDA:66,18,0,195310
BRDA:81,19,0,450
BRDA:106,20,0,1
BRDA:107,21,0,0
BRDA:109,22,0,0
BRDA:133,23,0,1
BRDA:136,24,0,0
BRF:25
BRH:21
end_of_record
TN:
SF:src\utils\sanitize.js
FN:19,escapeEntities
FN:32,sanitizeHTML
FN:53,renderSafeMarkdown
FN:63,sanitizeText
FNF:4
FNH:4
FNDA:3,escapeEntities
FNDA:8,sanitizeHTML
FNDA:3,renderSafeMarkdown
FNDA:2,sanitizeText
DA:1,1
DA:2,1
DA:3,1
DA:4,1
DA:5,1
DA:6,1
DA:7,1
DA:8,1
DA:9,1
DA:10,1
DA:11,1
DA:12,1
DA:13,1
DA:14,1
DA:15,1
DA:16,1
DA:17,1
DA:18,1
DA:19,3
DA:20,3
DA:21,3
DA:22,3
DA:23,3
DA:24,3
DA:25,3
DA:26,3
DA:27,1
DA:28,1
DA:29,1
DA:30,1
DA:31,1
DA:32,1
DA:33,8
DA:34,6
DA:35,6
DA:36,8
DA:37,6
DA:38,6
DA:39,6
DA:40,6
DA:41,6
DA:42,6
DA:43,6
DA:44,8
DA:45,0
DA:46,0
DA:47,1
DA:48,1
DA:49,1
DA:50,1
DA:51,1
DA:52,1
DA:53,1
DA:54,3
DA:55,3
DA:56,3
DA:57,3
DA:58,3
DA:59,3
DA:60,3
DA:61,1
DA:62,1
DA:63,1
DA:64,2
DA:65,1
DA:66,2
DA:67,1
DA:68,1
DA:69,2
DA:70,0
DA:71,0
LF:71
LH:67
BRDA:19,0,0,3
BRDA:20,1,0,0
BRDA:32,2,0,8
BRDA:33,3,0,2
BRDA:34,4,0,6
BRDA:36,5,0,6
BRDA:44,6,0,0
BRDA:53,7,0,3
BRDA:63,8,0,2
BRDA:64,9,0,1
BRDA:66,10,0,1
BRDA:69,11,0,0
BRF:12
BRH:9
end_of_record
TN:
SF:src\utils\signals.js
FN:20,setSignalReliabilityHints
FN:28,detectBreakout
FN:66,detectChartPattern
FN:112,detectMomentumShift
FN:140,detectSmartMoney
FN:171,getUnifiedAnalysis
FN:236,detectHolyGrail
FN:251,getEliteConfluence
FN:323,detectSetups
FN:375,genSignal
FN:1366,estimateSignalPerformance
FN:1370,calcKellyFraction
FN:1377,calcPosition
FNF:13
FNH:10
FNDA:12,setSignalReliabilityHints
FNDA:9,detectBreakout
FNDA:7,detectChartPattern
FNDA:8,detectMomentumShift
FNDA:10,detectSmartMoney
FNDA:5,getUnifiedAnalysis
FNDA:4,detectHolyGrail
FNDA:0,getEliteConfluence
FNDA:2536,detectSetups
FNDA:2532,genSignal
FNDA:0,estimateSignalPerformance
FNDA:0,calcKellyFraction
FNDA:14,calcPosition
DA:1,1
DA:2,1
DA:3,1
DA:4,1
DA:5,1
DA:6,1
DA:7,1
DA:8,1
DA:9,1
DA:10,1
DA:11,1
DA:12,1
DA:13,1
DA:14,1
DA:15,1
DA:16,1
DA:17,1
DA:18,1
DA:19,1
DA:20,1
DA:21,12
DA:22,12
DA:23,1
DA:24,1
DA:25,1
DA:26,1
DA:27,1
DA:28,1
DA:29,9
DA:30,9
DA:31,8
DA:32,8
DA:33,8
DA:34,8
DA:35,9
DA:36,8
DA:37,9
DA:38,9
DA:39,1
DA:40,1
DA:41,7
DA:42,7
DA:43,7
DA:44,9
DA:45,7
DA:46,9
DA:47,9
DA:48,1
DA:49,1
DA:50,6
DA:51,6
DA:52,9
DA:53,6
DA:54,6
DA:55,6
DA:56,0
DA:57,0
DA:58,6
DA:59,0
DA:60,0
DA:61,6
DA:62,6
DA:63,6
DA:64,6
DA:65,1
DA:66,1
DA:67,7
DA:68,7
DA:69,6
DA:70,6
DA:71,6
DA:72,6
DA:73,6
DA:74,6
DA:75,6
DA:76,6
DA:77,6
DA:78,6
DA:79,6
DA:80,6
DA:81,0
DA:82,0
DA:83,6
DA:84,6
DA:85,6
DA:86,6
DA:87,6
DA:88,6
DA:89,6
DA:90,6
DA:91,6
DA:92,6
DA:93,6
DA:94,6
DA:95,4
DA:96,4
DA:97,6
DA:98,2
DA:99,2
DA:100,2
DA:101,2
DA:102,2
DA:103,2
DA:104,2
DA:105,1
DA:106,1
DA:107,2
DA:108,1
DA:109,1
DA:110,1
DA:111,1
DA:112,1
DA:113,8
DA:114,8
DA:115,7
DA:116,7
DA:117,8
DA:118,6
DA:119,6
DA:120,6
DA:121,6
DA:122,6
DA:123,0
DA:124,0
DA:125,6
DA:126,0
DA:127,0
DA:128,6
DA:129,6
DA:130,7
DA:131,7
DA:132,8
DA:133,1
DA:134,1
DA:135,1
DA:136,6
DA:137,6
DA:138,6
DA:139,1
DA:140,1
DA:141,10
DA:142,10
DA:143,10
DA:144,10
DA:145,10
DA:146,10
DA:147,10
DA:148,10
DA:149,10
DA:150,10
DA:151,1
DA:152,1
DA:153,10
DA:154,10
DA:155,10
DA:156,10
DA:157,10
DA:158,10
DA:159,10
DA:160,10
DA:161,10
DA:162,10
DA:163,1
DA:164,1
DA:165,10
DA:166,10
DA:167,10
DA:168,1
DA:169,1
DA:170,1
DA:171,1
DA:172,5
DA:173,5
DA:174,5
DA:175,5
DA:176,5
DA:177,5
DA:178,5
DA:179,5
DA:180,5
DA:181,5
DA:182,5
DA:183,5
DA:184,5
DA:185,5
DA:186,5
DA:187,5
DA:188,5
DA:189,5
DA:190,5
DA:191,5
DA:192,5
DA:193,5
DA:194,5
DA:195,5
DA:196,5
DA:197,5
DA:198,5
DA:199,5
DA:200,5
DA:201,5
DA:202,5
DA:203,5
DA:204,5
DA:205,5
DA:206,5
DA:207,5
DA:208,5
DA:209,5
DA:210,5
DA:211,5
DA:212,5
DA:213,5
DA:214,0
DA:215,0
DA:216,5
DA:217,5
DA:218,5
DA:219,0
DA:220,0
DA:221,0
DA:222,0
DA:223,0
DA:224,0
DA:225,0
DA:226,0
DA:227,0
DA:228,0
DA:229,0
DA:230,0
DA:231,0
DA:232,5
DA:233,5
DA:234,5
DA:235,1
DA:236,1
DA:237,4
DA:238,4
DA:239,4
DA:240,4
DA:241,4
DA:242,4
DA:243,4
DA:244,3
DA:245,3
DA:246,1
DA:247,1
DA:248,1
DA:249,1
DA:250,1
DA:251,1
DA:252,0
DA:253,0
DA:254,0
DA:255,0
DA:256,0
DA:257,0
DA:258,0
DA:259,0
DA:260,0
DA:261,0
DA:262,0
DA:263,0
DA:264,0
DA:265,0
DA:266,0
DA:267,0
DA:268,0
DA:269,0
DA:270,0
DA:271,0
DA:272,0
DA:273,0
DA:274,0
DA:275,0
DA:276,0
DA:277,0
DA:278,0
DA:279,0
DA:280,0
DA:281,0
DA:282,0
DA:283,0
DA:284,0
DA:285,0
DA:286,0
DA:287,0
DA:288,0
DA:289,0
DA:290,0
DA:291,0
DA:292,0
DA:293,0
DA:294,0
DA:295,0
DA:296,0
DA:297,0
DA:298,0
DA:299,0
DA:300,0
DA:301,0
DA:302,0
DA:303,0
DA:304,0
DA:305,0
DA:306,0
DA:307,0
DA:308,0
DA:309,0
DA:310,0
DA:311,0
DA:312,0
DA:313,0
DA:314,0
DA:315,0
DA:316,0
DA:317,0
DA:318,0
DA:319,0
DA:320,0
DA:321,0
DA:322,1
DA:323,1
DA:324,2536
DA:325,2536
DA:326,2536
DA:327,2536
DA:328,2536
DA:329,2536
DA:330,2536
DA:331,2536
DA:332,2536
DA:333,2536
DA:334,29
DA:335,29
DA:336,29
DA:337,2536
DA:338,2536
DA:339,2536
DA:340,2536
DA:341,2536
DA:342,2536
DA:343,2536
DA:344,2536
DA:345,2536
DA:346,2536
DA:347,2536
DA:348,2536
DA:349,2536
DA:350,2536
DA:351,2536
DA:352,17
DA:353,17
DA:354,17
DA:355,2536
DA:356,2536
DA:357,2536
DA:358,2536
DA:359,2536
DA:360,2536
DA:361,2536
DA:362,2536
DA:363,2536
DA:364,2536
DA:365,2536
DA:366,2536
DA:367,2536
DA:368,2536
DA:369,2536
DA:370,2536
DA:371,1
DA:372,1
DA:373,1
DA:374,1
DA:375,1
DA:376,2532
DA:377,2532
DA:378,2532
DA:379,2532
DA:380,2532
DA:381,2532
DA:382,2532
DA:383,2532
DA:384,2532
DA:385,2532
DA:386,2532
DA:387,2532
DA:388,2532
DA:389,2532
DA:390,2532
DA:391,2532
DA:392,2532
DA:393,2532
DA:394,2532
DA:395,2532
DA:396,2532
DA:397,2532
DA:398,2532
DA:399,2532
DA:400,2532
DA:401,2512
DA:402,2481
DA:403,2263
DA:404,517
DA:405,517
DA:406,517
DA:407,517
DA:408,1746
DA:409,424
DA:410,424
DA:411,424
DA:412,424
DA:413,1322
DA:414,2532
DA:415,2532
DA:416,2532
DA:417,2532
DA:418,451
DA:419,225
DA:420,225
DA:421,451
DA:422,226
DA:423,226
DA:424,226
DA:425,451
DA:426,2532
DA:427,2532
DA:428,2532
DA:429,1784
DA:430,1784
DA:431,1784
DA:432,1784
DA:433,1784
DA:434,1784
DA:435,1425
DA:436,1784
DA:437,1784
DA:438,1658
DA:439,1658
DA:440,1784
DA:441,2532
DA:442,2532
DA:443,2532
DA:444,1706
DA:445,894
DA:446,1706
DA:447,1706
DA:448,1706
DA:449,1706
DA:450,1706
DA:451,1706
DA:452,1706
DA:453,1706
DA:454,1706
DA:455,1684
DA:456,1706
DA:457,1706
DA:458,1706
DA:459,2532
DA:460,2532
DA:461,2532
DA:462,2532
DA:463,2532
DA:464,2532
DA:465,2036
DA:466,1109
DA:467,1109
DA:468,1109
DA:469,1109
DA:470,2532
DA:471,2532
DA:472,2532
DA:473,2532
DA:474,2532
DA:475,2532
DA:476,2532
DA:477,2473
DA:478,2532
DA:479,2532
DA:480,2532
DA:481,0
DA:482,0
DA:483,0
DA:484,2532
DA:485,2532
DA:486,2532
DA:487,2532
DA:488,2463
DA:489,332
DA:490,332
DA:491,332
DA:492,332
DA:493,2131
DA:494,1950
DA:495,2532
DA:496,2532
DA:497,2467
DA:498,2121
DA:499,2532
DA:500,710
DA:501,2532
DA:502,2532
DA:503,2532
DA:504,2532
DA:505,2528
DA:506,2494
DA:507,2100
DA:508,2532
DA:509,2532
DA:510,2532
DA:511,2532
DA:512,2532
DA:513,2532
DA:514,13
DA:515,13
DA:516,2532
DA:517,2532
DA:518,73
DA:519,73
DA:520,2532
DA:521,2532
DA:522,2532
DA:523,2532
DA:524,2532
DA:525,97
DA:526,91
DA:527,47
DA:528,4
DA:529,97
DA:530,2532
DA:531,2532
DA:532,2532
DA:533,19
DA:534,17
DA:535,19
DA:536,2532
DA:537,2532
DA:538,2532
DA:539,80
DA:540,80
DA:541,80
DA:542,2532
DA:543,2532
DA:544,2532
DA:545,0
DA:546,0
DA:547,0
DA:548,0
DA:549,2532
DA:550,2532
DA:551,2532
DA:552,469
DA:553,0
DA:554,0
DA:555,0
DA:556,0
DA:557,469
DA:558,2532
DA:559,2532
DA:560,2532
DA:561,2532
DA:562,2514
DA:563,2514
DA:564,2205
DA:565,2532
DA:566,2532
DA:567,2532
DA:568,2532
DA:569,2532
DA:570,2532
DA:571,1929
DA:572,1036
DA:573,903
DA:574,386
DA:575,1929
DA:576,2532
DA:577,2532
DA:578,2532
DA:579,2532
DA:580,151
DA:581,50
DA:582,2532
DA:583,63
DA:584,63
DA:585,2532
DA:586,2532
DA:587,2532
DA:588,2532
DA:589,2532
DA:590,2532
DA:591,2532
DA:592,23377
DA:593,23377
DA:594,23377
DA:595,23377
DA:596,18684
DA:597,15050
DA:598,12410
DA:599,12410
DA:600,9142
DA:601,7608
DA:602,2617
DA:603,237
DA:604,86
DA:605,0
DA:606,0
DA:607,0
DA:608,0
DA:609,0
DA:610,23377
DA:611,23377
DA:612,11170
DA:613,23377
DA:614,23377
DA:615,2532
DA:616,2532
DA:617,2509
DA:618,2202
DA:619,2202
DA:620,2532
DA:621,2532
DA:622,2532
DA:623,2532
DA:624,2532
DA:625,2532
DA:626,2532
DA:627,2532
DA:628,1600
DA:629,2532
DA:630,2532
DA:631,2532
DA:632,2532
DA:633,2532
DA:634,2532
DA:635,365
DA:636,365
DA:637,365
DA:638,2532
DA:639,1026
DA:640,363
DA:641,363
DA:642,1026
DA:643,2532
DA:644,2532
DA:645,2532
DA:646,2532
DA:647,2532
DA:648,2532
DA:649,2532
DA:650,2532
DA:651,459
DA:652,459
DA:653,2532
DA:654,2532
DA:655,34
DA:656,34
DA:657,2532
DA:658,2532
DA:659,2532
DA:660,2532
DA:661,2532
DA:662,2532
DA:663,2532
DA:664,2532
DA:665,2532
DA:666,0
DA:667,0
DA:668,2532
DA:669,0
DA:670,0
DA:671,2532
DA:672,2532
DA:673,2532
DA:674,2532
DA:675,2532
DA:676,10
DA:677,10
DA:678,10
DA:679,2532
DA:680,2532
DA:681,2532
DA:682,2532
DA:683,2532
DA:684,2532
DA:685,2532
DA:686,1
DA:687,1
DA:688,1
DA:689,2532
DA:690,2532
DA:691,2532
DA:692,2532
DA:693,2532
DA:694,2532
DA:695,2532
DA:696,2532
DA:697,2532
DA:698,0
DA:699,0
DA:700,2532
DA:701,0
DA:702,0
DA:703,2532
DA:704,0
DA:705,0
DA:706,2532
DA:707,2532
DA:708,42
DA:709,42
DA:710,2532
DA:711,2532
DA:712,2532
DA:713,2532
DA:714,2532
DA:715,2532
DA:716,2532
DA:717,2532
DA:718,2532
DA:719,394
DA:720,394
DA:721,2138
DA:722,2138
DA:723,14
DA:724,14
DA:725,2532
DA:726,2532
DA:727,2532
DA:728,2532
DA:729,2532
DA:730,2532
DA:731,2532
DA:732,2532
DA:733,2532
DA:734,2532
DA:735,1283
DA:736,1283
DA:737,23
DA:738,23
DA:739,1283
DA:740,2532
DA:741,2532
DA:742,2532
DA:743,2407
DA:744,2407
DA:745,45
DA:746,45
DA:747,2407
DA:748,2532
DA:749,2532
DA:750,2532
DA:751,2532
DA:752,2532
DA:753,2532
DA:754,2532
DA:755,0
DA:756,0
DA:757,0
DA:758,0
DA:759,0
DA:760,0
DA:761,0
DA:762,0
DA:763,0
DA:764,0
DA:765,0
DA:766,0
DA:767,0
DA:768,0
DA:769,0
DA:770,0
DA:771,0
DA:772,0
DA:773,0
DA:774,0
DA:775,0
DA:776,0
DA:777,0
DA:778,0
DA:779,0
DA:780,0
DA:781,0
DA:782,0
DA:783,0
DA:784,0
DA:785,0
DA:786,0
DA:787,0
DA:788,0
DA:789,0
DA:790,0
DA:791,0
DA:792,0
DA:793,0
DA:794,0
DA:795,0
DA:796,0
DA:797,0
DA:798,0
DA:799,0
DA:800,0
DA:801,0
DA:802,0
DA:803,0
DA:804,0
DA:805,0
DA:806,0
DA:807,0
DA:808,0
DA:809,0
DA:810,0
DA:811,0
DA:812,0
DA:813,0
DA:814,0
DA:815,0
DA:816,0
DA:817,0
DA:818,0
DA:819,0
DA:820,0
DA:821,0
DA:822,0
DA:823,0
DA:824,0
DA:825,0
DA:826,0
DA:827,0
DA:828,0
DA:829,0
DA:830,0
DA:831,0
DA:832,0
DA:833,0
DA:834,0
DA:835,0
DA:836,0
DA:837,0
DA:838,0
DA:839,0
DA:840,0
DA:841,0
DA:842,0
DA:843,0
DA:844,0
DA:845,0
DA:846,0
DA:847,2532
DA:848,2532
DA:849,2532
DA:850,2532
DA:851,0
DA:852,0
DA:853,0
DA:854,0
DA:855,0
DA:856,0
DA:857,0
DA:858,0
DA:859,0
DA:860,0
DA:861,2532
DA:862,2532
DA:863,2532
DA:864,2532
DA:865,2532
DA:866,3
DA:867,1
DA:868,1
DA:869,2
DA:870,0
DA:871,0
DA:872,2
DA:873,2
DA:874,2
DA:875,2
DA:876,2
DA:877,0
DA:878,0
DA:879,0
DA:880,3
DA:881,2532
DA:882,2532
DA:883,2532
DA:884,2532
DA:885,2532
DA:886,2532
DA:887,2532
DA:888,2532
DA:889,2532
DA:890,2532
DA:891,32
DA:892,32
DA:893,2532
DA:894,24
DA:895,24
DA:896,24
DA:897,2532
DA:898,2532
DA:899,42
DA:900,42
DA:901,2532
DA:902,12
DA:903,12
DA:904,12
DA:905,2532
DA:906,2532
DA:907,786
DA:908,786
DA:909,2532
DA:910,43
DA:911,43
DA:912,43
DA:913,2532
DA:914,2532
DA:915,2
DA:916,2
DA:917,2532
DA:918,3
DA:919,3
DA:920,3
DA:921,2532
DA:922,2532
DA:923,2532
DA:924,2532
DA:925,2532
DA:926,2532
DA:927,47
DA:928,47
DA:929,2532
DA:930,21
DA:931,21
DA:932,2485
DA:933,1819
DA:934,1819
DA:935,2464
DA:936,645
DA:937,645
DA:938,645
DA:939,2532
DA:940,2532
DA:941,2532
DA:942,2532
DA:943,2532
DA:944,2532
DA:945,317
DA:946,317
DA:947,2532
DA:948,1077
DA:949,1077
DA:950,1077
DA:951,2532
DA:952,2532
DA:953,2532
DA:954,2532
DA:955,2532
DA:956,2532
DA:957,49
DA:958,49
DA:959,2532
DA:960,24
DA:961,24
DA:962,2483
DA:963,1155
DA:964,2459
DA:965,124
DA:966,124
DA:967,2532
DA:968,2532
DA:969,2532
DA:970,2532
DA:971,2532
DA:972,2532
DA:973,2532
DA:974,1416
DA:975,1416
DA:976,2532
DA:977,86
DA:978,86
DA:979,86
DA:980,2532
DA:981,1050
DA:982,1050
DA:983,1050
DA:984,2532
DA:985,2532
DA:986,2532
DA:987,2532
DA:988,2465
DA:989,2465
DA:990,26
DA:991,26
DA:992,2465
DA:993,4
DA:994,4
DA:995,4
DA:996,2465
DA:997,2532
DA:998,2532
DA:999,2532
DA:1000,2532
DA:1001,2532
DA:1002,2532
DA:1003,2532
DA:1004,2532
DA:1005,2532
DA:1006,2532
DA:1007,2532
DA:1008,2532
DA:1009,2532
DA:1010,2532
DA:1011,2532
DA:1012,2532
DA:1013,0
DA:1014,0
DA:1015,0
DA:1016,0
DA:1017,0
DA:1018,0
DA:1019,0
DA:1020,0
DA:1021,0
DA:1022,0
DA:1023,0
DA:1024,0
DA:1025,2532
DA:1026,2532
DA:1027,2532
DA:1028,2532
DA:1029,2532
DA:1030,2532
DA:1031,2532
DA:1032,2532
DA:1033,2532
DA:1034,2532
DA:1035,2532
DA:1036,2532
DA:1037,0
DA:1038,0
DA:1039,0
DA:1040,0
DA:1041,0
DA:1042,0
DA:1043,0
DA:1044,0
DA:1045,0
DA:1046,0
DA:1047,0
DA:1048,0
DA:1049,0
DA:1050,2532
DA:1051,2532
DA:1052,2532
DA:1053,2532
DA:1054,2532
DA:1055,2532
DA:1056,2532
DA:1057,2532
DA:1058,2532
DA:1059,2532
DA:1060,2532
DA:1061,2532
DA:1062,2527
DA:1063,2527
DA:1064,2527
DA:1065,2527
DA:1066,2527
DA:1067,2532
DA:1068,2532
DA:1069,2532
DA:1070,2532
DA:1071,2532
DA:1072,2532
DA:1073,2532
DA:1074,2532
DA:1075,2532
DA:1076,2532
DA:1077,2532
DA:1078,2532
DA:1079,2532
DA:1080,2532
DA:1081,2532
DA:1082,2532
DA:1083,2532
DA:1084,2532
DA:1085,2532
DA:1086,2532
DA:1087,2532
DA:1088,2532
DA:1089,2532
DA:1090,2532
DA:1091,2532
DA:1092,2532
DA:1093,2532
DA:1094,2532
DA:1095,2532
DA:1096,2532
DA:1097,2532
DA:1098,2532
DA:1099,2532
DA:1100,2532
DA:1101,2532
DA:1102,2532
DA:1103,2532
DA:1104,2532
DA:1105,2532
DA:1106,1026
DA:1107,1026
DA:1108,2532
DA:1109,1506
DA:1110,1506
DA:1111,1506
DA:1112,1506
DA:1113,1506
DA:1114,2532
DA:1115,0
DA:1116,0
DA:1117,0
DA:1118,0
DA:1119,2532
DA:1120,2532
DA:1121,2532
DA:1122,2532
DA:1123,2532
DA:1124,2532
DA:1125,2532
DA:1126,2532
DA:1127,715
DA:1128,2532
DA:1129,2532
DA:1130,2532
DA:1131,2532
DA:1132,2532
DA:1133,2532
DA:1134,2532
DA:1135,2532
DA:1136,2532
DA:1137,2532
DA:1138,2532
DA:1139,2532
DA:1140,2532
DA:1141,2532
DA:1142,2532
DA:1143,2198
DA:1144,2198
DA:1145,2198
DA:1146,2198
DA:1147,2532
DA:1148,2532
DA:1149,2532
DA:1150,2532
DA:1151,2532
DA:1152,2532
DA:1153,2532
DA:1154,2532
DA:1155,2532
DA:1156,2532
DA:1157,2532
DA:1158,2532
DA:1159,2532
DA:1160,2532
DA:1161,2532
DA:1162,2532
DA:1163,2532
DA:1164,2532
DA:1165,0
DA:1166,0
DA:1167,0
DA:1168,0
DA:1169,0
DA:1170,2532
DA:1171,2532
DA:1172,2532
DA:1173,2532
DA:1174,2532
DA:1175,2532
DA:1176,2532
DA:1177,2434
DA:1178,258
DA:1179,253
DA:1180,0
DA:1181,2532
DA:1182,2532
DA:1183,2532
DA:1184,2532
DA:1185,2532
DA:1186,2525
DA:1187,0
DA:1188,2532
DA:1189,2532
DA:1190,2532
DA:1191,2532
DA:1192,2532
DA:1193,2532
DA:1194,2532
DA:1195,2532
DA:1196,2532
DA:1197,2532
DA:1198,2532
DA:1199,2532
DA:1200,2532
DA:1201,2532
DA:1202,0
DA:1203,0
DA:1204,0
DA:1205,0
DA:1206,0
DA:1207,0
DA:1208,0
DA:1209,2532
DA:1210,2532
DA:1211,2532
DA:1212,0
DA:1213,0
DA:1214,0
DA:1215,2532
DA:1216,2532
DA:1217,2532
DA:1218,0
DA:1219,0
DA:1220,0
DA:1221,2532
DA:1222,0
DA:1223,0
DA:1224,0
DA:1225,2532
DA:1226,2532
DA:1227,2532
DA:1228,2532
DA:1229,2532
DA:1230,2532
DA:1231,1777
DA:1232,573
DA:1233,4
DA:1234,0
DA:1235,2532
DA:1236,2532
DA:1237,2532
DA:1238,2532
DA:1239,2532
DA:1240,2532
DA:1241,2532
DA:1242,2532
DA:1243,2532
DA:1244,1072
DA:1245,1072
DA:1246,1072
DA:1247,1072
DA:1248,1072
DA:1249,1072
DA:1250,1072
DA:1251,1072
DA:1252,1072
DA:1253,1072
DA:1254,1072
DA:1255,1072
DA:1256,1072
DA:1257,1072
DA:1258,1072
DA:1259,1072
DA:1260,1072
DA:1261,1072
DA:1262,0
DA:1263,0
DA:1264,1072
DA:1265,45
DA:1266,45
DA:1267,1072
DA:1268,585
DA:1269,585
DA:1270,1027
DA:1271,77
DA:1272,77
DA:1273,442
DA:1274,365
DA:1275,365
DA:1276,365
DA:1277,1072
DA:1278,2532
DA:1279,2532
DA:1280,2532
DA:1281,2532
DA:1282,2532
DA:1283,2532
DA:1284,2532
DA:1285,2532
DA:1286,2532
DA:1287,2532
DA:1288,2532
DA:1289,2532
DA:1290,2532
DA:1291,2532
DA:1292,2532
DA:1293,2532
DA:1294,2532
DA:1295,2532
DA:1296,2532
DA:1297,2532
DA:1298,2532
DA:1299,2532
DA:1300,2532
DA:1301,2532
DA:1302,2532
DA:1303,2532
DA:1304,2532
DA:1305,2532
DA:1306,2532
DA:1307,2532
DA:1308,2532
DA:1309,2532
DA:1310,2532
DA:1311,2532
DA:1312,2532
DA:1313,2532
DA:1314,2532
DA:1315,2480
DA:1316,2480
DA:1317,2480
DA:1318,2480
DA:1319,2480
DA:1320,2532
DA:1321,2532
DA:1322,2532
DA:1323,7440
DA:1324,7440
DA:1325,2532
DA:1326,0
DA:1327,0
DA:1328,0
DA:1329,0
DA:1330,2532
DA:1331,2532
DA:1332,2532
DA:1333,2532
DA:1334,2532
DA:1335,2532
DA:1336,2532
DA:1337,2532
DA:1338,0
DA:1339,0
DA:1340,0
DA:1341,0
DA:1342,0
DA:1343,0
DA:1344,0
DA:1345,0
DA:1346,0
DA:1347,0
DA:1348,0
DA:1349,0
DA:1350,0
DA:1351,0
DA:1352,0
DA:1353,2532
DA:1354,2532
DA:1355,2532
DA:1356,2532
DA:1357,1
DA:1358,1
DA:1359,1
DA:1360,1
DA:1361,1
DA:1362,1
DA:1363,1
DA:1364,1
DA:1365,1
DA:1366,0
DA:1367,0
DA:1368,0
DA:1369,1
DA:1370,0
DA:1371,0
DA:1372,0
DA:1373,0
DA:1374,0
DA:1375,0
DA:1376,1
DA:1377,1
DA:1378,14
DA:1379,14
DA:1380,14
DA:1381,14
DA:1382,13
DA:1383,13
DA:1384,13
DA:1385,13
DA:1386,13
DA:1387,14
DA:1388,0
DA:1389,0
DA:1390,0
DA:1391,0
DA:1392,0
DA:1393,0
DA:1394,0
DA:1395,0
DA:1396,0
DA:1397,13
DA:1398,13
DA:1399,14
DA:1400,0
DA:1401,0
DA:1402,14
DA:1403,0
DA:1404,0
DA:1405,0
DA:1406,13
DA:1407,13
DA:1408,14
DA:1409,0
DA:1410,0
DA:1411,14
DA:1412,0
DA:1413,0
DA:1414,0
DA:1415,13
DA:1416,13
DA:1417,13
DA:1418,13
DA:1419,14
DA:1420,6
DA:1421,6
DA:1422,6
DA:1423,5
DA:1424,5
DA:1425,1
DA:1426,1
DA:1427,1
DA:1428,5
DA:1429,6
DA:1430,12
DA:1431,12
DA:1432,12
DA:1433,14
DA:1434,12
DA:1435,12
DA:1436,12
DA:1437,12
DA:1438,12
DA:1439,12
DA:1440,12
DA:1441,12
DA:1442,12
DA:1443,12
DA:1444,12
DA:1445,14
DA:1446,14
DA:1447,14
LF:1447
LH:1117
BRDA:20,0,0,12
BRDA:21,1,0,11
BRDA:21,2,0,11
BRDA:28,3,0,9
BRDA:30,4,0,1
BRDA:31,5,0,8
BRDA:35,6,0,184
BRDA:36,7,0,8
BRDA:37,8,0,6
BRDA:38,9,0,1
BRDA:38,10,0,1
BRDA:41,11,0,7
BRDA:44,12,0,161
BRDA:45,13,0,7
BRDA:46,14,0,2
BRDA:47,15,0,1
BRDA:47,16,0,1
BRDA:50,17,0,6
BRDA:52,18,0,6
BRDA:52,19,0,6
BRDA:55,20,0,0
BRDA:55,21,0,0
BRDA:55,22,0,0
BRDA:58,23,0,0
BRDA:58,24,0,0
BRDA:58,25,0,0
BRDA:66,26,0,7
BRDA:68,27,0,1
BRDA:69,28,0,6
BRDA:80,29,0,1
BRDA:80,30,0,1
BRDA:80,31,0,0
BRDA:80,32,0,0
BRDA:94,33,0,5
BRDA:94,34,0,4
BRDA:94,35,0,4
BRDA:98,36,0,2
BRDA:104,37,0,1
BRDA:104,38,0,1
BRDA:104,39,0,1
BRDA:104,40,0,1
BRDA:104,41,0,1
BRDA:108,42,0,1
BRDA:76,43,0,120
BRDA:77,44,0,90
BRDA:78,45,0,60
BRDA:88,46,0,180
BRDA:89,47,0,180
BRDA:91,48,0,180
BRDA:112,49,0,8
BRDA:114,50,0,1
BRDA:115,51,0,7
BRDA:117,52,0,6
BRDA:122,53,0,0
BRDA:122,54,0,0
BRDA:122,55,0,0
BRDA:125,56,0,0
BRDA:125,57,0,0
BRDA:130,58,0,7
BRDA:132,59,0,1
BRDA:132,60,0,1
BRDA:133,61,0,0
BRDA:134,62,0,0
BRDA:136,63,0,6
BRDA:140,64,0,10
BRDA:142,65,0,8
BRDA:144,66,0,8
BRDA:148,67,0,2
BRDA:148,68,0,1
BRDA:148,69,0,1
BRDA:148,70,0,1
BRDA:150,71,0,1
BRDA:154,72,0,8
BRDA:156,73,0,8
BRDA:160,74,0,5
BRDA:160,75,0,1
BRDA:160,76,0,1
BRDA:160,77,0,1
BRDA:162,78,0,1
BRDA:171,79,0,5
BRDA:174,80,0,3
BRDA:181,81,0,0
BRDA:182,82,0,0
BRDA:185,83,0,0
BRDA:190,84,0,0
BRDA:193,85,0,4
BRDA:196,86,0,0
BRDA:201,87,0,0
BRDA:213,88,0,4
BRDA:213,89,0,0
BRDA:213,90,0,0
BRDA:218,91,0,0
BRDA:203,92,0,9
BRDA:204,93,0,9
BRDA:208,94,0,9
BRDA:236,95,0,4
BRDA:243,96,0,3
BRDA:243,97,0,2
BRDA:243,98,0,2
BRDA:243,99,0,1
BRDA:244,100,0,3
BRDA:323,101,0,2536
BRDA:330,102,0,1353
BRDA:333,103,0,2534
BRDA:333,104,0,29
BRDA:333,105,0,29
BRDA:333,106,0,29
BRDA:335,107,0,9
BRDA:342,108,0,2134
BRDA:342,109,0,1827
BRDA:342,110,0,657
BRDA:343,111,0,113
BRDA:346,112,0,131
BRDA:346,113,0,1
BRDA:348,114,0,1076
BRDA:348,115,0,978
BRDA:348,116,0,978
BRDA:348,117,0,892
BRDA:349,118,0,19
BRDA:351,119,0,19
BRDA:351,120,0,17
BRDA:353,121,0,0
BRDA:358,122,0,50720
BRDA:361,123,0,50720
BRDA:361,124,0,16652
BRDA:362,125,0,2387
BRDA:362,126,0,1970
BRDA:367,127,0,346
BRDA:368,128,0,65
BRDA:334,129,0,37
BRDA:334,130,0,29
BRDA:375,131,0,2532
BRDA:379,132,0,0
BRDA:380,133,0,0
BRDA:381,134,0,0
BRDA:392,135,0,1822
BRDA:392,136,0,710
BRDA:393,137,0,1072
BRDA:393,138,0,988
BRDA:393,139,0,84
BRDA:394,140,0,1072
BRDA:394,141,0,974
BRDA:394,142,0,98
BRDA:395,143,0,17
BRDA:395,144,0,15
BRDA:395,145,0,2
BRDA:400,146,0,20
BRDA:401,147,0,2512
BRDA:401,148,0,31
BRDA:402,149,0,2481
BRDA:402,150,0,218
BRDA:403,151,0,2263
BRDA:403,152,0,517
BRDA:404,153,0,0
BRDA:408,154,0,1746
BRDA:408,155,0,424
BRDA:409,156,0,0
BRDA:413,157,0,1322
BRDA:417,158,0,451
BRDA:418,159,0,225
BRDA:421,160,0,226
BRDA:428,161,0,1862
BRDA:428,162,0,1784
BRDA:431,163,0,0
BRDA:432,164,0,0
BRDA:434,165,0,435
BRDA:434,166,0,359
BRDA:435,167,0,1425
BRDA:435,168,0,595
BRDA:435,169,0,494
BRDA:437,170,0,1745
BRDA:437,171,0,1058
BRDA:437,172,0,171
BRDA:437,173,0,126
BRDA:438,174,0,1658
BRDA:439,175,0,1619
BRDA:439,176,0,1060
BRDA:439,177,0,167
BRDA:439,178,0,104
BRDA:443,179,0,2130
BRDA:443,180,0,1706
BRDA:444,181,0,812
BRDA:445,182,0,894
BRDA:447,183,0,812
BRDA:447,184,0,802
BRDA:447,185,0,469
BRDA:448,186,0,894
BRDA:448,187,0,865
BRDA:448,188,0,428
BRDA:454,189,0,190
BRDA:454,190,0,22
BRDA:455,191,0,1684
BRDA:455,192,0,1516
BRDA:455,193,0,15
BRDA:463,194,0,1600
BRDA:464,195,0,496
BRDA:465,196,0,2036
BRDA:465,197,0,1109
BRDA:466,198,0,0
BRDA:474,199,0,0
BRDA:475,200,0,0
BRDA:476,201,0,59
BRDA:477,202,0,2473
BRDA:477,203,0,3
BRDA:480,204,0,26
BRDA:480,205,0,0
BRDA:487,206,0,69
BRDA:488,207,0,2463
BRDA:488,208,0,332
BRDA:489,209,0,0
BRDA:493,210,0,2131
BRDA:493,211,0,181
BRDA:494,212,0,1950
BRDA:494,213,0,287
BRDA:496,214,0,65
BRDA:497,215,0,2467
BRDA:497,216,0,346
BRDA:498,217,0,2121
BRDA:498,218,0,1472
BRDA:499,219,0,1822
BRDA:500,220,0,710
BRDA:504,221,0,4
BRDA:505,222,0,2528
BRDA:505,223,0,34
BRDA:506,224,0,2494
BRDA:506,225,0,394
BRDA:507,226,0,2100
BRDA:507,227,0,323
BRDA:513,228,0,130
BRDA:513,229,0,20
BRDA:513,230,0,13
BRDA:517,231,0,85
BRDA:517,232,0,78
BRDA:517,233,0,73
BRDA:524,234,0,97
BRDA:525,235,0,6
BRDA:526,236,0,91
BRDA:526,237,0,44
BRDA:527,238,0,47
BRDA:527,239,0,43
BRDA:528,240,0,4
BRDA:532,241,0,19
BRDA:533,242,0,17
BRDA:533,243,0,2
BRDA:538,244,0,80
BRDA:539,245,0,0
BRDA:540,246,0,0
BRDA:544,247,0,0
BRDA:551,248,0,469
BRDA:552,249,0,0
BRDA:561,250,0,18
BRDA:562,251,0,2514
BRDA:562,252,0,0
BRDA:563,253,0,309
BRDA:564,254,0,2205
BRDA:564,255,0,0
BRDA:568,256,0,1929
BRDA:569,257,0,1929
BRDA:570,258,0,1929
BRDA:571,259,0,1026
BRDA:571,260,0,893
BRDA:572,261,0,1036
BRDA:572,262,0,133
BRDA:572,263,0,133
BRDA:573,264,0,903
BRDA:573,265,0,517
BRDA:574,266,0,386
BRDA:579,267,0,151
BRDA:580,268,0,101
BRDA:581,269,0,50
BRDA:582,270,0,2381
BRDA:582,271,0,63
BRDA:591,272,0,23377
BRDA:595,273,0,4693
BRDA:596,274,0,18684
BRDA:596,275,0,3634
BRDA:597,276,0,15050
BRDA:597,277,0,2640
BRDA:598,278,0,12410
BRDA:598,279,0,0
BRDA:599,280,0,3268
BRDA:600,281,0,9142
BRDA:600,282,0,1534
BRDA:601,283,0,7608
BRDA:601,284,0,4991
BRDA:602,285,0,2617
BRDA:602,286,0,2380
BRDA:603,287,0,237
BRDA:603,288,0,151
BRDA:604,289,0,86
BRDA:605,290,0,0
BRDA:611,291,0,12207
BRDA:612,292,0,11170
BRDA:612,293,0,6855
BRDA:616,294,0,78
BRDA:616,295,0,23
BRDA:617,296,0,2509
BRDA:617,297,0,668
BRDA:617,298,0,307
BRDA:618,299,0,2202
BRDA:618,300,0,0
BRDA:618,301,0,0
BRDA:619,302,0,13
BRDA:619,303,0,13
BRDA:622,304,0,0
BRDA:623,305,0,3870
BRDA:623,306,0,3524
BRDA:623,307,0,346
BRDA:623,308,0,0
BRDA:627,309,0,932
BRDA:627,310,0,932
BRDA:628,311,0,1600
BRDA:628,312,0,1018
BRDA:628,313,0,1018
BRDA:632,314,0,1026
BRDA:633,315,0,517
BRDA:634,316,0,365
BRDA:635,317,0,6
BRDA:636,318,0,0
BRDA:638,319,0,1026
BRDA:639,320,0,888
BRDA:639,321,0,387
BRDA:639,322,0,363
BRDA:650,323,0,845
BRDA:650,324,0,548
BRDA:650,325,0,459
BRDA:654,326,0,321
BRDA:654,327,0,34
BRDA:665,328,0,398
BRDA:665,329,0,0
BRDA:668,330,0,143
BRDA:668,331,0,0
BRDA:675,332,0,10
BRDA:679,333,0,0
BRDA:685,334,0,620
BRDA:685,335,0,1
BRDA:697,336,0,902
BRDA:697,337,0,0
BRDA:700,338,0,902
BRDA:700,339,0,0
BRDA:703,340,0,646
BRDA:703,341,0,0
BRDA:707,342,0,902
BRDA:707,343,0,42
BRDA:718,344,0,766
BRDA:718,345,0,684
BRDA:718,346,0,394
BRDA:721,347,0,2138
BRDA:722,348,0,1766
BRDA:722,349,0,1033
BRDA:722,350,0,14
BRDA:734,351,0,1283
BRDA:736,352,0,714
BRDA:736,353,0,44
BRDA:736,354,0,23
BRDA:742,355,0,2407
BRDA:744,356,0,1093
BRDA:744,357,0,207
BRDA:744,358,0,45
BRDA:754,359,0,0
BRDA:850,360,0,0
BRDA:850,361,0,0
BRDA:865,362,0,3
BRDA:866,363,0,2
BRDA:866,364,0,1
BRDA:869,365,0,0
BRDA:876,366,0,0
BRDA:890,367,0,32
BRDA:893,368,0,2500
BRDA:893,369,0,24
BRDA:898,370,0,42
BRDA:901,371,0,2490
BRDA:901,372,0,12
BRDA:906,373,0,828
BRDA:906,374,0,786
BRDA:909,375,0,1746
BRDA:909,376,0,55
BRDA:909,377,0,43
BRDA:914,378,0,2
BRDA:917,379,0,2530
BRDA:917,380,0,3
BRDA:926,381,0,47
BRDA:929,382,0,2485
BRDA:929,383,0,21
BRDA:932,384,0,2464
BRDA:932,385,0,1819
BRDA:932,386,0,1819
BRDA:934,387,0,0
BRDA:935,388,0,645
BRDA:937,389,0,0
BRDA:944,390,0,317
BRDA:947,391,0,2215
BRDA:947,392,0,1077
BRDA:956,393,0,49
BRDA:959,394,0,2483
BRDA:959,395,0,24
BRDA:962,396,0,2459
BRDA:962,397,0,1789
BRDA:962,398,0,1155
BRDA:964,399,0,1304
BRDA:964,400,0,634
BRDA:964,401,0,124
BRDA:973,402,0,1416
BRDA:976,403,0,86
BRDA:976,404,0,86
BRDA:980,405,0,1050
BRDA:980,406,0,1050
BRDA:987,407,0,2465
BRDA:989,408,0,244
BRDA:989,409,0,26
BRDA:992,410,0,2439
BRDA:992,411,0,21
BRDA:992,412,0,4
BRDA:1010,413,0,394
BRDA:1010,414,0,2138
BRDA:1010,415,0,14
BRDA:1010,416,0,2124
BRDA:1012,417,0,0
BRDA:1025,418,0,0
BRDA:1033,419,0,1930
BRDA:1033,420,0,602
BRDA:1036,421,0,0
BRDA:1051,422,0,2467
BRDA:1051,423,0,2083
BRDA:1052,424,0,2186
BRDA:1052,425,0,1940
BRDA:1059,426,0,0
BRDA:1059,427,0,0
BRDA:1059,428,0,0
BRDA:1059,429,0,0
BRDA:1061,430,0,85
BRDA:1061,431,0,5
BRDA:1061,432,0,5
BRDA:1062,433,0,2527
BRDA:1063,434,0,0
BRDA:1063,435,0,0
BRDA:1063,436,0,0
BRDA:1063,437,0,0
BRDA:1065,438,0,0
BRDA:1065,439,0,0
BRDA:1071,440,0,0
BRDA:1074,441,0,1770
BRDA:1075,442,0,895
BRDA:1076,443,0,869
BRDA:1077,444,0,98
BRDA:1085,445,0,0
BRDA:1088,446,0,0
BRDA:1090,447,0,1026
BRDA:1090,448,0,1506
BRDA:1091,449,0,0
BRDA:1092,450,0,1770
BRDA:1092,451,0,762
BRDA:1093,452,0,0
BRDA:1095,453,0,0
BRDA:1096,454,0,174
BRDA:1096,455,0,2358
BRDA:1096,456,0,0
BRDA:1099,457,0,1026
BRDA:1099,458,0,1506
BRDA:1099,459,0,0
BRDA:1105,460,0,1026
BRDA:1108,461,0,1506
BRDA:1110,462,0,956
BRDA:1110,463,0,922
BRDA:1111,464,0,584
BRDA:1112,465,0,0
BRDA:1114,466,0,0
BRDA:1120,467,0,0
BRDA:1122,468,0,1562
BRDA:1126,469,0,2527
BRDA:1126,470,0,2527
BRDA:1126,471,0,1817
BRDA:1127,472,0,715
BRDA:1127,473,0,710
BRDA:1127,474,0,308
BRDA:1133,475,0,869
BRDA:1133,476,0,864
BRDA:1137,477,0,1026
BRDA:1137,478,0,1506
BRDA:1142,479,0,2198
BRDA:1143,480,0,110
BRDA:1144,481,0,0
BRDA:1145,482,0,2190
BRDA:1150,483,0,2049
BRDA:1151,484,0,1062
BRDA:1164,485,0,0
BRDA:1171,486,0,1019
BRDA:1172,487,0,0
BRDA:1176,488,0,98
BRDA:1176,489,0,98
BRDA:1177,490,0,2434
BRDA:1177,491,0,2176
BRDA:1178,492,0,258
BRDA:1178,493,0,5
BRDA:1179,494,0,253
BRDA:1180,495,0,0
BRDA:1184,496,0,0
BRDA:1184,497,0,0
BRDA:1185,498,0,7
BRDA:1186,499,0,2525
BRDA:1187,500,0,0
BRDA:1189,501,0,115
BRDA:1190,502,0,2274
BRDA:1194,503,0,1902
BRDA:1194,504,0,630
BRDA:1195,505,0,1902
BRDA:1195,506,0,630
BRDA:1196,507,0,726
BRDA:1196,508,0,1806
BRDA:1196,509,0,320
BRDA:1196,510,0,1486
BRDA:1196,511,0,608
BRDA:1196,512,0,878
BRDA:1200,513,0,0
BRDA:1200,514,0,0
BRDA:1201,515,0,799
BRDA:1201,516,0,0
BRDA:1211,517,0,5
BRDA:1211,518,0,0
BRDA:1211,519,0,0
BRDA:1217,520,0,5
BRDA:1217,521,0,0
BRDA:1221,522,0,0
BRDA:1221,523,0,0
BRDA:1230,524,0,755
BRDA:1231,525,0,1777
BRDA:1231,526,0,1204
BRDA:1232,527,0,573
BRDA:1232,528,0,569
BRDA:1233,529,0,4
BRDA:1234,530,0,0
BRDA:1241,531,0,2515
BRDA:1241,532,0,2265
BRDA:1242,533,0,17
BRDA:1242,534,0,2515
BRDA:1242,535,0,250
BRDA:1242,536,0,2265
BRDA:1243,537,0,1072
BRDA:1243,538,0,1072
BRDA:1247,539,0,317
BRDA:1248,540,0,755
BRDA:1249,541,0,988
BRDA:1250,542,0,1064
BRDA:1251,543,0,1064
BRDA:1257,544,0,1063
BRDA:1258,545,0,792
BRDA:1261,546,0,0
BRDA:1264,547,0,106
BRDA:1264,548,0,45
BRDA:1267,549,0,1027
BRDA:1267,550,0,585
BRDA:1270,551,0,442
BRDA:1270,552,0,77
BRDA:1273,553,0,365
BRDA:1283,554,0,25320
BRDA:1296,555,0,0
BRDA:1297,556,0,1072
BRDA:1297,557,0,1460
BRDA:1298,558,0,0
BRDA:1314,559,0,2480
BRDA:1314,560,0,2480
BRDA:1322,561,0,7440
BRDA:1325,562,0,0
BRDA:1337,563,0,0
BRDA:1337,564,0,0
BRDA:647,565,0,12660
BRDA:648,566,0,12660
BRDA:695,567,0,6466
BRDA:695,568,0,3934
BRDA:696,569,0,6201
BRDA:696,570,0,3669
BRDA:733,571,0,5862
BRDA:733,572,0,797
BRDA:741,573,0,5862
BRDA:741,574,0,1546
BRDA:1072,575,0,5862
BRDA:1072,576,0,3788
BRDA:1072,577,0,1127
BRDA:1073,578,0,5862
BRDA:1073,579,0,2074
BRDA:1073,580,0,127
BRDA:1087,581,0,25320
BRDA:1102,582,0,12660
BRDA:1102,583,0,11523
BRDA:1102,584,0,11117
BRDA:1159,585,0,11339
BRDA:1162,586,0,10469
BRDA:1163,587,0,10469
BRDA:1284,588,0,25320
BRDA:1377,589,0,14
BRDA:1381,590,0,1
BRDA:1382,591,0,13
BRDA:1387,592,0,0
BRDA:1387,593,0,0
BRDA:1397,594,0,13
BRDA:1399,595,0,0
BRDA:1402,596,0,13
BRDA:1402,597,0,0
BRDA:1408,598,0,0
BRDA:1411,599,0,13
BRDA:1411,600,0,0
BRDA:1419,601,0,6
BRDA:1422,602,0,5
BRDA:1424,603,0,1
BRDA:1430,604,0,12
BRDA:1433,605,0,1
BRDA:1434,606,0,12
BRDA:1445,607,0,0
BRDA:1445,608,0,0
BRDA:1445,609,0,12
BRF:610
BRH:493
end_of_record
